        -:    0:Source:C:/Archivos/Facultad/Algoritmos I/Laboratorios/Labo08/main.cpp
        -:    0:Graph:C:\Archivos\Facultad\Algoritmos I\Laboratorios\Labo08\cmake-build-debug-coverage\CMakeFiles\labo08.dir\main.cpp.gcno
        -:    0:Data:C:\Archivos\Facultad\Algoritmos I\Laboratorios\Labo08\cmake-build-debug-coverage\CMakeFiles\labo08.dir\main.cpp.gcda
        -:    0:Runs:1
        -:    1:#include <iostream>
        -:    2:#include "ejercicios.h"
        -:    3:#include "cases.h"
        -:    4:
        -:    5:using namespace std;
        -:    6:
function main called 1 returned 100% blocks executed 83%
        1:    7:int main()
        -:    8:{
        1:    9:    int exitos = 0;
        1:   10:    int total = 0;
        -:   11:       
        1:   12:    cout << endl << "=====Tests Ejercicio 1=====" << endl;
        1:   12-block  0
call    0 returned 1
call    1 returned 1
call    2 returned 1
       1*:   13:    exitos += productoVectorialTest_test1() ? 1 : 0;
call    0 returned 1
branch  1 taken 1 (fallthrough)
branch  2 taken 0
        1:   13-block  0
    %%%%%:   13-block  1
       1*:   14:    exitos += productoVectorialTest_test2() ? 1 : 0;
        1:   14-block  0
call    0 returned 1
branch  1 taken 1 (fallthrough)
branch  2 taken 0
        1:   14-block  1
    %%%%%:   14-block  2
       1*:   15:    exitos += productoVectorialTest_test3() ? 1 : 0;
        1:   15-block  0
call    0 returned 1
branch  1 taken 1 (fallthrough)
branch  2 taken 0
        1:   15-block  1
    %%%%%:   15-block  2
        1:   16:    cout <<"Correctos:" << exitos << endl;
        1:   16-block  0
call    0 returned 1
call    1 returned 1
call    2 returned 1
        1:   17:    total += exitos;
        -:   18:    
        1:   19:    exitos = 0;
        1:   20:    cout << endl << "=====Tests Ejercicio 2=====" << endl;
call    0 returned 1
call    1 returned 1
call    2 returned 1
       1*:   21:    exitos += trasponerTest_test1() ? 1 : 0;
call    0 returned 1
branch  1 taken 1 (fallthrough)
branch  2 taken 0
        1:   21-block  0
    %%%%%:   21-block  1
       1*:   22:    exitos += trasponerTest_test2() ? 1 : 0;
        1:   22-block  0
call    0 returned 1
branch  1 taken 1 (fallthrough)
branch  2 taken 0
        1:   22-block  1
    %%%%%:   22-block  2
       1*:   23:    exitos += trasponerTest_test3() ? 1 : 0;
        1:   23-block  0
call    0 returned 1
branch  1 taken 1 (fallthrough)
branch  2 taken 0
        1:   23-block  1
    %%%%%:   23-block  2
        1:   24:    cout << "Correctos:" << exitos << endl;
        1:   24-block  0
call    0 returned 1
call    1 returned 1
call    2 returned 1
        1:   25:    total += exitos;
        -:   26:    
        1:   27:    exitos = 0;
        1:   28:    cout << endl << "=====Tests Ejercicio 3=====" << endl;
call    0 returned 1
call    1 returned 1
call    2 returned 1
       1*:   29:    exitos += multiplicarTest_test1() ? 1 : 0;
call    0 returned 1
branch  1 taken 1 (fallthrough)
branch  2 taken 0
        1:   29-block  0
    %%%%%:   29-block  1
       1*:   30:    exitos += multiplicarTest_test2() ? 1 : 0;
        1:   30-block  0
call    0 returned 1
branch  1 taken 1 (fallthrough)
branch  2 taken 0
        1:   30-block  1
    %%%%%:   30-block  2
        1:   31:    cout << "Correctos:" << exitos << endl;
        1:   31-block  0
call    0 returned 1
call    1 returned 1
call    2 returned 1
        1:   32:    total += exitos;
        -:   33:
        1:   34:    exitos = 0;
        1:   35:    cout << endl << "=====Tests Ejercicio 4=====" << endl;
call    0 returned 1
call    1 returned 1
call    2 returned 1
       1*:   36:    exitos += promediarTest_test1() ? 1 : 0;
call    0 returned 1
branch  1 taken 1 (fallthrough)
branch  2 taken 0
        1:   36-block  0
    %%%%%:   36-block  1
       1*:   37:    exitos += promediarTest_test2() ? 1 : 0;
        1:   37-block  0
call    0 returned 1
branch  1 taken 1 (fallthrough)
branch  2 taken 0
        1:   37-block  1
    %%%%%:   37-block  2
        1:   38:    cout << "Correctos:" << exitos << endl;
        1:   38-block  0
call    0 returned 1
call    1 returned 1
call    2 returned 1
        1:   39:    total += exitos;
        -:   40:
        1:   41:    exitos = 0;
        1:   42:    cout << endl << "=====Tests Ejercicio 5=====" << endl;
call    0 returned 1
call    1 returned 1
call    2 returned 1
       1*:   43:    exitos += contarPicosTest_test1() ? 1 : 0;
call    0 returned 1
branch  1 taken 1 (fallthrough)
branch  2 taken 0
        1:   43-block  0
    %%%%%:   43-block  1
       1*:   44:    exitos += contarPicosTest_test2() ? 1 : 0;
        1:   44-block  0
call    0 returned 1
branch  1 taken 1 (fallthrough)
branch  2 taken 0
        1:   44-block  1
    %%%%%:   44-block  2
        1:   45:    cout << "Correctos:" << exitos << endl;
        1:   45-block  0
call    0 returned 1
call    1 returned 1
call    2 returned 1
        1:   46:    total += exitos;
        -:   47:
        1:   48:    exitos = 0;
        1:   49:    cout << endl << "=====Tests Ejercicio 6=====" << endl;
call    0 returned 1
call    1 returned 1
call    2 returned 1
       1*:   50:    exitos += esTriangularTest_test1() ? 1 : 0;
call    0 returned 1
branch  1 taken 1 (fallthrough)
branch  2 taken 0
        1:   50-block  0
    %%%%%:   50-block  1
       1*:   51:    exitos += esTriangularTest_test2() ? 1 : 0;
        1:   51-block  0
call    0 returned 1
branch  1 taken 1 (fallthrough)
branch  2 taken 0
        1:   51-block  1
    %%%%%:   51-block  2
       1*:   52:    exitos += esTriangularTest_test3() ? 1 : 0;
        1:   52-block  0
call    0 returned 1
branch  1 taken 1 (fallthrough)
branch  2 taken 0
        1:   52-block  1
    %%%%%:   52-block  2
       1*:   53:    exitos += esTriangularTest_test4() ? 1 : 0;
        1:   53-block  0
call    0 returned 1
branch  1 taken 1 (fallthrough)
branch  2 taken 0
        1:   53-block  1
    %%%%%:   53-block  2
       1*:   54:    exitos += esTriangularTest_test5() ? 1 : 0;
        1:   54-block  0
call    0 returned 1
branch  1 taken 1 (fallthrough)
branch  2 taken 0
        1:   54-block  1
    %%%%%:   54-block  2
        1:   55:    cout << "Correctos:" << exitos << endl;
        1:   55-block  0
call    0 returned 1
call    1 returned 1
call    2 returned 1
        1:   56:    total += exitos;
        -:   57:    
        1:   58:    exitos = 0;
        1:   59:    cout << endl << "=====Tests Ejercicio 7=====" << endl;
call    0 returned 1
call    1 returned 1
call    2 returned 1
       1*:   60:    exitos += hayAmenazaTest_test1() ? 1 : 0;
call    0 returned 1
branch  1 taken 1 (fallthrough)
branch  2 taken 0
        1:   60-block  0
    %%%%%:   60-block  1
       1*:   61:    exitos += hayAmenazaTest_test2() ? 1 : 0;
        1:   61-block  0
call    0 returned 1
branch  1 taken 1 (fallthrough)
branch  2 taken 0
        1:   61-block  1
    %%%%%:   61-block  2
       1*:   62:    exitos += hayAmenazaTest_test3() ? 1 : 0;
        1:   62-block  0
call    0 returned 1
branch  1 taken 1 (fallthrough)
branch  2 taken 0
        1:   62-block  1
    %%%%%:   62-block  2
       1*:   63:    exitos += hayAmenazaTest_test4() ? 1 : 0;
        1:   63-block  0
call    0 returned 1
branch  1 taken 1 (fallthrough)
branch  2 taken 0
        1:   63-block  1
    %%%%%:   63-block  2
       1*:   64:    exitos += hayAmenazaTest_test5() ? 1 : 0;
        1:   64-block  0
call    0 returned 1
branch  1 taken 1 (fallthrough)
branch  2 taken 0
        1:   64-block  1
    %%%%%:   64-block  2
        1:   65:    cout << "Correctos:" << exitos << endl;
        1:   65-block  0
call    0 returned 1
call    1 returned 1
call    2 returned 1
        1:   66:    total += exitos;
        -:   67:    
        1:   68:    exitos = 0;
        1:   69:    cout << endl << "=====Tests Ejercicio 8=====" << endl;
call    0 returned 1
call    1 returned 1
call    2 returned 1
       1*:   70:    exitos += diferenciaDiagonalesTest_test1() ? 1 : 0;
call    0 returned 1
branch  1 taken 1 (fallthrough)
branch  2 taken 0
        1:   70-block  0
    %%%%%:   70-block  1
       1*:   71:    exitos += diferenciaDiagonalesTest_test2() ? 1 : 0;
        1:   71-block  0
call    0 returned 1
branch  1 taken 1 (fallthrough)
branch  2 taken 0
        1:   71-block  1
    %%%%%:   71-block  2
       1*:   72:    exitos += diferenciaDiagonalesTest_test3() ? 1 : 0;
        1:   72-block  0
call    0 returned 1
branch  1 taken 1 (fallthrough)
branch  2 taken 0
        1:   72-block  1
    %%%%%:   72-block  2
       1*:   73:    exitos += diferenciaDiagonalesTest_test4() ? 1 : 0;
        1:   73-block  0
call    0 returned 1
branch  1 taken 1 (fallthrough)
branch  2 taken 0
        1:   73-block  1
    %%%%%:   73-block  2
       1*:   74:    exitos += diferenciaDiagonalesTest_test5() ? 1 : 0;
        1:   74-block  0
call    0 returned 1
branch  1 taken 1 (fallthrough)
branch  2 taken 0
        1:   74-block  1
    %%%%%:   74-block  2
       1*:   75:    exitos += diferenciaDiagonalesTest_test6() ? 1 : 0;
        1:   75-block  0
call    0 returned 1
branch  1 taken 1 (fallthrough)
branch  2 taken 0
        1:   75-block  1
    %%%%%:   75-block  2
        1:   76:    cout << "Correctos:" << exitos << endl;
        1:   76-block  0
call    0 returned 1
call    1 returned 1
call    2 returned 1
        1:   77:    total += exitos;
        -:   78:
        1:   79:    cout << " " << "\n";
call    0 returned 1
call    1 returned 1
        -:   80:
        1:   81:    cout << "# Ejercicios incorrectos: " << 28 - total << endl;
call    0 returned 1
call    1 returned 1
call    2 returned 1
        -:   82:
        1:   83:     cout << " " << "\n";
call    0 returned 1
call    1 returned 1
        -:   84:    
        1:   85:}
        -:   86:
