        -:    0:Source:C:/Users/Octav/Desktop/Labo09/template_alumnos/main.cpp
        -:    0:Graph:C:\Users\Octav\Desktop\Labo09\template_alumnos\cmake-build-debug-coverage\CMakeFiles\strings.dir\main.cpp.gcno
        -:    0:Data:C:\Users\Octav\Desktop\Labo09\template_alumnos\cmake-build-debug-coverage\CMakeFiles\strings.dir\main.cpp.gcda
        -:    0:Runs:1
        -:    1:#include "gtest/gtest.h"
        -:    2:
function main called 1 returned 100% blocks executed 100%
        1:    3:int main(int argc, char **argv){
        1:    4:	::testing::InitGoogleTest(&argc, argv);
        1:    4-block  0
call    0 returned 1
        1:    5:	return RUN_ALL_TESTS();
call    0 returned 1
        -:    6:}
