        -:    0:Source:C:/Users/Octav/Desktop/Labo09/template_alumnos/tests/risasTEST.cpp
        -:    0:Graph:C:\Users\Octav\Desktop\Labo09\template_alumnos\cmake-build-debug-coverage\CMakeFiles\strings.dir\tests\risasTEST.cpp.gcno
        -:    0:Data:C:\Users\Octav\Desktop\Labo09\template_alumnos\cmake-build-debug-coverage\CMakeFiles\strings.dir\tests\risasTEST.cpp.gcda
        -:    0:Runs:1
        -:    1:
        -:    2:#include "gtest/gtest.h"
        -:    3:#include <iostream>
        -:    4:#include <string>
        -:    5:#include "../src/risas.h"
        -:    6:
        -:    7:using namespace std;
        -:    8:
        -:    9:#define test(i,s) TEST(risasTEST, s){stringstream sin; sin << "risas/" << i; string filename = sin.str(); vector<char> vdata = leerDatos(filename); int actual = risaMasLarga(vdata); int expected = leerLargoReal(filename + ".a"); EXPECT_EQ(actual, expected);}
        -:   10:
        3:   11:test("01",risas01);
------------------
_ZN22risasTEST_risas01_Test8TestBodyEv:
function _ZN22risasTEST_risas01_Test8TestBodyEv called 1 returned 100% blocks executed 55%
        2:   11:test("01",risas01);
        1:   11-block  0
call    0 returned 1
branch  1 taken 1 (fallthrough)
branch  2 taken 0 (throw)
        1:   11-block  1
call    3 returned 1
branch  4 taken 1 (fallthrough)
branch  5 taken 0 (throw)
        1:   11-block  2
call    6 returned 1
branch  7 taken 1 (fallthrough)
branch  8 taken 0 (throw)
        1:   11-block  3
call    9 returned 1
branch 10 taken 1 (fallthrough)
branch 11 taken 0 (throw)
        1:   11-block  4
call   12 returned 1
branch 13 taken 1 (fallthrough)
branch 14 taken 0 (throw)
        1:   11-block  5
call   15 returned 1
branch 16 taken 1 (fallthrough)
branch 17 taken 0 (throw)
call   18 returned 1
branch 19 taken 1 (fallthrough)
branch 20 taken 0 (throw)
        1:   11-block  6
call   21 returned 1
branch 22 taken 1 (fallthrough)
branch 23 taken 0 (throw)
        1:   11-block  7
call   24 returned 1
call   25 returned 1
branch 26 taken 1 (fallthrough)
branch 27 taken 0 (throw)
        1:   11-block  8
call   28 returned 1
branch 29 taken 1 (fallthrough)
branch 30 taken 0 (throw)
        1:   11-block  9
call   31 returned 1
call   32 returned 1
branch 33 taken 1 (fallthrough)
branch 34 taken 0 (throw)
        1:   11-block 10
call   35 returned 1
branch 36 taken 1 (fallthrough)
branch 37 taken 0
        1:   11-block 11
call   38 returned 1
branch 39 taken 1 (fallthrough)
branch 40 taken 0 (throw)
        1:   11-block 12
call   41 returned 1
branch 42 taken 1 (fallthrough)
branch 43 taken 0 (throw)
        1:   11-block 13
call   44 returned 1
branch 45 taken 1 (fallthrough)
branch 46 taken 0 (throw)
        1:   11-block 14
call   47 returned 1
branch 48 taken 1 (fallthrough)
branch 49 taken 0 (throw)
        1:   11-block 15
call   50 returned 1
call   51 returned 1
        1:   11-block 16
call   52 returned 1
call   53 returned 1
call   54 returned 1
call   55 returned 1
    $$$$$:   11-block 17
    $$$$$:   11-block 18
call   56 never executed
    $$$$$:   11-block 19
    $$$$$:   11-block 20
call   57 never executed
    $$$$$:   11-block 21
    $$$$$:   11-block 22
call   58 never executed
    $$$$$:   11-block 23
    $$$$$:   11-block 24
call   59 never executed
    $$$$$:   11-block 25
    $$$$$:   11-block 26
call   60 never executed
    $$$$$:   11-block 27
call   61 never executed
    $$$$$:   11-block 28
call   62 never executed
    $$$$$:   11-block 29
call   63 never executed
------------------
_ZN22risasTEST_risas01_TestC1Ev:
function _ZN22risasTEST_risas01_TestC1Ev called 1 returned 100% blocks executed 100%
        1:   11:test("01",risas01);
        1:   11-block  0
call    0 returned 1
------------------
        3:   12:test("02",risas02);
------------------
_ZN22risasTEST_risas02_Test8TestBodyEv:
function _ZN22risasTEST_risas02_Test8TestBodyEv called 1 returned 100% blocks executed 55%
        2:   12:test("02",risas02);
        1:   12-block  0
call    0 returned 1
branch  1 taken 1 (fallthrough)
branch  2 taken 0 (throw)
        1:   12-block  1
call    3 returned 1
branch  4 taken 1 (fallthrough)
branch  5 taken 0 (throw)
        1:   12-block  2
call    6 returned 1
branch  7 taken 1 (fallthrough)
branch  8 taken 0 (throw)
        1:   12-block  3
call    9 returned 1
branch 10 taken 1 (fallthrough)
branch 11 taken 0 (throw)
        1:   12-block  4
call   12 returned 1
branch 13 taken 1 (fallthrough)
branch 14 taken 0 (throw)
        1:   12-block  5
call   15 returned 1
branch 16 taken 1 (fallthrough)
branch 17 taken 0 (throw)
call   18 returned 1
branch 19 taken 1 (fallthrough)
branch 20 taken 0 (throw)
        1:   12-block  6
call   21 returned 1
branch 22 taken 1 (fallthrough)
branch 23 taken 0 (throw)
        1:   12-block  7
call   24 returned 1
call   25 returned 1
branch 26 taken 1 (fallthrough)
branch 27 taken 0 (throw)
        1:   12-block  8
call   28 returned 1
branch 29 taken 1 (fallthrough)
branch 30 taken 0 (throw)
        1:   12-block  9
call   31 returned 1
call   32 returned 1
branch 33 taken 1 (fallthrough)
branch 34 taken 0 (throw)
        1:   12-block 10
call   35 returned 1
branch 36 taken 1 (fallthrough)
branch 37 taken 0
        1:   12-block 11
call   38 returned 1
branch 39 taken 1 (fallthrough)
branch 40 taken 0 (throw)
        1:   12-block 12
call   41 returned 1
branch 42 taken 1 (fallthrough)
branch 43 taken 0 (throw)
        1:   12-block 13
call   44 returned 1
branch 45 taken 1 (fallthrough)
branch 46 taken 0 (throw)
        1:   12-block 14
call   47 returned 1
branch 48 taken 1 (fallthrough)
branch 49 taken 0 (throw)
        1:   12-block 15
call   50 returned 1
call   51 returned 1
        1:   12-block 16
call   52 returned 1
call   53 returned 1
call   54 returned 1
call   55 returned 1
    $$$$$:   12-block 17
    $$$$$:   12-block 18
call   56 never executed
    $$$$$:   12-block 19
    $$$$$:   12-block 20
call   57 never executed
    $$$$$:   12-block 21
    $$$$$:   12-block 22
call   58 never executed
    $$$$$:   12-block 23
    $$$$$:   12-block 24
call   59 never executed
    $$$$$:   12-block 25
    $$$$$:   12-block 26
call   60 never executed
    $$$$$:   12-block 27
call   61 never executed
    $$$$$:   12-block 28
call   62 never executed
    $$$$$:   12-block 29
call   63 never executed
------------------
_ZN22risasTEST_risas02_TestC1Ev:
function _ZN22risasTEST_risas02_TestC1Ev called 1 returned 100% blocks executed 100%
        1:   12:test("02",risas02);
        1:   12-block  0
call    0 returned 1
------------------
        3:   13:test("03",risas03);
------------------
_ZN22risasTEST_risas03_Test8TestBodyEv:
function _ZN22risasTEST_risas03_Test8TestBodyEv called 1 returned 100% blocks executed 55%
        2:   13:test("03",risas03);
        1:   13-block  0
call    0 returned 1
branch  1 taken 1 (fallthrough)
branch  2 taken 0 (throw)
        1:   13-block  1
call    3 returned 1
branch  4 taken 1 (fallthrough)
branch  5 taken 0 (throw)
        1:   13-block  2
call    6 returned 1
branch  7 taken 1 (fallthrough)
branch  8 taken 0 (throw)
        1:   13-block  3
call    9 returned 1
branch 10 taken 1 (fallthrough)
branch 11 taken 0 (throw)
        1:   13-block  4
call   12 returned 1
branch 13 taken 1 (fallthrough)
branch 14 taken 0 (throw)
        1:   13-block  5
call   15 returned 1
branch 16 taken 1 (fallthrough)
branch 17 taken 0 (throw)
call   18 returned 1
branch 19 taken 1 (fallthrough)
branch 20 taken 0 (throw)
        1:   13-block  6
call   21 returned 1
branch 22 taken 1 (fallthrough)
branch 23 taken 0 (throw)
        1:   13-block  7
call   24 returned 1
call   25 returned 1
branch 26 taken 1 (fallthrough)
branch 27 taken 0 (throw)
        1:   13-block  8
call   28 returned 1
branch 29 taken 1 (fallthrough)
branch 30 taken 0 (throw)
        1:   13-block  9
call   31 returned 1
call   32 returned 1
branch 33 taken 1 (fallthrough)
branch 34 taken 0 (throw)
        1:   13-block 10
call   35 returned 1
branch 36 taken 1 (fallthrough)
branch 37 taken 0
        1:   13-block 11
call   38 returned 1
branch 39 taken 1 (fallthrough)
branch 40 taken 0 (throw)
        1:   13-block 12
call   41 returned 1
branch 42 taken 1 (fallthrough)
branch 43 taken 0 (throw)
        1:   13-block 13
call   44 returned 1
branch 45 taken 1 (fallthrough)
branch 46 taken 0 (throw)
        1:   13-block 14
call   47 returned 1
branch 48 taken 1 (fallthrough)
branch 49 taken 0 (throw)
        1:   13-block 15
call   50 returned 1
call   51 returned 1
        1:   13-block 16
call   52 returned 1
call   53 returned 1
call   54 returned 1
call   55 returned 1
    $$$$$:   13-block 17
    $$$$$:   13-block 18
call   56 never executed
    $$$$$:   13-block 19
    $$$$$:   13-block 20
call   57 never executed
    $$$$$:   13-block 21
    $$$$$:   13-block 22
call   58 never executed
    $$$$$:   13-block 23
    $$$$$:   13-block 24
call   59 never executed
    $$$$$:   13-block 25
    $$$$$:   13-block 26
call   60 never executed
    $$$$$:   13-block 27
call   61 never executed
    $$$$$:   13-block 28
call   62 never executed
    $$$$$:   13-block 29
call   63 never executed
------------------
_ZN22risasTEST_risas03_TestC1Ev:
function _ZN22risasTEST_risas03_TestC1Ev called 1 returned 100% blocks executed 100%
        1:   13:test("03",risas03);
        1:   13-block  0
call    0 returned 1
------------------
        3:   14:test("04",risas04);
------------------
_ZN22risasTEST_risas04_Test8TestBodyEv:
function _ZN22risasTEST_risas04_Test8TestBodyEv called 1 returned 100% blocks executed 55%
        2:   14:test("04",risas04);
        1:   14-block  0
call    0 returned 1
branch  1 taken 1 (fallthrough)
branch  2 taken 0 (throw)
        1:   14-block  1
call    3 returned 1
branch  4 taken 1 (fallthrough)
branch  5 taken 0 (throw)
        1:   14-block  2
call    6 returned 1
branch  7 taken 1 (fallthrough)
branch  8 taken 0 (throw)
        1:   14-block  3
call    9 returned 1
branch 10 taken 1 (fallthrough)
branch 11 taken 0 (throw)
        1:   14-block  4
call   12 returned 1
branch 13 taken 1 (fallthrough)
branch 14 taken 0 (throw)
        1:   14-block  5
call   15 returned 1
branch 16 taken 1 (fallthrough)
branch 17 taken 0 (throw)
call   18 returned 1
branch 19 taken 1 (fallthrough)
branch 20 taken 0 (throw)
        1:   14-block  6
call   21 returned 1
branch 22 taken 1 (fallthrough)
branch 23 taken 0 (throw)
        1:   14-block  7
call   24 returned 1
call   25 returned 1
branch 26 taken 1 (fallthrough)
branch 27 taken 0 (throw)
        1:   14-block  8
call   28 returned 1
branch 29 taken 1 (fallthrough)
branch 30 taken 0 (throw)
        1:   14-block  9
call   31 returned 1
call   32 returned 1
branch 33 taken 1 (fallthrough)
branch 34 taken 0 (throw)
        1:   14-block 10
call   35 returned 1
branch 36 taken 1 (fallthrough)
branch 37 taken 0
        1:   14-block 11
call   38 returned 1
branch 39 taken 1 (fallthrough)
branch 40 taken 0 (throw)
        1:   14-block 12
call   41 returned 1
branch 42 taken 1 (fallthrough)
branch 43 taken 0 (throw)
        1:   14-block 13
call   44 returned 1
branch 45 taken 1 (fallthrough)
branch 46 taken 0 (throw)
        1:   14-block 14
call   47 returned 1
branch 48 taken 1 (fallthrough)
branch 49 taken 0 (throw)
        1:   14-block 15
call   50 returned 1
call   51 returned 1
        1:   14-block 16
call   52 returned 1
call   53 returned 1
call   54 returned 1
call   55 returned 1
    $$$$$:   14-block 17
    $$$$$:   14-block 18
call   56 never executed
    $$$$$:   14-block 19
    $$$$$:   14-block 20
call   57 never executed
    $$$$$:   14-block 21
    $$$$$:   14-block 22
call   58 never executed
    $$$$$:   14-block 23
    $$$$$:   14-block 24
call   59 never executed
    $$$$$:   14-block 25
    $$$$$:   14-block 26
call   60 never executed
    $$$$$:   14-block 27
call   61 never executed
    $$$$$:   14-block 28
call   62 never executed
    $$$$$:   14-block 29
call   63 never executed
------------------
_ZN22risasTEST_risas04_TestC1Ev:
function _ZN22risasTEST_risas04_TestC1Ev called 1 returned 100% blocks executed 100%
        1:   14:test("04",risas04);
        1:   14-block  0
call    0 returned 1
------------------
        3:   15:test("10",risas10);
------------------
_ZN22risasTEST_risas10_Test8TestBodyEv:
function _ZN22risasTEST_risas10_Test8TestBodyEv called 1 returned 100% blocks executed 55%
        2:   15:test("10",risas10);
        1:   15-block  0
call    0 returned 1
branch  1 taken 1 (fallthrough)
branch  2 taken 0 (throw)
        1:   15-block  1
call    3 returned 1
branch  4 taken 1 (fallthrough)
branch  5 taken 0 (throw)
        1:   15-block  2
call    6 returned 1
branch  7 taken 1 (fallthrough)
branch  8 taken 0 (throw)
        1:   15-block  3
call    9 returned 1
branch 10 taken 1 (fallthrough)
branch 11 taken 0 (throw)
        1:   15-block  4
call   12 returned 1
branch 13 taken 1 (fallthrough)
branch 14 taken 0 (throw)
        1:   15-block  5
call   15 returned 1
branch 16 taken 1 (fallthrough)
branch 17 taken 0 (throw)
call   18 returned 1
branch 19 taken 1 (fallthrough)
branch 20 taken 0 (throw)
        1:   15-block  6
call   21 returned 1
branch 22 taken 1 (fallthrough)
branch 23 taken 0 (throw)
        1:   15-block  7
call   24 returned 1
call   25 returned 1
branch 26 taken 1 (fallthrough)
branch 27 taken 0 (throw)
        1:   15-block  8
call   28 returned 1
branch 29 taken 1 (fallthrough)
branch 30 taken 0 (throw)
        1:   15-block  9
call   31 returned 1
call   32 returned 1
branch 33 taken 1 (fallthrough)
branch 34 taken 0 (throw)
        1:   15-block 10
call   35 returned 1
branch 36 taken 1 (fallthrough)
branch 37 taken 0
        1:   15-block 11
call   38 returned 1
branch 39 taken 1 (fallthrough)
branch 40 taken 0 (throw)
        1:   15-block 12
call   41 returned 1
branch 42 taken 1 (fallthrough)
branch 43 taken 0 (throw)
        1:   15-block 13
call   44 returned 1
branch 45 taken 1 (fallthrough)
branch 46 taken 0 (throw)
        1:   15-block 14
call   47 returned 1
branch 48 taken 1 (fallthrough)
branch 49 taken 0 (throw)
        1:   15-block 15
call   50 returned 1
call   51 returned 1
        1:   15-block 16
call   52 returned 1
call   53 returned 1
call   54 returned 1
call   55 returned 1
    $$$$$:   15-block 17
    $$$$$:   15-block 18
call   56 never executed
    $$$$$:   15-block 19
    $$$$$:   15-block 20
call   57 never executed
    $$$$$:   15-block 21
    $$$$$:   15-block 22
call   58 never executed
    $$$$$:   15-block 23
    $$$$$:   15-block 24
call   59 never executed
    $$$$$:   15-block 25
    $$$$$:   15-block 26
call   60 never executed
    $$$$$:   15-block 27
call   61 never executed
    $$$$$:   15-block 28
call   62 never executed
    $$$$$:   15-block 29
call   63 never executed
------------------
_ZN22risasTEST_risas10_TestC1Ev:
function _ZN22risasTEST_risas10_TestC1Ev called 1 returned 100% blocks executed 100%
        1:   15:test("10",risas10);
        1:   15-block  0
call    0 returned 1
------------------
        3:   16:test("11",risas11);
------------------
_ZN22risasTEST_risas11_Test8TestBodyEv:
function _ZN22risasTEST_risas11_Test8TestBodyEv called 1 returned 100% blocks executed 55%
        2:   16:test("11",risas11);
        1:   16-block  0
call    0 returned 1
branch  1 taken 1 (fallthrough)
branch  2 taken 0 (throw)
        1:   16-block  1
call    3 returned 1
branch  4 taken 1 (fallthrough)
branch  5 taken 0 (throw)
        1:   16-block  2
call    6 returned 1
branch  7 taken 1 (fallthrough)
branch  8 taken 0 (throw)
        1:   16-block  3
call    9 returned 1
branch 10 taken 1 (fallthrough)
branch 11 taken 0 (throw)
        1:   16-block  4
call   12 returned 1
branch 13 taken 1 (fallthrough)
branch 14 taken 0 (throw)
        1:   16-block  5
call   15 returned 1
branch 16 taken 1 (fallthrough)
branch 17 taken 0 (throw)
call   18 returned 1
branch 19 taken 1 (fallthrough)
branch 20 taken 0 (throw)
        1:   16-block  6
call   21 returned 1
branch 22 taken 1 (fallthrough)
branch 23 taken 0 (throw)
        1:   16-block  7
call   24 returned 1
call   25 returned 1
branch 26 taken 1 (fallthrough)
branch 27 taken 0 (throw)
        1:   16-block  8
call   28 returned 1
branch 29 taken 1 (fallthrough)
branch 30 taken 0 (throw)
        1:   16-block  9
call   31 returned 1
call   32 returned 1
branch 33 taken 1 (fallthrough)
branch 34 taken 0 (throw)
        1:   16-block 10
call   35 returned 1
branch 36 taken 1 (fallthrough)
branch 37 taken 0
        1:   16-block 11
call   38 returned 1
branch 39 taken 1 (fallthrough)
branch 40 taken 0 (throw)
        1:   16-block 12
call   41 returned 1
branch 42 taken 1 (fallthrough)
branch 43 taken 0 (throw)
        1:   16-block 13
call   44 returned 1
branch 45 taken 1 (fallthrough)
branch 46 taken 0 (throw)
        1:   16-block 14
call   47 returned 1
branch 48 taken 1 (fallthrough)
branch 49 taken 0 (throw)
        1:   16-block 15
call   50 returned 1
call   51 returned 1
        1:   16-block 16
call   52 returned 1
call   53 returned 1
call   54 returned 1
call   55 returned 1
    $$$$$:   16-block 17
    $$$$$:   16-block 18
call   56 never executed
    $$$$$:   16-block 19
    $$$$$:   16-block 20
call   57 never executed
    $$$$$:   16-block 21
    $$$$$:   16-block 22
call   58 never executed
    $$$$$:   16-block 23
    $$$$$:   16-block 24
call   59 never executed
    $$$$$:   16-block 25
    $$$$$:   16-block 26
call   60 never executed
    $$$$$:   16-block 27
call   61 never executed
    $$$$$:   16-block 28
call   62 never executed
    $$$$$:   16-block 29
call   63 never executed
------------------
_ZN22risasTEST_risas11_TestC1Ev:
function _ZN22risasTEST_risas11_TestC1Ev called 1 returned 100% blocks executed 100%
        1:   16:test("11",risas11);
        1:   16-block  0
call    0 returned 1
------------------
        3:   17:test("12",risas12);
------------------
_ZN22risasTEST_risas12_Test8TestBodyEv:
function _ZN22risasTEST_risas12_Test8TestBodyEv called 1 returned 100% blocks executed 55%
        2:   17:test("12",risas12);
        1:   17-block  0
call    0 returned 1
branch  1 taken 1 (fallthrough)
branch  2 taken 0 (throw)
        1:   17-block  1
call    3 returned 1
branch  4 taken 1 (fallthrough)
branch  5 taken 0 (throw)
        1:   17-block  2
call    6 returned 1
branch  7 taken 1 (fallthrough)
branch  8 taken 0 (throw)
        1:   17-block  3
call    9 returned 1
branch 10 taken 1 (fallthrough)
branch 11 taken 0 (throw)
        1:   17-block  4
call   12 returned 1
branch 13 taken 1 (fallthrough)
branch 14 taken 0 (throw)
        1:   17-block  5
call   15 returned 1
branch 16 taken 1 (fallthrough)
branch 17 taken 0 (throw)
call   18 returned 1
branch 19 taken 1 (fallthrough)
branch 20 taken 0 (throw)
        1:   17-block  6
call   21 returned 1
branch 22 taken 1 (fallthrough)
branch 23 taken 0 (throw)
        1:   17-block  7
call   24 returned 1
call   25 returned 1
branch 26 taken 1 (fallthrough)
branch 27 taken 0 (throw)
        1:   17-block  8
call   28 returned 1
branch 29 taken 1 (fallthrough)
branch 30 taken 0 (throw)
        1:   17-block  9
call   31 returned 1
call   32 returned 1
branch 33 taken 1 (fallthrough)
branch 34 taken 0 (throw)
        1:   17-block 10
call   35 returned 1
branch 36 taken 1 (fallthrough)
branch 37 taken 0
        1:   17-block 11
call   38 returned 1
branch 39 taken 1 (fallthrough)
branch 40 taken 0 (throw)
        1:   17-block 12
call   41 returned 1
branch 42 taken 1 (fallthrough)
branch 43 taken 0 (throw)
        1:   17-block 13
call   44 returned 1
branch 45 taken 1 (fallthrough)
branch 46 taken 0 (throw)
        1:   17-block 14
call   47 returned 1
branch 48 taken 1 (fallthrough)
branch 49 taken 0 (throw)
        1:   17-block 15
call   50 returned 1
call   51 returned 1
        1:   17-block 16
call   52 returned 1
call   53 returned 1
call   54 returned 1
call   55 returned 1
    $$$$$:   17-block 17
    $$$$$:   17-block 18
call   56 never executed
    $$$$$:   17-block 19
    $$$$$:   17-block 20
call   57 never executed
    $$$$$:   17-block 21
    $$$$$:   17-block 22
call   58 never executed
    $$$$$:   17-block 23
    $$$$$:   17-block 24
call   59 never executed
    $$$$$:   17-block 25
    $$$$$:   17-block 26
call   60 never executed
    $$$$$:   17-block 27
call   61 never executed
    $$$$$:   17-block 28
call   62 never executed
    $$$$$:   17-block 29
call   63 never executed
------------------
_ZN22risasTEST_risas12_TestC1Ev:
function _ZN22risasTEST_risas12_TestC1Ev called 1 returned 100% blocks executed 100%
        1:   17:test("12",risas12);
        1:   17-block  0
call    0 returned 1
------------------
        3:   18:test("13",risas13);
------------------
_ZN22risasTEST_risas13_Test8TestBodyEv:
function _ZN22risasTEST_risas13_Test8TestBodyEv called 1 returned 100% blocks executed 55%
        2:   18:test("13",risas13);
        1:   18-block  0
call    0 returned 1
branch  1 taken 1 (fallthrough)
branch  2 taken 0 (throw)
        1:   18-block  1
call    3 returned 1
branch  4 taken 1 (fallthrough)
branch  5 taken 0 (throw)
        1:   18-block  2
call    6 returned 1
branch  7 taken 1 (fallthrough)
branch  8 taken 0 (throw)
        1:   18-block  3
call    9 returned 1
branch 10 taken 1 (fallthrough)
branch 11 taken 0 (throw)
        1:   18-block  4
call   12 returned 1
branch 13 taken 1 (fallthrough)
branch 14 taken 0 (throw)
        1:   18-block  5
call   15 returned 1
branch 16 taken 1 (fallthrough)
branch 17 taken 0 (throw)
call   18 returned 1
branch 19 taken 1 (fallthrough)
branch 20 taken 0 (throw)
        1:   18-block  6
call   21 returned 1
branch 22 taken 1 (fallthrough)
branch 23 taken 0 (throw)
        1:   18-block  7
call   24 returned 1
call   25 returned 1
branch 26 taken 1 (fallthrough)
branch 27 taken 0 (throw)
        1:   18-block  8
call   28 returned 1
branch 29 taken 1 (fallthrough)
branch 30 taken 0 (throw)
        1:   18-block  9
call   31 returned 1
call   32 returned 1
branch 33 taken 1 (fallthrough)
branch 34 taken 0 (throw)
        1:   18-block 10
call   35 returned 1
branch 36 taken 1 (fallthrough)
branch 37 taken 0
        1:   18-block 11
call   38 returned 1
branch 39 taken 1 (fallthrough)
branch 40 taken 0 (throw)
        1:   18-block 12
call   41 returned 1
branch 42 taken 1 (fallthrough)
branch 43 taken 0 (throw)
        1:   18-block 13
call   44 returned 1
branch 45 taken 1 (fallthrough)
branch 46 taken 0 (throw)
        1:   18-block 14
call   47 returned 1
branch 48 taken 1 (fallthrough)
branch 49 taken 0 (throw)
        1:   18-block 15
call   50 returned 1
call   51 returned 1
        1:   18-block 16
call   52 returned 1
call   53 returned 1
call   54 returned 1
call   55 returned 1
    $$$$$:   18-block 17
    $$$$$:   18-block 18
call   56 never executed
    $$$$$:   18-block 19
    $$$$$:   18-block 20
call   57 never executed
    $$$$$:   18-block 21
    $$$$$:   18-block 22
call   58 never executed
    $$$$$:   18-block 23
    $$$$$:   18-block 24
call   59 never executed
    $$$$$:   18-block 25
    $$$$$:   18-block 26
call   60 never executed
    $$$$$:   18-block 27
call   61 never executed
    $$$$$:   18-block 28
call   62 never executed
    $$$$$:   18-block 29
call   63 never executed
------------------
_ZN22risasTEST_risas13_TestC1Ev:
function _ZN22risasTEST_risas13_TestC1Ev called 1 returned 100% blocks executed 100%
        1:   18:test("13",risas13);
        1:   18-block  0
call    0 returned 1
------------------
        3:   19:test("14",risas14);
------------------
_ZN22risasTEST_risas14_Test8TestBodyEv:
function _ZN22risasTEST_risas14_Test8TestBodyEv called 1 returned 100% blocks executed 55%
        2:   19:test("14",risas14);
        1:   19-block  0
call    0 returned 1
branch  1 taken 1 (fallthrough)
branch  2 taken 0 (throw)
        1:   19-block  1
call    3 returned 1
branch  4 taken 1 (fallthrough)
branch  5 taken 0 (throw)
        1:   19-block  2
call    6 returned 1
branch  7 taken 1 (fallthrough)
branch  8 taken 0 (throw)
        1:   19-block  3
call    9 returned 1
branch 10 taken 1 (fallthrough)
branch 11 taken 0 (throw)
        1:   19-block  4
call   12 returned 1
branch 13 taken 1 (fallthrough)
branch 14 taken 0 (throw)
        1:   19-block  5
call   15 returned 1
branch 16 taken 1 (fallthrough)
branch 17 taken 0 (throw)
call   18 returned 1
branch 19 taken 1 (fallthrough)
branch 20 taken 0 (throw)
        1:   19-block  6
call   21 returned 1
branch 22 taken 1 (fallthrough)
branch 23 taken 0 (throw)
        1:   19-block  7
call   24 returned 1
call   25 returned 1
branch 26 taken 1 (fallthrough)
branch 27 taken 0 (throw)
        1:   19-block  8
call   28 returned 1
branch 29 taken 1 (fallthrough)
branch 30 taken 0 (throw)
        1:   19-block  9
call   31 returned 1
call   32 returned 1
branch 33 taken 1 (fallthrough)
branch 34 taken 0 (throw)
        1:   19-block 10
call   35 returned 1
branch 36 taken 1 (fallthrough)
branch 37 taken 0
        1:   19-block 11
call   38 returned 1
branch 39 taken 1 (fallthrough)
branch 40 taken 0 (throw)
        1:   19-block 12
call   41 returned 1
branch 42 taken 1 (fallthrough)
branch 43 taken 0 (throw)
        1:   19-block 13
call   44 returned 1
branch 45 taken 1 (fallthrough)
branch 46 taken 0 (throw)
        1:   19-block 14
call   47 returned 1
branch 48 taken 1 (fallthrough)
branch 49 taken 0 (throw)
        1:   19-block 15
call   50 returned 1
call   51 returned 1
        1:   19-block 16
call   52 returned 1
call   53 returned 1
call   54 returned 1
call   55 returned 1
    $$$$$:   19-block 17
    $$$$$:   19-block 18
call   56 never executed
    $$$$$:   19-block 19
    $$$$$:   19-block 20
call   57 never executed
    $$$$$:   19-block 21
    $$$$$:   19-block 22
call   58 never executed
    $$$$$:   19-block 23
    $$$$$:   19-block 24
call   59 never executed
    $$$$$:   19-block 25
    $$$$$:   19-block 26
call   60 never executed
    $$$$$:   19-block 27
call   61 never executed
    $$$$$:   19-block 28
call   62 never executed
    $$$$$:   19-block 29
call   63 never executed
------------------
_ZN22risasTEST_risas14_TestC1Ev:
function _ZN22risasTEST_risas14_TestC1Ev called 1 returned 100% blocks executed 100%
        1:   19:test("14",risas14);
        1:   19-block  0
call    0 returned 1
------------------
        3:   20:test("20",risas20);
------------------
_ZN22risasTEST_risas20_Test8TestBodyEv:
function _ZN22risasTEST_risas20_Test8TestBodyEv called 1 returned 100% blocks executed 55%
        2:   20:test("20",risas20);
        1:   20-block  0
call    0 returned 1
branch  1 taken 1 (fallthrough)
branch  2 taken 0 (throw)
        1:   20-block  1
call    3 returned 1
branch  4 taken 1 (fallthrough)
branch  5 taken 0 (throw)
        1:   20-block  2
call    6 returned 1
branch  7 taken 1 (fallthrough)
branch  8 taken 0 (throw)
        1:   20-block  3
call    9 returned 1
branch 10 taken 1 (fallthrough)
branch 11 taken 0 (throw)
        1:   20-block  4
call   12 returned 1
branch 13 taken 1 (fallthrough)
branch 14 taken 0 (throw)
        1:   20-block  5
call   15 returned 1
branch 16 taken 1 (fallthrough)
branch 17 taken 0 (throw)
call   18 returned 1
branch 19 taken 1 (fallthrough)
branch 20 taken 0 (throw)
        1:   20-block  6
call   21 returned 1
branch 22 taken 1 (fallthrough)
branch 23 taken 0 (throw)
        1:   20-block  7
call   24 returned 1
call   25 returned 1
branch 26 taken 1 (fallthrough)
branch 27 taken 0 (throw)
        1:   20-block  8
call   28 returned 1
branch 29 taken 1 (fallthrough)
branch 30 taken 0 (throw)
        1:   20-block  9
call   31 returned 1
call   32 returned 1
branch 33 taken 1 (fallthrough)
branch 34 taken 0 (throw)
        1:   20-block 10
call   35 returned 1
branch 36 taken 1 (fallthrough)
branch 37 taken 0
        1:   20-block 11
call   38 returned 1
branch 39 taken 1 (fallthrough)
branch 40 taken 0 (throw)
        1:   20-block 12
call   41 returned 1
branch 42 taken 1 (fallthrough)
branch 43 taken 0 (throw)
        1:   20-block 13
call   44 returned 1
branch 45 taken 1 (fallthrough)
branch 46 taken 0 (throw)
        1:   20-block 14
call   47 returned 1
branch 48 taken 1 (fallthrough)
branch 49 taken 0 (throw)
        1:   20-block 15
call   50 returned 1
call   51 returned 1
        1:   20-block 16
call   52 returned 1
call   53 returned 1
call   54 returned 1
call   55 returned 1
    $$$$$:   20-block 17
    $$$$$:   20-block 18
call   56 never executed
    $$$$$:   20-block 19
    $$$$$:   20-block 20
call   57 never executed
    $$$$$:   20-block 21
    $$$$$:   20-block 22
call   58 never executed
    $$$$$:   20-block 23
    $$$$$:   20-block 24
call   59 never executed
    $$$$$:   20-block 25
    $$$$$:   20-block 26
call   60 never executed
    $$$$$:   20-block 27
call   61 never executed
    $$$$$:   20-block 28
call   62 never executed
    $$$$$:   20-block 29
call   63 never executed
------------------
_ZN22risasTEST_risas20_TestC1Ev:
function _ZN22risasTEST_risas20_TestC1Ev called 1 returned 100% blocks executed 100%
        1:   20:test("20",risas20);
        1:   20-block  0
call    0 returned 1
------------------
        3:   21:test("21",risas21);
------------------
_ZN22risasTEST_risas21_Test8TestBodyEv:
function _ZN22risasTEST_risas21_Test8TestBodyEv called 1 returned 100% blocks executed 55%
        2:   21:test("21",risas21);
        1:   21-block  0
call    0 returned 1
branch  1 taken 1 (fallthrough)
branch  2 taken 0 (throw)
        1:   21-block  1
call    3 returned 1
branch  4 taken 1 (fallthrough)
branch  5 taken 0 (throw)
        1:   21-block  2
call    6 returned 1
branch  7 taken 1 (fallthrough)
branch  8 taken 0 (throw)
        1:   21-block  3
call    9 returned 1
branch 10 taken 1 (fallthrough)
branch 11 taken 0 (throw)
        1:   21-block  4
call   12 returned 1
branch 13 taken 1 (fallthrough)
branch 14 taken 0 (throw)
        1:   21-block  5
call   15 returned 1
branch 16 taken 1 (fallthrough)
branch 17 taken 0 (throw)
call   18 returned 1
branch 19 taken 1 (fallthrough)
branch 20 taken 0 (throw)
        1:   21-block  6
call   21 returned 1
branch 22 taken 1 (fallthrough)
branch 23 taken 0 (throw)
        1:   21-block  7
call   24 returned 1
call   25 returned 1
branch 26 taken 1 (fallthrough)
branch 27 taken 0 (throw)
        1:   21-block  8
call   28 returned 1
branch 29 taken 1 (fallthrough)
branch 30 taken 0 (throw)
        1:   21-block  9
call   31 returned 1
call   32 returned 1
branch 33 taken 1 (fallthrough)
branch 34 taken 0 (throw)
        1:   21-block 10
call   35 returned 1
branch 36 taken 1 (fallthrough)
branch 37 taken 0
        1:   21-block 11
call   38 returned 1
branch 39 taken 1 (fallthrough)
branch 40 taken 0 (throw)
        1:   21-block 12
call   41 returned 1
branch 42 taken 1 (fallthrough)
branch 43 taken 0 (throw)
        1:   21-block 13
call   44 returned 1
branch 45 taken 1 (fallthrough)
branch 46 taken 0 (throw)
        1:   21-block 14
call   47 returned 1
branch 48 taken 1 (fallthrough)
branch 49 taken 0 (throw)
        1:   21-block 15
call   50 returned 1
call   51 returned 1
        1:   21-block 16
call   52 returned 1
call   53 returned 1
call   54 returned 1
call   55 returned 1
    $$$$$:   21-block 17
    $$$$$:   21-block 18
call   56 never executed
    $$$$$:   21-block 19
    $$$$$:   21-block 20
call   57 never executed
    $$$$$:   21-block 21
    $$$$$:   21-block 22
call   58 never executed
    $$$$$:   21-block 23
    $$$$$:   21-block 24
call   59 never executed
    $$$$$:   21-block 25
    $$$$$:   21-block 26
call   60 never executed
    $$$$$:   21-block 27
call   61 never executed
    $$$$$:   21-block 28
call   62 never executed
    $$$$$:   21-block 29
call   63 never executed
------------------
_ZN22risasTEST_risas21_TestC1Ev:
function _ZN22risasTEST_risas21_TestC1Ev called 1 returned 100% blocks executed 100%
        1:   21:test("21",risas21);
        1:   21-block  0
call    0 returned 1
------------------
        3:   22:test("22",risas22);
------------------
_ZN22risasTEST_risas22_Test8TestBodyEv:
function _ZN22risasTEST_risas22_Test8TestBodyEv called 1 returned 100% blocks executed 55%
        2:   22:test("22",risas22);
        1:   22-block  0
call    0 returned 1
branch  1 taken 1 (fallthrough)
branch  2 taken 0 (throw)
        1:   22-block  1
call    3 returned 1
branch  4 taken 1 (fallthrough)
branch  5 taken 0 (throw)
        1:   22-block  2
call    6 returned 1
branch  7 taken 1 (fallthrough)
branch  8 taken 0 (throw)
        1:   22-block  3
call    9 returned 1
branch 10 taken 1 (fallthrough)
branch 11 taken 0 (throw)
        1:   22-block  4
call   12 returned 1
branch 13 taken 1 (fallthrough)
branch 14 taken 0 (throw)
        1:   22-block  5
call   15 returned 1
branch 16 taken 1 (fallthrough)
branch 17 taken 0 (throw)
call   18 returned 1
branch 19 taken 1 (fallthrough)
branch 20 taken 0 (throw)
        1:   22-block  6
call   21 returned 1
branch 22 taken 1 (fallthrough)
branch 23 taken 0 (throw)
        1:   22-block  7
call   24 returned 1
call   25 returned 1
branch 26 taken 1 (fallthrough)
branch 27 taken 0 (throw)
        1:   22-block  8
call   28 returned 1
branch 29 taken 1 (fallthrough)
branch 30 taken 0 (throw)
        1:   22-block  9
call   31 returned 1
call   32 returned 1
branch 33 taken 1 (fallthrough)
branch 34 taken 0 (throw)
        1:   22-block 10
call   35 returned 1
branch 36 taken 1 (fallthrough)
branch 37 taken 0
        1:   22-block 11
call   38 returned 1
branch 39 taken 1 (fallthrough)
branch 40 taken 0 (throw)
        1:   22-block 12
call   41 returned 1
branch 42 taken 1 (fallthrough)
branch 43 taken 0 (throw)
        1:   22-block 13
call   44 returned 1
branch 45 taken 1 (fallthrough)
branch 46 taken 0 (throw)
        1:   22-block 14
call   47 returned 1
branch 48 taken 1 (fallthrough)
branch 49 taken 0 (throw)
        1:   22-block 15
call   50 returned 1
call   51 returned 1
        1:   22-block 16
call   52 returned 1
call   53 returned 1
call   54 returned 1
call   55 returned 1
    $$$$$:   22-block 17
    $$$$$:   22-block 18
call   56 never executed
    $$$$$:   22-block 19
    $$$$$:   22-block 20
call   57 never executed
    $$$$$:   22-block 21
    $$$$$:   22-block 22
call   58 never executed
    $$$$$:   22-block 23
    $$$$$:   22-block 24
call   59 never executed
    $$$$$:   22-block 25
    $$$$$:   22-block 26
call   60 never executed
    $$$$$:   22-block 27
call   61 never executed
    $$$$$:   22-block 28
call   62 never executed
    $$$$$:   22-block 29
call   63 never executed
------------------
_ZN22risasTEST_risas22_TestC1Ev:
function _ZN22risasTEST_risas22_TestC1Ev called 1 returned 100% blocks executed 100%
        1:   22:test("22",risas22);
        1:   22-block  0
call    0 returned 1
------------------
        3:   23:test("23",risas23);
------------------
_ZN22risasTEST_risas23_Test8TestBodyEv:
function _ZN22risasTEST_risas23_Test8TestBodyEv called 1 returned 100% blocks executed 55%
        2:   23:test("23",risas23);
        1:   23-block  0
call    0 returned 1
branch  1 taken 1 (fallthrough)
branch  2 taken 0 (throw)
        1:   23-block  1
call    3 returned 1
branch  4 taken 1 (fallthrough)
branch  5 taken 0 (throw)
        1:   23-block  2
call    6 returned 1
branch  7 taken 1 (fallthrough)
branch  8 taken 0 (throw)
        1:   23-block  3
call    9 returned 1
branch 10 taken 1 (fallthrough)
branch 11 taken 0 (throw)
        1:   23-block  4
call   12 returned 1
branch 13 taken 1 (fallthrough)
branch 14 taken 0 (throw)
        1:   23-block  5
call   15 returned 1
branch 16 taken 1 (fallthrough)
branch 17 taken 0 (throw)
call   18 returned 1
branch 19 taken 1 (fallthrough)
branch 20 taken 0 (throw)
        1:   23-block  6
call   21 returned 1
branch 22 taken 1 (fallthrough)
branch 23 taken 0 (throw)
        1:   23-block  7
call   24 returned 1
call   25 returned 1
branch 26 taken 1 (fallthrough)
branch 27 taken 0 (throw)
        1:   23-block  8
call   28 returned 1
branch 29 taken 1 (fallthrough)
branch 30 taken 0 (throw)
        1:   23-block  9
call   31 returned 1
call   32 returned 1
branch 33 taken 1 (fallthrough)
branch 34 taken 0 (throw)
        1:   23-block 10
call   35 returned 1
branch 36 taken 1 (fallthrough)
branch 37 taken 0
        1:   23-block 11
call   38 returned 1
branch 39 taken 1 (fallthrough)
branch 40 taken 0 (throw)
        1:   23-block 12
call   41 returned 1
branch 42 taken 1 (fallthrough)
branch 43 taken 0 (throw)
        1:   23-block 13
call   44 returned 1
branch 45 taken 1 (fallthrough)
branch 46 taken 0 (throw)
        1:   23-block 14
call   47 returned 1
branch 48 taken 1 (fallthrough)
branch 49 taken 0 (throw)
        1:   23-block 15
call   50 returned 1
call   51 returned 1
        1:   23-block 16
call   52 returned 1
call   53 returned 1
call   54 returned 1
call   55 returned 1
    $$$$$:   23-block 17
    $$$$$:   23-block 18
call   56 never executed
    $$$$$:   23-block 19
    $$$$$:   23-block 20
call   57 never executed
    $$$$$:   23-block 21
    $$$$$:   23-block 22
call   58 never executed
    $$$$$:   23-block 23
    $$$$$:   23-block 24
call   59 never executed
    $$$$$:   23-block 25
    $$$$$:   23-block 26
call   60 never executed
    $$$$$:   23-block 27
call   61 never executed
    $$$$$:   23-block 28
call   62 never executed
    $$$$$:   23-block 29
call   63 never executed
------------------
_ZN22risasTEST_risas23_TestC1Ev:
function _ZN22risasTEST_risas23_TestC1Ev called 1 returned 100% blocks executed 100%
        1:   23:test("23",risas23);
        1:   23-block  0
call    0 returned 1
------------------
        3:   24:test("24",risas24);
------------------
_ZN22risasTEST_risas24_Test8TestBodyEv:
function _ZN22risasTEST_risas24_Test8TestBodyEv called 1 returned 100% blocks executed 55%
        2:   24:test("24",risas24);
        1:   24-block  0
call    0 returned 1
branch  1 taken 1 (fallthrough)
branch  2 taken 0 (throw)
        1:   24-block  1
call    3 returned 1
branch  4 taken 1 (fallthrough)
branch  5 taken 0 (throw)
        1:   24-block  2
call    6 returned 1
branch  7 taken 1 (fallthrough)
branch  8 taken 0 (throw)
        1:   24-block  3
call    9 returned 1
branch 10 taken 1 (fallthrough)
branch 11 taken 0 (throw)
        1:   24-block  4
call   12 returned 1
branch 13 taken 1 (fallthrough)
branch 14 taken 0 (throw)
        1:   24-block  5
call   15 returned 1
branch 16 taken 1 (fallthrough)
branch 17 taken 0 (throw)
call   18 returned 1
branch 19 taken 1 (fallthrough)
branch 20 taken 0 (throw)
        1:   24-block  6
call   21 returned 1
branch 22 taken 1 (fallthrough)
branch 23 taken 0 (throw)
        1:   24-block  7
call   24 returned 1
call   25 returned 1
branch 26 taken 1 (fallthrough)
branch 27 taken 0 (throw)
        1:   24-block  8
call   28 returned 1
branch 29 taken 1 (fallthrough)
branch 30 taken 0 (throw)
        1:   24-block  9
call   31 returned 1
call   32 returned 1
branch 33 taken 1 (fallthrough)
branch 34 taken 0 (throw)
        1:   24-block 10
call   35 returned 1
branch 36 taken 1 (fallthrough)
branch 37 taken 0
        1:   24-block 11
call   38 returned 1
branch 39 taken 1 (fallthrough)
branch 40 taken 0 (throw)
        1:   24-block 12
call   41 returned 1
branch 42 taken 1 (fallthrough)
branch 43 taken 0 (throw)
        1:   24-block 13
call   44 returned 1
branch 45 taken 1 (fallthrough)
branch 46 taken 0 (throw)
        1:   24-block 14
call   47 returned 1
branch 48 taken 1 (fallthrough)
branch 49 taken 0 (throw)
        1:   24-block 15
call   50 returned 1
call   51 returned 1
        1:   24-block 16
call   52 returned 1
call   53 returned 1
call   54 returned 1
call   55 returned 1
    $$$$$:   24-block 17
    $$$$$:   24-block 18
call   56 never executed
    $$$$$:   24-block 19
    $$$$$:   24-block 20
call   57 never executed
    $$$$$:   24-block 21
    $$$$$:   24-block 22
call   58 never executed
    $$$$$:   24-block 23
    $$$$$:   24-block 24
call   59 never executed
    $$$$$:   24-block 25
    $$$$$:   24-block 26
call   60 never executed
    $$$$$:   24-block 27
call   61 never executed
    $$$$$:   24-block 28
call   62 never executed
    $$$$$:   24-block 29
call   63 never executed
------------------
_ZN22risasTEST_risas24_TestC1Ev:
function _ZN22risasTEST_risas24_TestC1Ev called 1 returned 100% blocks executed 100%
        1:   24:test("24",risas24);
        1:   24-block  0
call    0 returned 1
------------------
        3:   25:test("30",risas30);
------------------
_ZN22risasTEST_risas30_Test8TestBodyEv:
function _ZN22risasTEST_risas30_Test8TestBodyEv called 1 returned 100% blocks executed 55%
        2:   25:test("30",risas30);
        1:   25-block  0
call    0 returned 1
branch  1 taken 1 (fallthrough)
branch  2 taken 0 (throw)
        1:   25-block  1
call    3 returned 1
branch  4 taken 1 (fallthrough)
branch  5 taken 0 (throw)
        1:   25-block  2
call    6 returned 1
branch  7 taken 1 (fallthrough)
branch  8 taken 0 (throw)
        1:   25-block  3
call    9 returned 1
branch 10 taken 1 (fallthrough)
branch 11 taken 0 (throw)
        1:   25-block  4
call   12 returned 1
branch 13 taken 1 (fallthrough)
branch 14 taken 0 (throw)
        1:   25-block  5
call   15 returned 1
branch 16 taken 1 (fallthrough)
branch 17 taken 0 (throw)
call   18 returned 1
branch 19 taken 1 (fallthrough)
branch 20 taken 0 (throw)
        1:   25-block  6
call   21 returned 1
branch 22 taken 1 (fallthrough)
branch 23 taken 0 (throw)
        1:   25-block  7
call   24 returned 1
call   25 returned 1
branch 26 taken 1 (fallthrough)
branch 27 taken 0 (throw)
        1:   25-block  8
call   28 returned 1
branch 29 taken 1 (fallthrough)
branch 30 taken 0 (throw)
        1:   25-block  9
call   31 returned 1
call   32 returned 1
branch 33 taken 1 (fallthrough)
branch 34 taken 0 (throw)
        1:   25-block 10
call   35 returned 1
branch 36 taken 1 (fallthrough)
branch 37 taken 0
        1:   25-block 11
call   38 returned 1
branch 39 taken 1 (fallthrough)
branch 40 taken 0 (throw)
        1:   25-block 12
call   41 returned 1
branch 42 taken 1 (fallthrough)
branch 43 taken 0 (throw)
        1:   25-block 13
call   44 returned 1
branch 45 taken 1 (fallthrough)
branch 46 taken 0 (throw)
        1:   25-block 14
call   47 returned 1
branch 48 taken 1 (fallthrough)
branch 49 taken 0 (throw)
        1:   25-block 15
call   50 returned 1
call   51 returned 1
        1:   25-block 16
call   52 returned 1
call   53 returned 1
call   54 returned 1
call   55 returned 1
    $$$$$:   25-block 17
    $$$$$:   25-block 18
call   56 never executed
    $$$$$:   25-block 19
    $$$$$:   25-block 20
call   57 never executed
    $$$$$:   25-block 21
    $$$$$:   25-block 22
call   58 never executed
    $$$$$:   25-block 23
    $$$$$:   25-block 24
call   59 never executed
    $$$$$:   25-block 25
    $$$$$:   25-block 26
call   60 never executed
    $$$$$:   25-block 27
call   61 never executed
    $$$$$:   25-block 28
call   62 never executed
    $$$$$:   25-block 29
call   63 never executed
------------------
_ZN22risasTEST_risas30_TestC1Ev:
function _ZN22risasTEST_risas30_TestC1Ev called 1 returned 100% blocks executed 100%
        1:   25:test("30",risas30);
        1:   25-block  0
call    0 returned 1
------------------
        3:   26:test("31",risas31);
------------------
_ZN22risasTEST_risas31_Test8TestBodyEv:
function _ZN22risasTEST_risas31_Test8TestBodyEv called 1 returned 100% blocks executed 55%
        2:   26:test("31",risas31);
        1:   26-block  0
call    0 returned 1
branch  1 taken 1 (fallthrough)
branch  2 taken 0 (throw)
        1:   26-block  1
call    3 returned 1
branch  4 taken 1 (fallthrough)
branch  5 taken 0 (throw)
        1:   26-block  2
call    6 returned 1
branch  7 taken 1 (fallthrough)
branch  8 taken 0 (throw)
        1:   26-block  3
call    9 returned 1
branch 10 taken 1 (fallthrough)
branch 11 taken 0 (throw)
        1:   26-block  4
call   12 returned 1
branch 13 taken 1 (fallthrough)
branch 14 taken 0 (throw)
        1:   26-block  5
call   15 returned 1
branch 16 taken 1 (fallthrough)
branch 17 taken 0 (throw)
call   18 returned 1
branch 19 taken 1 (fallthrough)
branch 20 taken 0 (throw)
        1:   26-block  6
call   21 returned 1
branch 22 taken 1 (fallthrough)
branch 23 taken 0 (throw)
        1:   26-block  7
call   24 returned 1
call   25 returned 1
branch 26 taken 1 (fallthrough)
branch 27 taken 0 (throw)
        1:   26-block  8
call   28 returned 1
branch 29 taken 1 (fallthrough)
branch 30 taken 0 (throw)
        1:   26-block  9
call   31 returned 1
call   32 returned 1
branch 33 taken 1 (fallthrough)
branch 34 taken 0 (throw)
        1:   26-block 10
call   35 returned 1
branch 36 taken 1 (fallthrough)
branch 37 taken 0
        1:   26-block 11
call   38 returned 1
branch 39 taken 1 (fallthrough)
branch 40 taken 0 (throw)
        1:   26-block 12
call   41 returned 1
branch 42 taken 1 (fallthrough)
branch 43 taken 0 (throw)
        1:   26-block 13
call   44 returned 1
branch 45 taken 1 (fallthrough)
branch 46 taken 0 (throw)
        1:   26-block 14
call   47 returned 1
branch 48 taken 1 (fallthrough)
branch 49 taken 0 (throw)
        1:   26-block 15
call   50 returned 1
call   51 returned 1
        1:   26-block 16
call   52 returned 1
call   53 returned 1
call   54 returned 1
call   55 returned 1
    $$$$$:   26-block 17
    $$$$$:   26-block 18
call   56 never executed
    $$$$$:   26-block 19
    $$$$$:   26-block 20
call   57 never executed
    $$$$$:   26-block 21
    $$$$$:   26-block 22
call   58 never executed
    $$$$$:   26-block 23
    $$$$$:   26-block 24
call   59 never executed
    $$$$$:   26-block 25
    $$$$$:   26-block 26
call   60 never executed
    $$$$$:   26-block 27
call   61 never executed
    $$$$$:   26-block 28
call   62 never executed
    $$$$$:   26-block 29
call   63 never executed
------------------
_ZN22risasTEST_risas31_TestC1Ev:
function _ZN22risasTEST_risas31_TestC1Ev called 1 returned 100% blocks executed 100%
        1:   26:test("31",risas31);
        1:   26-block  0
call    0 returned 1
------------------
        3:   27:test("32",risas32);
------------------
_ZN22risasTEST_risas32_Test8TestBodyEv:
function _ZN22risasTEST_risas32_Test8TestBodyEv called 1 returned 100% blocks executed 55%
        2:   27:test("32",risas32);
        1:   27-block  0
call    0 returned 1
branch  1 taken 1 (fallthrough)
branch  2 taken 0 (throw)
        1:   27-block  1
call    3 returned 1
branch  4 taken 1 (fallthrough)
branch  5 taken 0 (throw)
        1:   27-block  2
call    6 returned 1
branch  7 taken 1 (fallthrough)
branch  8 taken 0 (throw)
        1:   27-block  3
call    9 returned 1
branch 10 taken 1 (fallthrough)
branch 11 taken 0 (throw)
        1:   27-block  4
call   12 returned 1
branch 13 taken 1 (fallthrough)
branch 14 taken 0 (throw)
        1:   27-block  5
call   15 returned 1
branch 16 taken 1 (fallthrough)
branch 17 taken 0 (throw)
call   18 returned 1
branch 19 taken 1 (fallthrough)
branch 20 taken 0 (throw)
        1:   27-block  6
call   21 returned 1
branch 22 taken 1 (fallthrough)
branch 23 taken 0 (throw)
        1:   27-block  7
call   24 returned 1
call   25 returned 1
branch 26 taken 1 (fallthrough)
branch 27 taken 0 (throw)
        1:   27-block  8
call   28 returned 1
branch 29 taken 1 (fallthrough)
branch 30 taken 0 (throw)
        1:   27-block  9
call   31 returned 1
call   32 returned 1
branch 33 taken 1 (fallthrough)
branch 34 taken 0 (throw)
        1:   27-block 10
call   35 returned 1
branch 36 taken 1 (fallthrough)
branch 37 taken 0
        1:   27-block 11
call   38 returned 1
branch 39 taken 1 (fallthrough)
branch 40 taken 0 (throw)
        1:   27-block 12
call   41 returned 1
branch 42 taken 1 (fallthrough)
branch 43 taken 0 (throw)
        1:   27-block 13
call   44 returned 1
branch 45 taken 1 (fallthrough)
branch 46 taken 0 (throw)
        1:   27-block 14
call   47 returned 1
branch 48 taken 1 (fallthrough)
branch 49 taken 0 (throw)
        1:   27-block 15
call   50 returned 1
call   51 returned 1
        1:   27-block 16
call   52 returned 1
call   53 returned 1
call   54 returned 1
call   55 returned 1
    $$$$$:   27-block 17
    $$$$$:   27-block 18
call   56 never executed
    $$$$$:   27-block 19
    $$$$$:   27-block 20
call   57 never executed
    $$$$$:   27-block 21
    $$$$$:   27-block 22
call   58 never executed
    $$$$$:   27-block 23
    $$$$$:   27-block 24
call   59 never executed
    $$$$$:   27-block 25
    $$$$$:   27-block 26
call   60 never executed
    $$$$$:   27-block 27
call   61 never executed
    $$$$$:   27-block 28
call   62 never executed
    $$$$$:   27-block 29
call   63 never executed
------------------
_ZN22risasTEST_risas32_TestC1Ev:
function _ZN22risasTEST_risas32_TestC1Ev called 1 returned 100% blocks executed 100%
        1:   27:test("32",risas32);
        1:   27-block  0
call    0 returned 1
------------------
        3:   28:test("33",risas33);
------------------
_ZN22risasTEST_risas33_Test8TestBodyEv:
function _ZN22risasTEST_risas33_Test8TestBodyEv called 1 returned 100% blocks executed 55%
        2:   28:test("33",risas33);
        1:   28-block  0
call    0 returned 1
branch  1 taken 1 (fallthrough)
branch  2 taken 0 (throw)
        1:   28-block  1
call    3 returned 1
branch  4 taken 1 (fallthrough)
branch  5 taken 0 (throw)
        1:   28-block  2
call    6 returned 1
branch  7 taken 1 (fallthrough)
branch  8 taken 0 (throw)
        1:   28-block  3
call    9 returned 1
branch 10 taken 1 (fallthrough)
branch 11 taken 0 (throw)
        1:   28-block  4
call   12 returned 1
branch 13 taken 1 (fallthrough)
branch 14 taken 0 (throw)
        1:   28-block  5
call   15 returned 1
branch 16 taken 1 (fallthrough)
branch 17 taken 0 (throw)
call   18 returned 1
branch 19 taken 1 (fallthrough)
branch 20 taken 0 (throw)
        1:   28-block  6
call   21 returned 1
branch 22 taken 1 (fallthrough)
branch 23 taken 0 (throw)
        1:   28-block  7
call   24 returned 1
call   25 returned 1
branch 26 taken 1 (fallthrough)
branch 27 taken 0 (throw)
        1:   28-block  8
call   28 returned 1
branch 29 taken 1 (fallthrough)
branch 30 taken 0 (throw)
        1:   28-block  9
call   31 returned 1
call   32 returned 1
branch 33 taken 1 (fallthrough)
branch 34 taken 0 (throw)
        1:   28-block 10
call   35 returned 1
branch 36 taken 1 (fallthrough)
branch 37 taken 0
        1:   28-block 11
call   38 returned 1
branch 39 taken 1 (fallthrough)
branch 40 taken 0 (throw)
        1:   28-block 12
call   41 returned 1
branch 42 taken 1 (fallthrough)
branch 43 taken 0 (throw)
        1:   28-block 13
call   44 returned 1
branch 45 taken 1 (fallthrough)
branch 46 taken 0 (throw)
        1:   28-block 14
call   47 returned 1
branch 48 taken 1 (fallthrough)
branch 49 taken 0 (throw)
        1:   28-block 15
call   50 returned 1
call   51 returned 1
        1:   28-block 16
call   52 returned 1
call   53 returned 1
call   54 returned 1
call   55 returned 1
    $$$$$:   28-block 17
    $$$$$:   28-block 18
call   56 never executed
    $$$$$:   28-block 19
    $$$$$:   28-block 20
call   57 never executed
    $$$$$:   28-block 21
    $$$$$:   28-block 22
call   58 never executed
    $$$$$:   28-block 23
    $$$$$:   28-block 24
call   59 never executed
    $$$$$:   28-block 25
    $$$$$:   28-block 26
call   60 never executed
    $$$$$:   28-block 27
call   61 never executed
    $$$$$:   28-block 28
call   62 never executed
    $$$$$:   28-block 29
call   63 never executed
------------------
_ZN22risasTEST_risas33_TestC1Ev:
function _ZN22risasTEST_risas33_TestC1Ev called 1 returned 100% blocks executed 100%
        1:   28:test("33",risas33);
        1:   28-block  0
call    0 returned 1
------------------
        3:   29:test("34",risas34);
------------------
_ZN22risasTEST_risas34_Test8TestBodyEv:
function _ZN22risasTEST_risas34_Test8TestBodyEv called 1 returned 100% blocks executed 55%
        2:   29:test("34",risas34);
        1:   29-block  0
call    0 returned 1
branch  1 taken 1 (fallthrough)
branch  2 taken 0 (throw)
        1:   29-block  1
call    3 returned 1
branch  4 taken 1 (fallthrough)
branch  5 taken 0 (throw)
        1:   29-block  2
call    6 returned 1
branch  7 taken 1 (fallthrough)
branch  8 taken 0 (throw)
        1:   29-block  3
call    9 returned 1
branch 10 taken 1 (fallthrough)
branch 11 taken 0 (throw)
        1:   29-block  4
call   12 returned 1
branch 13 taken 1 (fallthrough)
branch 14 taken 0 (throw)
        1:   29-block  5
call   15 returned 1
branch 16 taken 1 (fallthrough)
branch 17 taken 0 (throw)
call   18 returned 1
branch 19 taken 1 (fallthrough)
branch 20 taken 0 (throw)
        1:   29-block  6
call   21 returned 1
branch 22 taken 1 (fallthrough)
branch 23 taken 0 (throw)
        1:   29-block  7
call   24 returned 1
call   25 returned 1
branch 26 taken 1 (fallthrough)
branch 27 taken 0 (throw)
        1:   29-block  8
call   28 returned 1
branch 29 taken 1 (fallthrough)
branch 30 taken 0 (throw)
        1:   29-block  9
call   31 returned 1
call   32 returned 1
branch 33 taken 1 (fallthrough)
branch 34 taken 0 (throw)
        1:   29-block 10
call   35 returned 1
branch 36 taken 1 (fallthrough)
branch 37 taken 0
        1:   29-block 11
call   38 returned 1
branch 39 taken 1 (fallthrough)
branch 40 taken 0 (throw)
        1:   29-block 12
call   41 returned 1
branch 42 taken 1 (fallthrough)
branch 43 taken 0 (throw)
        1:   29-block 13
call   44 returned 1
branch 45 taken 1 (fallthrough)
branch 46 taken 0 (throw)
        1:   29-block 14
call   47 returned 1
branch 48 taken 1 (fallthrough)
branch 49 taken 0 (throw)
        1:   29-block 15
call   50 returned 1
call   51 returned 1
        1:   29-block 16
call   52 returned 1
call   53 returned 1
call   54 returned 1
call   55 returned 1
    $$$$$:   29-block 17
    $$$$$:   29-block 18
call   56 never executed
    $$$$$:   29-block 19
    $$$$$:   29-block 20
call   57 never executed
    $$$$$:   29-block 21
    $$$$$:   29-block 22
call   58 never executed
    $$$$$:   29-block 23
    $$$$$:   29-block 24
call   59 never executed
    $$$$$:   29-block 25
    $$$$$:   29-block 26
call   60 never executed
    $$$$$:   29-block 27
call   61 never executed
    $$$$$:   29-block 28
call   62 never executed
    $$$$$:   29-block 29
call   63 never executed
------------------
_ZN22risasTEST_risas34_TestC1Ev:
function _ZN22risasTEST_risas34_TestC1Ev called 1 returned 100% blocks executed 100%
        1:   29:test("34",risas34);
        1:   29-block  0
call    0 returned 1
------------------
        3:   30:test("40",risas40);
------------------
_ZN22risasTEST_risas40_Test8TestBodyEv:
function _ZN22risasTEST_risas40_Test8TestBodyEv called 1 returned 100% blocks executed 55%
        2:   30:test("40",risas40);
        1:   30-block  0
call    0 returned 1
branch  1 taken 1 (fallthrough)
branch  2 taken 0 (throw)
        1:   30-block  1
call    3 returned 1
branch  4 taken 1 (fallthrough)
branch  5 taken 0 (throw)
        1:   30-block  2
call    6 returned 1
branch  7 taken 1 (fallthrough)
branch  8 taken 0 (throw)
        1:   30-block  3
call    9 returned 1
branch 10 taken 1 (fallthrough)
branch 11 taken 0 (throw)
        1:   30-block  4
call   12 returned 1
branch 13 taken 1 (fallthrough)
branch 14 taken 0 (throw)
        1:   30-block  5
call   15 returned 1
branch 16 taken 1 (fallthrough)
branch 17 taken 0 (throw)
call   18 returned 1
branch 19 taken 1 (fallthrough)
branch 20 taken 0 (throw)
        1:   30-block  6
call   21 returned 1
branch 22 taken 1 (fallthrough)
branch 23 taken 0 (throw)
        1:   30-block  7
call   24 returned 1
call   25 returned 1
branch 26 taken 1 (fallthrough)
branch 27 taken 0 (throw)
        1:   30-block  8
call   28 returned 1
branch 29 taken 1 (fallthrough)
branch 30 taken 0 (throw)
        1:   30-block  9
call   31 returned 1
call   32 returned 1
branch 33 taken 1 (fallthrough)
branch 34 taken 0 (throw)
        1:   30-block 10
call   35 returned 1
branch 36 taken 1 (fallthrough)
branch 37 taken 0
        1:   30-block 11
call   38 returned 1
branch 39 taken 1 (fallthrough)
branch 40 taken 0 (throw)
        1:   30-block 12
call   41 returned 1
branch 42 taken 1 (fallthrough)
branch 43 taken 0 (throw)
        1:   30-block 13
call   44 returned 1
branch 45 taken 1 (fallthrough)
branch 46 taken 0 (throw)
        1:   30-block 14
call   47 returned 1
branch 48 taken 1 (fallthrough)
branch 49 taken 0 (throw)
        1:   30-block 15
call   50 returned 1
call   51 returned 1
        1:   30-block 16
call   52 returned 1
call   53 returned 1
call   54 returned 1
call   55 returned 1
    $$$$$:   30-block 17
    $$$$$:   30-block 18
call   56 never executed
    $$$$$:   30-block 19
    $$$$$:   30-block 20
call   57 never executed
    $$$$$:   30-block 21
    $$$$$:   30-block 22
call   58 never executed
    $$$$$:   30-block 23
    $$$$$:   30-block 24
call   59 never executed
    $$$$$:   30-block 25
    $$$$$:   30-block 26
call   60 never executed
    $$$$$:   30-block 27
call   61 never executed
    $$$$$:   30-block 28
call   62 never executed
    $$$$$:   30-block 29
call   63 never executed
------------------
_ZN22risasTEST_risas40_TestC1Ev:
function _ZN22risasTEST_risas40_TestC1Ev called 1 returned 100% blocks executed 100%
        1:   30:test("40",risas40);
        1:   30-block  0
call    0 returned 1
------------------
        3:   31:test("41",risas41);
------------------
_ZN22risasTEST_risas41_Test8TestBodyEv:
function _ZN22risasTEST_risas41_Test8TestBodyEv called 1 returned 100% blocks executed 55%
        2:   31:test("41",risas41);
        1:   31-block  0
call    0 returned 1
branch  1 taken 1 (fallthrough)
branch  2 taken 0 (throw)
        1:   31-block  1
call    3 returned 1
branch  4 taken 1 (fallthrough)
branch  5 taken 0 (throw)
        1:   31-block  2
call    6 returned 1
branch  7 taken 1 (fallthrough)
branch  8 taken 0 (throw)
        1:   31-block  3
call    9 returned 1
branch 10 taken 1 (fallthrough)
branch 11 taken 0 (throw)
        1:   31-block  4
call   12 returned 1
branch 13 taken 1 (fallthrough)
branch 14 taken 0 (throw)
        1:   31-block  5
call   15 returned 1
branch 16 taken 1 (fallthrough)
branch 17 taken 0 (throw)
call   18 returned 1
branch 19 taken 1 (fallthrough)
branch 20 taken 0 (throw)
        1:   31-block  6
call   21 returned 1
branch 22 taken 1 (fallthrough)
branch 23 taken 0 (throw)
        1:   31-block  7
call   24 returned 1
call   25 returned 1
branch 26 taken 1 (fallthrough)
branch 27 taken 0 (throw)
        1:   31-block  8
call   28 returned 1
branch 29 taken 1 (fallthrough)
branch 30 taken 0 (throw)
        1:   31-block  9
call   31 returned 1
call   32 returned 1
branch 33 taken 1 (fallthrough)
branch 34 taken 0 (throw)
        1:   31-block 10
call   35 returned 1
branch 36 taken 1 (fallthrough)
branch 37 taken 0
        1:   31-block 11
call   38 returned 1
branch 39 taken 1 (fallthrough)
branch 40 taken 0 (throw)
        1:   31-block 12
call   41 returned 1
branch 42 taken 1 (fallthrough)
branch 43 taken 0 (throw)
        1:   31-block 13
call   44 returned 1
branch 45 taken 1 (fallthrough)
branch 46 taken 0 (throw)
        1:   31-block 14
call   47 returned 1
branch 48 taken 1 (fallthrough)
branch 49 taken 0 (throw)
        1:   31-block 15
call   50 returned 1
call   51 returned 1
        1:   31-block 16
call   52 returned 1
call   53 returned 1
call   54 returned 1
call   55 returned 1
    $$$$$:   31-block 17
    $$$$$:   31-block 18
call   56 never executed
    $$$$$:   31-block 19
    $$$$$:   31-block 20
call   57 never executed
    $$$$$:   31-block 21
    $$$$$:   31-block 22
call   58 never executed
    $$$$$:   31-block 23
    $$$$$:   31-block 24
call   59 never executed
    $$$$$:   31-block 25
    $$$$$:   31-block 26
call   60 never executed
    $$$$$:   31-block 27
call   61 never executed
    $$$$$:   31-block 28
call   62 never executed
    $$$$$:   31-block 29
call   63 never executed
------------------
_ZN22risasTEST_risas41_TestC1Ev:
function _ZN22risasTEST_risas41_TestC1Ev called 1 returned 100% blocks executed 100%
        1:   31:test("41",risas41);
        1:   31-block  0
call    0 returned 1
------------------
        3:   32:test("42",risas42);
------------------
_ZN22risasTEST_risas42_Test8TestBodyEv:
function _ZN22risasTEST_risas42_Test8TestBodyEv called 1 returned 100% blocks executed 55%
        2:   32:test("42",risas42);
        1:   32-block  0
call    0 returned 1
branch  1 taken 1 (fallthrough)
branch  2 taken 0 (throw)
        1:   32-block  1
call    3 returned 1
branch  4 taken 1 (fallthrough)
branch  5 taken 0 (throw)
        1:   32-block  2
call    6 returned 1
branch  7 taken 1 (fallthrough)
branch  8 taken 0 (throw)
        1:   32-block  3
call    9 returned 1
branch 10 taken 1 (fallthrough)
branch 11 taken 0 (throw)
        1:   32-block  4
call   12 returned 1
branch 13 taken 1 (fallthrough)
branch 14 taken 0 (throw)
        1:   32-block  5
call   15 returned 1
branch 16 taken 1 (fallthrough)
branch 17 taken 0 (throw)
call   18 returned 1
branch 19 taken 1 (fallthrough)
branch 20 taken 0 (throw)
        1:   32-block  6
call   21 returned 1
branch 22 taken 1 (fallthrough)
branch 23 taken 0 (throw)
        1:   32-block  7
call   24 returned 1
call   25 returned 1
branch 26 taken 1 (fallthrough)
branch 27 taken 0 (throw)
        1:   32-block  8
call   28 returned 1
branch 29 taken 1 (fallthrough)
branch 30 taken 0 (throw)
        1:   32-block  9
call   31 returned 1
call   32 returned 1
branch 33 taken 1 (fallthrough)
branch 34 taken 0 (throw)
        1:   32-block 10
call   35 returned 1
branch 36 taken 1 (fallthrough)
branch 37 taken 0
        1:   32-block 11
call   38 returned 1
branch 39 taken 1 (fallthrough)
branch 40 taken 0 (throw)
        1:   32-block 12
call   41 returned 1
branch 42 taken 1 (fallthrough)
branch 43 taken 0 (throw)
        1:   32-block 13
call   44 returned 1
branch 45 taken 1 (fallthrough)
branch 46 taken 0 (throw)
        1:   32-block 14
call   47 returned 1
branch 48 taken 1 (fallthrough)
branch 49 taken 0 (throw)
        1:   32-block 15
call   50 returned 1
call   51 returned 1
        1:   32-block 16
call   52 returned 1
call   53 returned 1
call   54 returned 1
call   55 returned 1
    $$$$$:   32-block 17
    $$$$$:   32-block 18
call   56 never executed
    $$$$$:   32-block 19
    $$$$$:   32-block 20
call   57 never executed
    $$$$$:   32-block 21
    $$$$$:   32-block 22
call   58 never executed
    $$$$$:   32-block 23
    $$$$$:   32-block 24
call   59 never executed
    $$$$$:   32-block 25
    $$$$$:   32-block 26
call   60 never executed
    $$$$$:   32-block 27
call   61 never executed
    $$$$$:   32-block 28
call   62 never executed
    $$$$$:   32-block 29
call   63 never executed
------------------
_ZN22risasTEST_risas42_TestC1Ev:
function _ZN22risasTEST_risas42_TestC1Ev called 1 returned 100% blocks executed 100%
        1:   32:test("42",risas42);
        1:   32-block  0
call    0 returned 1
------------------
        3:   33:test("43",risas43);
------------------
_ZN22risasTEST_risas43_Test8TestBodyEv:
function _ZN22risasTEST_risas43_Test8TestBodyEv called 1 returned 100% blocks executed 55%
        2:   33:test("43",risas43);
        1:   33-block  0
call    0 returned 1
branch  1 taken 1 (fallthrough)
branch  2 taken 0 (throw)
        1:   33-block  1
call    3 returned 1
branch  4 taken 1 (fallthrough)
branch  5 taken 0 (throw)
        1:   33-block  2
call    6 returned 1
branch  7 taken 1 (fallthrough)
branch  8 taken 0 (throw)
        1:   33-block  3
call    9 returned 1
branch 10 taken 1 (fallthrough)
branch 11 taken 0 (throw)
        1:   33-block  4
call   12 returned 1
branch 13 taken 1 (fallthrough)
branch 14 taken 0 (throw)
        1:   33-block  5
call   15 returned 1
branch 16 taken 1 (fallthrough)
branch 17 taken 0 (throw)
call   18 returned 1
branch 19 taken 1 (fallthrough)
branch 20 taken 0 (throw)
        1:   33-block  6
call   21 returned 1
branch 22 taken 1 (fallthrough)
branch 23 taken 0 (throw)
        1:   33-block  7
call   24 returned 1
call   25 returned 1
branch 26 taken 1 (fallthrough)
branch 27 taken 0 (throw)
        1:   33-block  8
call   28 returned 1
branch 29 taken 1 (fallthrough)
branch 30 taken 0 (throw)
        1:   33-block  9
call   31 returned 1
call   32 returned 1
branch 33 taken 1 (fallthrough)
branch 34 taken 0 (throw)
        1:   33-block 10
call   35 returned 1
branch 36 taken 1 (fallthrough)
branch 37 taken 0
        1:   33-block 11
call   38 returned 1
branch 39 taken 1 (fallthrough)
branch 40 taken 0 (throw)
        1:   33-block 12
call   41 returned 1
branch 42 taken 1 (fallthrough)
branch 43 taken 0 (throw)
        1:   33-block 13
call   44 returned 1
branch 45 taken 1 (fallthrough)
branch 46 taken 0 (throw)
        1:   33-block 14
call   47 returned 1
branch 48 taken 1 (fallthrough)
branch 49 taken 0 (throw)
        1:   33-block 15
call   50 returned 1
call   51 returned 1
        1:   33-block 16
call   52 returned 1
call   53 returned 1
call   54 returned 1
call   55 returned 1
    $$$$$:   33-block 17
    $$$$$:   33-block 18
call   56 never executed
    $$$$$:   33-block 19
    $$$$$:   33-block 20
call   57 never executed
    $$$$$:   33-block 21
    $$$$$:   33-block 22
call   58 never executed
    $$$$$:   33-block 23
    $$$$$:   33-block 24
call   59 never executed
    $$$$$:   33-block 25
    $$$$$:   33-block 26
call   60 never executed
    $$$$$:   33-block 27
call   61 never executed
    $$$$$:   33-block 28
call   62 never executed
    $$$$$:   33-block 29
call   63 never executed
------------------
_ZN22risasTEST_risas43_TestC1Ev:
function _ZN22risasTEST_risas43_TestC1Ev called 1 returned 100% blocks executed 100%
        1:   33:test("43",risas43);
        1:   33-block  0
call    0 returned 1
------------------
        3:   34:test("44",risas44);
------------------
_ZN22risasTEST_risas44_Test8TestBodyEv:
function _ZN22risasTEST_risas44_Test8TestBodyEv called 1 returned 100% blocks executed 55%
        2:   34:test("44",risas44);
        1:   34-block  0
call    0 returned 1
branch  1 taken 1 (fallthrough)
branch  2 taken 0 (throw)
        1:   34-block  1
call    3 returned 1
branch  4 taken 1 (fallthrough)
branch  5 taken 0 (throw)
        1:   34-block  2
call    6 returned 1
branch  7 taken 1 (fallthrough)
branch  8 taken 0 (throw)
        1:   34-block  3
call    9 returned 1
branch 10 taken 1 (fallthrough)
branch 11 taken 0 (throw)
        1:   34-block  4
call   12 returned 1
branch 13 taken 1 (fallthrough)
branch 14 taken 0 (throw)
        1:   34-block  5
call   15 returned 1
branch 16 taken 1 (fallthrough)
branch 17 taken 0 (throw)
call   18 returned 1
branch 19 taken 1 (fallthrough)
branch 20 taken 0 (throw)
        1:   34-block  6
call   21 returned 1
branch 22 taken 1 (fallthrough)
branch 23 taken 0 (throw)
        1:   34-block  7
call   24 returned 1
call   25 returned 1
branch 26 taken 1 (fallthrough)
branch 27 taken 0 (throw)
        1:   34-block  8
call   28 returned 1
branch 29 taken 1 (fallthrough)
branch 30 taken 0 (throw)
        1:   34-block  9
call   31 returned 1
call   32 returned 1
branch 33 taken 1 (fallthrough)
branch 34 taken 0 (throw)
        1:   34-block 10
call   35 returned 1
branch 36 taken 1 (fallthrough)
branch 37 taken 0
        1:   34-block 11
call   38 returned 1
branch 39 taken 1 (fallthrough)
branch 40 taken 0 (throw)
        1:   34-block 12
call   41 returned 1
branch 42 taken 1 (fallthrough)
branch 43 taken 0 (throw)
        1:   34-block 13
call   44 returned 1
branch 45 taken 1 (fallthrough)
branch 46 taken 0 (throw)
        1:   34-block 14
call   47 returned 1
branch 48 taken 1 (fallthrough)
branch 49 taken 0 (throw)
        1:   34-block 15
call   50 returned 1
call   51 returned 1
        1:   34-block 16
call   52 returned 1
call   53 returned 1
call   54 returned 1
call   55 returned 1
    $$$$$:   34-block 17
    $$$$$:   34-block 18
call   56 never executed
    $$$$$:   34-block 19
    $$$$$:   34-block 20
call   57 never executed
    $$$$$:   34-block 21
    $$$$$:   34-block 22
call   58 never executed
    $$$$$:   34-block 23
    $$$$$:   34-block 24
call   59 never executed
    $$$$$:   34-block 25
    $$$$$:   34-block 26
call   60 never executed
    $$$$$:   34-block 27
call   61 never executed
    $$$$$:   34-block 28
call   62 never executed
    $$$$$:   34-block 29
call   63 never executed
------------------
_ZN22risasTEST_risas44_TestC1Ev:
function _ZN22risasTEST_risas44_TestC1Ev called 1 returned 100% blocks executed 100%
        1:   34:test("44",risas44);
        1:   34-block  0
call    0 returned 1
------------------
        3:   35:test("50",risas50);
------------------
_ZN22risasTEST_risas50_Test8TestBodyEv:
function _ZN22risasTEST_risas50_Test8TestBodyEv called 1 returned 100% blocks executed 55%
        2:   35:test("50",risas50);
        1:   35-block  0
call    0 returned 1
branch  1 taken 1 (fallthrough)
branch  2 taken 0 (throw)
        1:   35-block  1
call    3 returned 1
branch  4 taken 1 (fallthrough)
branch  5 taken 0 (throw)
        1:   35-block  2
call    6 returned 1
branch  7 taken 1 (fallthrough)
branch  8 taken 0 (throw)
        1:   35-block  3
call    9 returned 1
branch 10 taken 1 (fallthrough)
branch 11 taken 0 (throw)
        1:   35-block  4
call   12 returned 1
branch 13 taken 1 (fallthrough)
branch 14 taken 0 (throw)
        1:   35-block  5
call   15 returned 1
branch 16 taken 1 (fallthrough)
branch 17 taken 0 (throw)
call   18 returned 1
branch 19 taken 1 (fallthrough)
branch 20 taken 0 (throw)
        1:   35-block  6
call   21 returned 1
branch 22 taken 1 (fallthrough)
branch 23 taken 0 (throw)
        1:   35-block  7
call   24 returned 1
call   25 returned 1
branch 26 taken 1 (fallthrough)
branch 27 taken 0 (throw)
        1:   35-block  8
call   28 returned 1
branch 29 taken 1 (fallthrough)
branch 30 taken 0 (throw)
        1:   35-block  9
call   31 returned 1
call   32 returned 1
branch 33 taken 1 (fallthrough)
branch 34 taken 0 (throw)
        1:   35-block 10
call   35 returned 1
branch 36 taken 1 (fallthrough)
branch 37 taken 0
        1:   35-block 11
call   38 returned 1
branch 39 taken 1 (fallthrough)
branch 40 taken 0 (throw)
        1:   35-block 12
call   41 returned 1
branch 42 taken 1 (fallthrough)
branch 43 taken 0 (throw)
        1:   35-block 13
call   44 returned 1
branch 45 taken 1 (fallthrough)
branch 46 taken 0 (throw)
        1:   35-block 14
call   47 returned 1
branch 48 taken 1 (fallthrough)
branch 49 taken 0 (throw)
        1:   35-block 15
call   50 returned 1
call   51 returned 1
        1:   35-block 16
call   52 returned 1
call   53 returned 1
call   54 returned 1
call   55 returned 1
    $$$$$:   35-block 17
    $$$$$:   35-block 18
call   56 never executed
    $$$$$:   35-block 19
    $$$$$:   35-block 20
call   57 never executed
    $$$$$:   35-block 21
    $$$$$:   35-block 22
call   58 never executed
    $$$$$:   35-block 23
    $$$$$:   35-block 24
call   59 never executed
    $$$$$:   35-block 25
    $$$$$:   35-block 26
call   60 never executed
    $$$$$:   35-block 27
call   61 never executed
    $$$$$:   35-block 28
call   62 never executed
    $$$$$:   35-block 29
call   63 never executed
------------------
_ZN22risasTEST_risas50_TestC1Ev:
function _ZN22risasTEST_risas50_TestC1Ev called 1 returned 100% blocks executed 100%
        1:   35:test("50",risas50);
        1:   35-block  0
call    0 returned 1
------------------
        3:   36:test("51",risas51);
------------------
_ZN22risasTEST_risas51_Test8TestBodyEv:
function _ZN22risasTEST_risas51_Test8TestBodyEv called 1 returned 100% blocks executed 55%
        2:   36:test("51",risas51);
        1:   36-block  0
call    0 returned 1
branch  1 taken 1 (fallthrough)
branch  2 taken 0 (throw)
        1:   36-block  1
call    3 returned 1
branch  4 taken 1 (fallthrough)
branch  5 taken 0 (throw)
        1:   36-block  2
call    6 returned 1
branch  7 taken 1 (fallthrough)
branch  8 taken 0 (throw)
        1:   36-block  3
call    9 returned 1
branch 10 taken 1 (fallthrough)
branch 11 taken 0 (throw)
        1:   36-block  4
call   12 returned 1
branch 13 taken 1 (fallthrough)
branch 14 taken 0 (throw)
        1:   36-block  5
call   15 returned 1
branch 16 taken 1 (fallthrough)
branch 17 taken 0 (throw)
call   18 returned 1
branch 19 taken 1 (fallthrough)
branch 20 taken 0 (throw)
        1:   36-block  6
call   21 returned 1
branch 22 taken 1 (fallthrough)
branch 23 taken 0 (throw)
        1:   36-block  7
call   24 returned 1
call   25 returned 1
branch 26 taken 1 (fallthrough)
branch 27 taken 0 (throw)
        1:   36-block  8
call   28 returned 1
branch 29 taken 1 (fallthrough)
branch 30 taken 0 (throw)
        1:   36-block  9
call   31 returned 1
call   32 returned 1
branch 33 taken 1 (fallthrough)
branch 34 taken 0 (throw)
        1:   36-block 10
call   35 returned 1
branch 36 taken 1 (fallthrough)
branch 37 taken 0
        1:   36-block 11
call   38 returned 1
branch 39 taken 1 (fallthrough)
branch 40 taken 0 (throw)
        1:   36-block 12
call   41 returned 1
branch 42 taken 1 (fallthrough)
branch 43 taken 0 (throw)
        1:   36-block 13
call   44 returned 1
branch 45 taken 1 (fallthrough)
branch 46 taken 0 (throw)
        1:   36-block 14
call   47 returned 1
branch 48 taken 1 (fallthrough)
branch 49 taken 0 (throw)
        1:   36-block 15
call   50 returned 1
call   51 returned 1
        1:   36-block 16
call   52 returned 1
call   53 returned 1
call   54 returned 1
call   55 returned 1
    $$$$$:   36-block 17
    $$$$$:   36-block 18
call   56 never executed
    $$$$$:   36-block 19
    $$$$$:   36-block 20
call   57 never executed
    $$$$$:   36-block 21
    $$$$$:   36-block 22
call   58 never executed
    $$$$$:   36-block 23
    $$$$$:   36-block 24
call   59 never executed
    $$$$$:   36-block 25
    $$$$$:   36-block 26
call   60 never executed
    $$$$$:   36-block 27
call   61 never executed
    $$$$$:   36-block 28
call   62 never executed
    $$$$$:   36-block 29
call   63 never executed
------------------
_ZN22risasTEST_risas51_TestC1Ev:
function _ZN22risasTEST_risas51_TestC1Ev called 1 returned 100% blocks executed 100%
        1:   36:test("51",risas51);
        1:   36-block  0
call    0 returned 1
------------------
        3:   37:test("52",risas52);
------------------
_ZN22risasTEST_risas52_Test8TestBodyEv:
function _ZN22risasTEST_risas52_Test8TestBodyEv called 1 returned 100% blocks executed 55%
        2:   37:test("52",risas52);
        1:   37-block  0
call    0 returned 1
branch  1 taken 1 (fallthrough)
branch  2 taken 0 (throw)
        1:   37-block  1
call    3 returned 1
branch  4 taken 1 (fallthrough)
branch  5 taken 0 (throw)
        1:   37-block  2
call    6 returned 1
branch  7 taken 1 (fallthrough)
branch  8 taken 0 (throw)
        1:   37-block  3
call    9 returned 1
branch 10 taken 1 (fallthrough)
branch 11 taken 0 (throw)
        1:   37-block  4
call   12 returned 1
branch 13 taken 1 (fallthrough)
branch 14 taken 0 (throw)
        1:   37-block  5
call   15 returned 1
branch 16 taken 1 (fallthrough)
branch 17 taken 0 (throw)
call   18 returned 1
branch 19 taken 1 (fallthrough)
branch 20 taken 0 (throw)
        1:   37-block  6
call   21 returned 1
branch 22 taken 1 (fallthrough)
branch 23 taken 0 (throw)
        1:   37-block  7
call   24 returned 1
call   25 returned 1
branch 26 taken 1 (fallthrough)
branch 27 taken 0 (throw)
        1:   37-block  8
call   28 returned 1
branch 29 taken 1 (fallthrough)
branch 30 taken 0 (throw)
        1:   37-block  9
call   31 returned 1
call   32 returned 1
branch 33 taken 1 (fallthrough)
branch 34 taken 0 (throw)
        1:   37-block 10
call   35 returned 1
branch 36 taken 1 (fallthrough)
branch 37 taken 0
        1:   37-block 11
call   38 returned 1
branch 39 taken 1 (fallthrough)
branch 40 taken 0 (throw)
        1:   37-block 12
call   41 returned 1
branch 42 taken 1 (fallthrough)
branch 43 taken 0 (throw)
        1:   37-block 13
call   44 returned 1
branch 45 taken 1 (fallthrough)
branch 46 taken 0 (throw)
        1:   37-block 14
call   47 returned 1
branch 48 taken 1 (fallthrough)
branch 49 taken 0 (throw)
        1:   37-block 15
call   50 returned 1
call   51 returned 1
        1:   37-block 16
call   52 returned 1
call   53 returned 1
call   54 returned 1
call   55 returned 1
    $$$$$:   37-block 17
    $$$$$:   37-block 18
call   56 never executed
    $$$$$:   37-block 19
    $$$$$:   37-block 20
call   57 never executed
    $$$$$:   37-block 21
    $$$$$:   37-block 22
call   58 never executed
    $$$$$:   37-block 23
    $$$$$:   37-block 24
call   59 never executed
    $$$$$:   37-block 25
    $$$$$:   37-block 26
call   60 never executed
    $$$$$:   37-block 27
call   61 never executed
    $$$$$:   37-block 28
call   62 never executed
    $$$$$:   37-block 29
call   63 never executed
------------------
_ZN22risasTEST_risas52_TestC1Ev:
function _ZN22risasTEST_risas52_TestC1Ev called 1 returned 100% blocks executed 100%
        1:   37:test("52",risas52);
        1:   37-block  0
call    0 returned 1
------------------
        3:   38:test("53",risas53);
------------------
_ZN22risasTEST_risas53_Test8TestBodyEv:
function _ZN22risasTEST_risas53_Test8TestBodyEv called 1 returned 100% blocks executed 55%
        2:   38:test("53",risas53);
        1:   38-block  0
call    0 returned 1
branch  1 taken 1 (fallthrough)
branch  2 taken 0 (throw)
        1:   38-block  1
call    3 returned 1
branch  4 taken 1 (fallthrough)
branch  5 taken 0 (throw)
        1:   38-block  2
call    6 returned 1
branch  7 taken 1 (fallthrough)
branch  8 taken 0 (throw)
        1:   38-block  3
call    9 returned 1
branch 10 taken 1 (fallthrough)
branch 11 taken 0 (throw)
        1:   38-block  4
call   12 returned 1
branch 13 taken 1 (fallthrough)
branch 14 taken 0 (throw)
        1:   38-block  5
call   15 returned 1
branch 16 taken 1 (fallthrough)
branch 17 taken 0 (throw)
call   18 returned 1
branch 19 taken 1 (fallthrough)
branch 20 taken 0 (throw)
        1:   38-block  6
call   21 returned 1
branch 22 taken 1 (fallthrough)
branch 23 taken 0 (throw)
        1:   38-block  7
call   24 returned 1
call   25 returned 1
branch 26 taken 1 (fallthrough)
branch 27 taken 0 (throw)
        1:   38-block  8
call   28 returned 1
branch 29 taken 1 (fallthrough)
branch 30 taken 0 (throw)
        1:   38-block  9
call   31 returned 1
call   32 returned 1
branch 33 taken 1 (fallthrough)
branch 34 taken 0 (throw)
        1:   38-block 10
call   35 returned 1
branch 36 taken 1 (fallthrough)
branch 37 taken 0
        1:   38-block 11
call   38 returned 1
branch 39 taken 1 (fallthrough)
branch 40 taken 0 (throw)
        1:   38-block 12
call   41 returned 1
branch 42 taken 1 (fallthrough)
branch 43 taken 0 (throw)
        1:   38-block 13
call   44 returned 1
branch 45 taken 1 (fallthrough)
branch 46 taken 0 (throw)
        1:   38-block 14
call   47 returned 1
branch 48 taken 1 (fallthrough)
branch 49 taken 0 (throw)
        1:   38-block 15
call   50 returned 1
call   51 returned 1
        1:   38-block 16
call   52 returned 1
call   53 returned 1
call   54 returned 1
call   55 returned 1
    $$$$$:   38-block 17
    $$$$$:   38-block 18
call   56 never executed
    $$$$$:   38-block 19
    $$$$$:   38-block 20
call   57 never executed
    $$$$$:   38-block 21
    $$$$$:   38-block 22
call   58 never executed
    $$$$$:   38-block 23
    $$$$$:   38-block 24
call   59 never executed
    $$$$$:   38-block 25
    $$$$$:   38-block 26
call   60 never executed
    $$$$$:   38-block 27
call   61 never executed
    $$$$$:   38-block 28
call   62 never executed
    $$$$$:   38-block 29
call   63 never executed
------------------
_ZN22risasTEST_risas53_TestC1Ev:
function _ZN22risasTEST_risas53_TestC1Ev called 1 returned 100% blocks executed 100%
        1:   38:test("53",risas53);
        1:   38-block  0
call    0 returned 1
------------------
        3:   39:test("54",risas54);
------------------
_ZN22risasTEST_risas54_Test8TestBodyEv:
function _ZN22risasTEST_risas54_Test8TestBodyEv called 1 returned 100% blocks executed 55%
        2:   39:test("54",risas54);
        1:   39-block  0
call    0 returned 1
branch  1 taken 1 (fallthrough)
branch  2 taken 0 (throw)
        1:   39-block  1
call    3 returned 1
branch  4 taken 1 (fallthrough)
branch  5 taken 0 (throw)
        1:   39-block  2
call    6 returned 1
branch  7 taken 1 (fallthrough)
branch  8 taken 0 (throw)
        1:   39-block  3
call    9 returned 1
branch 10 taken 1 (fallthrough)
branch 11 taken 0 (throw)
        1:   39-block  4
call   12 returned 1
branch 13 taken 1 (fallthrough)
branch 14 taken 0 (throw)
        1:   39-block  5
call   15 returned 1
branch 16 taken 1 (fallthrough)
branch 17 taken 0 (throw)
call   18 returned 1
branch 19 taken 1 (fallthrough)
branch 20 taken 0 (throw)
        1:   39-block  6
call   21 returned 1
branch 22 taken 1 (fallthrough)
branch 23 taken 0 (throw)
        1:   39-block  7
call   24 returned 1
call   25 returned 1
branch 26 taken 1 (fallthrough)
branch 27 taken 0 (throw)
        1:   39-block  8
call   28 returned 1
branch 29 taken 1 (fallthrough)
branch 30 taken 0 (throw)
        1:   39-block  9
call   31 returned 1
call   32 returned 1
branch 33 taken 1 (fallthrough)
branch 34 taken 0 (throw)
        1:   39-block 10
call   35 returned 1
branch 36 taken 1 (fallthrough)
branch 37 taken 0
        1:   39-block 11
call   38 returned 1
branch 39 taken 1 (fallthrough)
branch 40 taken 0 (throw)
        1:   39-block 12
call   41 returned 1
branch 42 taken 1 (fallthrough)
branch 43 taken 0 (throw)
        1:   39-block 13
call   44 returned 1
branch 45 taken 1 (fallthrough)
branch 46 taken 0 (throw)
        1:   39-block 14
call   47 returned 1
branch 48 taken 1 (fallthrough)
branch 49 taken 0 (throw)
        1:   39-block 15
call   50 returned 1
call   51 returned 1
        1:   39-block 16
call   52 returned 1
call   53 returned 1
call   54 returned 1
call   55 returned 1
    $$$$$:   39-block 17
    $$$$$:   39-block 18
call   56 never executed
    $$$$$:   39-block 19
    $$$$$:   39-block 20
call   57 never executed
    $$$$$:   39-block 21
    $$$$$:   39-block 22
call   58 never executed
    $$$$$:   39-block 23
    $$$$$:   39-block 24
call   59 never executed
    $$$$$:   39-block 25
    $$$$$:   39-block 26
call   60 never executed
    $$$$$:   39-block 27
call   61 never executed
    $$$$$:   39-block 28
call   62 never executed
    $$$$$:   39-block 29
call   63 never executed
------------------
_ZN22risasTEST_risas54_TestC1Ev:
function _ZN22risasTEST_risas54_TestC1Ev called 1 returned 100% blocks executed 100%
        1:   39:test("54",risas54);
        1:   39-block  0
call    0 returned 1
------------------
        -:   40:
