        -:    0:Source:C:/Users/Octav/Desktop/Labo09/template_alumnos/tests/tests.cpp
        -:    0:Graph:C:\Users\Octav\Desktop\Labo09\template_alumnos\cmake-build-debug-coverage\CMakeFiles\strings.dir\tests\tests.cpp.gcno
        -:    0:Data:C:\Users\Octav\Desktop\Labo09\template_alumnos\cmake-build-debug-coverage\CMakeFiles\strings.dir\tests\tests.cpp.gcda
        -:    0:Runs:1
        -:    1:#include "gtest/gtest.h"
        -:    2:#include "../src/ejercicios.h"
        -:    3:
        -:    4://///////////////////////// split ///////////////////////////
        2:    5:TEST(splitTest, vacio){
        1:    6:	vector<string> v = {};
       2*:    7:	ASSERT_EQ(v, split("", ' '));
        1:    8:}
------------------
_ZN20splitTest_vacio_Test8TestBodyEv:
function _ZN20splitTest_vacio_Test8TestBodyEv called 1 returned 100% blocks executed 42%
        1:    5:TEST(splitTest, vacio){
        1:    6:	vector<string> v = {};
        1:    6-block  0
call    0 returned 1
       2*:    7:	ASSERT_EQ(v, split("", ' '));
call    0 returned 1
call    1 returned 1
branch  2 taken 1 (fallthrough)
branch  3 taken 0 (throw)
        1:    7-block  0
call    4 returned 1
branch  5 taken 1 (fallthrough)
branch  6 taken 0 (throw)
        1:    7-block  1
call    7 returned 1
branch  8 taken 1 (fallthrough)
branch  9 taken 0 (throw)
call   10 returned 1
call   11 returned 1
call   12 returned 1
branch 13 taken 0 (fallthrough)
branch 14 taken 1
    %%%%%:    7-block  2
call   15 never executed
branch 16 never executed
branch 17 never executed
    %%%%%:    7-block  3
call   18 never executed
branch 19 never executed
branch 20 never executed
    %%%%%:    7-block  4
call   21 never executed
branch 22 never executed
branch 23 never executed
    %%%%%:    7-block  5
call   24 never executed
branch 25 never executed
branch 26 never executed
    %%%%%:    7-block  6
call   27 never executed
call   28 never executed
        1:    7-block  7
        1:    7-block  8
call   29 returned 1
branch 30 taken 1 (fallthrough)
branch 31 taken 0
    $$$$$:    7-block  9
    $$$$$:    7-block 10
    $$$$$:    7-block 11
    $$$$$:    7-block 12
call   32 never executed
    $$$$$:    7-block 13
    $$$$$:    7-block 14
call   33 never executed
    $$$$$:    7-block 15
    $$$$$:    7-block 16
call   34 never executed
        1:    8:}
        1:    8-block  0
        1:    8-block  1
call    0 returned 1
branch  1 taken 1 (fallthrough)
branch  2 taken 0
    $$$$$:    8-block  2
call    3 never executed
------------------
_ZN20splitTest_vacio_TestC1Ev:
function _ZN20splitTest_vacio_TestC1Ev called 1 returned 100% blocks executed 100%
        1:    5:TEST(splitTest, vacio){
        1:    5-block  0
call    0 returned 1
------------------
        -:    9:
        2:   10:TEST(splitTest, frase){
        7:   11:	vector<string> v = {"hola", "mundo", "se", "programar"};
       2*:   12:	ASSERT_EQ(v, split("hola mundo se programar", ' '));
        1:   13:}
------------------
_ZN20splitTest_frase_Test8TestBodyEv:
function _ZN20splitTest_frase_Test8TestBodyEv called 1 returned 100% blocks executed 44%
        1:   10:TEST(splitTest, frase){
        7:   11:	vector<string> v = {"hola", "mundo", "se", "programar"};
        1:   11-block  0
call    0 returned 1
call    1 returned 1
branch  2 taken 1 (fallthrough)
branch  3 taken 0 (throw)
        1:   11-block  1
call    4 returned 1
call    5 returned 1
branch  6 taken 1 (fallthrough)
branch  7 taken 0 (throw)
        1:   11-block  2
call    8 returned 1
call    9 returned 1
branch 10 taken 1 (fallthrough)
branch 11 taken 0 (throw)
        1:   11-block  3
call   12 returned 1
call   13 returned 1
branch 14 taken 1 (fallthrough)
branch 15 taken 0 (throw)
        1:   11-block  4
call   16 returned 1
call   17 returned 1
branch 18 taken 1 (fallthrough)
branch 19 taken 0 (throw)
        4:   11-block  5
call   20 returned 4
        1:   11-block  6
call   21 returned 1
call   22 returned 1
call   23 returned 1
call   24 returned 1
    $$$$$:   11-block  7
    $$$$$:   11-block  8
    $$$$$:   11-block  9
call   25 never executed
    $$$$$:   11-block 10
    $$$$$:   11-block 11
    $$$$$:   11-block 12
    $$$$$:   11-block 13
    $$$$$:   11-block 14
       2*:   12:	ASSERT_EQ(v, split("hola mundo se programar", ' '));
call    0 returned 1
call    1 returned 1
branch  2 taken 1 (fallthrough)
branch  3 taken 0 (throw)
        1:   12-block  0
call    4 returned 1
branch  5 taken 1 (fallthrough)
branch  6 taken 0 (throw)
        1:   12-block  1
call    7 returned 1
branch  8 taken 1 (fallthrough)
branch  9 taken 0 (throw)
call   10 returned 1
call   11 returned 1
call   12 returned 1
branch 13 taken 0 (fallthrough)
branch 14 taken 1
    %%%%%:   12-block  2
call   15 never executed
branch 16 never executed
branch 17 never executed
    %%%%%:   12-block  3
call   18 never executed
branch 19 never executed
branch 20 never executed
    %%%%%:   12-block  4
call   21 never executed
branch 22 never executed
branch 23 never executed
    %%%%%:   12-block  5
call   24 never executed
branch 25 never executed
branch 26 never executed
    %%%%%:   12-block  6
call   27 never executed
call   28 never executed
        1:   12-block  7
        1:   12-block  8
call   29 returned 1
branch 30 taken 1 (fallthrough)
branch 31 taken 0
    $$$$$:   12-block  9
    $$$$$:   12-block 10
    $$$$$:   12-block 11
    $$$$$:   12-block 12
call   32 never executed
    $$$$$:   12-block 13
    $$$$$:   12-block 14
call   33 never executed
    $$$$$:   12-block 15
    $$$$$:   12-block 16
call   34 never executed
        1:   13:}
        1:   13-block  0
        1:   13-block  1
call    0 returned 1
branch  1 taken 1 (fallthrough)
branch  2 taken 0
    $$$$$:   13-block  2
call    3 never executed
------------------
_ZN20splitTest_frase_TestC1Ev:
function _ZN20splitTest_frase_TestC1Ev called 1 returned 100% blocks executed 100%
        1:   10:TEST(splitTest, frase){
        1:   10-block  0
call    0 returned 1
------------------
        -:   14:
        2:   15:TEST(splitTest, sinEspacios){
        4:   16:	vector<string> v = {"hola"};
       2*:   17:	ASSERT_EQ(v, split("hola", ' '));
        1:   18:}
------------------
_ZN26splitTest_sinEspacios_Test8TestBodyEv:
function _ZN26splitTest_sinEspacios_Test8TestBodyEv called 1 returned 100% blocks executed 42%
        1:   15:TEST(splitTest, sinEspacios){
        4:   16:	vector<string> v = {"hola"};
        1:   16-block  0
call    0 returned 1
call    1 returned 1
branch  2 taken 1 (fallthrough)
branch  3 taken 0 (throw)
        1:   16-block  1
call    4 returned 1
call    5 returned 1
branch  6 taken 1 (fallthrough)
branch  7 taken 0 (throw)
        1:   16-block  2
call    8 returned 1
        1:   16-block  3
call    9 returned 1
    $$$$$:   16-block  4
    $$$$$:   16-block  5
    $$$$$:   16-block  6
call   10 never executed
    $$$$$:   16-block  7
    $$$$$:   16-block  8
       2*:   17:	ASSERT_EQ(v, split("hola", ' '));
call    0 returned 1
call    1 returned 1
branch  2 taken 1 (fallthrough)
branch  3 taken 0 (throw)
        1:   17-block  0
call    4 returned 1
branch  5 taken 1 (fallthrough)
branch  6 taken 0 (throw)
        1:   17-block  1
call    7 returned 1
branch  8 taken 1 (fallthrough)
branch  9 taken 0 (throw)
call   10 returned 1
call   11 returned 1
call   12 returned 1
branch 13 taken 0 (fallthrough)
branch 14 taken 1
    %%%%%:   17-block  2
call   15 never executed
branch 16 never executed
branch 17 never executed
    %%%%%:   17-block  3
call   18 never executed
branch 19 never executed
branch 20 never executed
    %%%%%:   17-block  4
call   21 never executed
branch 22 never executed
branch 23 never executed
    %%%%%:   17-block  5
call   24 never executed
branch 25 never executed
branch 26 never executed
    %%%%%:   17-block  6
call   27 never executed
call   28 never executed
        1:   17-block  7
        1:   17-block  8
call   29 returned 1
branch 30 taken 1 (fallthrough)
branch 31 taken 0
    $$$$$:   17-block  9
    $$$$$:   17-block 10
    $$$$$:   17-block 11
    $$$$$:   17-block 12
call   32 never executed
    $$$$$:   17-block 13
    $$$$$:   17-block 14
call   33 never executed
    $$$$$:   17-block 15
    $$$$$:   17-block 16
call   34 never executed
        1:   18:}
        1:   18-block  0
        1:   18-block  1
call    0 returned 1
branch  1 taken 1 (fallthrough)
branch  2 taken 0
    $$$$$:   18-block  2
call    3 never executed
------------------
_ZN26splitTest_sinEspacios_TestC1Ev:
function _ZN26splitTest_sinEspacios_TestC1Ev called 1 returned 100% blocks executed 100%
        1:   15:TEST(splitTest, sinEspacios){
        1:   15-block  0
call    0 returned 1
------------------
        -:   19:
        2:   20:TEST(splitTest, EspacioAlFinal){
        4:   21:	vector<string> v = {"hola"};
       2*:   22:	ASSERT_EQ(v, split("hola ", ' '));
        1:   23:}
------------------
_ZN29splitTest_EspacioAlFinal_Test8TestBodyEv:
function _ZN29splitTest_EspacioAlFinal_Test8TestBodyEv called 1 returned 100% blocks executed 42%
        1:   20:TEST(splitTest, EspacioAlFinal){
        4:   21:	vector<string> v = {"hola"};
        1:   21-block  0
call    0 returned 1
call    1 returned 1
branch  2 taken 1 (fallthrough)
branch  3 taken 0 (throw)
        1:   21-block  1
call    4 returned 1
call    5 returned 1
branch  6 taken 1 (fallthrough)
branch  7 taken 0 (throw)
        1:   21-block  2
call    8 returned 1
        1:   21-block  3
call    9 returned 1
    $$$$$:   21-block  4
    $$$$$:   21-block  5
    $$$$$:   21-block  6
call   10 never executed
    $$$$$:   21-block  7
    $$$$$:   21-block  8
       2*:   22:	ASSERT_EQ(v, split("hola ", ' '));
call    0 returned 1
call    1 returned 1
branch  2 taken 1 (fallthrough)
branch  3 taken 0 (throw)
        1:   22-block  0
call    4 returned 1
branch  5 taken 1 (fallthrough)
branch  6 taken 0 (throw)
        1:   22-block  1
call    7 returned 1
branch  8 taken 1 (fallthrough)
branch  9 taken 0 (throw)
call   10 returned 1
call   11 returned 1
call   12 returned 1
branch 13 taken 0 (fallthrough)
branch 14 taken 1
    %%%%%:   22-block  2
call   15 never executed
branch 16 never executed
branch 17 never executed
    %%%%%:   22-block  3
call   18 never executed
branch 19 never executed
branch 20 never executed
    %%%%%:   22-block  4
call   21 never executed
branch 22 never executed
branch 23 never executed
    %%%%%:   22-block  5
call   24 never executed
branch 25 never executed
branch 26 never executed
    %%%%%:   22-block  6
call   27 never executed
call   28 never executed
        1:   22-block  7
        1:   22-block  8
call   29 returned 1
branch 30 taken 1 (fallthrough)
branch 31 taken 0
    $$$$$:   22-block  9
    $$$$$:   22-block 10
    $$$$$:   22-block 11
    $$$$$:   22-block 12
call   32 never executed
    $$$$$:   22-block 13
    $$$$$:   22-block 14
call   33 never executed
    $$$$$:   22-block 15
    $$$$$:   22-block 16
call   34 never executed
        1:   23:}
        1:   23-block  0
        1:   23-block  1
call    0 returned 1
branch  1 taken 1 (fallthrough)
branch  2 taken 0
    $$$$$:   23-block  2
call    3 never executed
------------------
_ZN29splitTest_EspacioAlFinal_TestC1Ev:
function _ZN29splitTest_EspacioAlFinal_TestC1Ev called 1 returned 100% blocks executed 100%
        1:   20:TEST(splitTest, EspacioAlFinal){
        1:   20-block  0
call    0 returned 1
------------------
        -:   24:
        2:   25:TEST(splitTest, EspacioAlPrincipio){
        4:   26:	vector<string> v = {"hola"};
       2*:   27:	ASSERT_EQ(v, split(" hola", ' '));
        1:   28:}
------------------
_ZN33splitTest_EspacioAlPrincipio_Test8TestBodyEv:
function _ZN33splitTest_EspacioAlPrincipio_Test8TestBodyEv called 1 returned 100% blocks executed 42%
        1:   25:TEST(splitTest, EspacioAlPrincipio){
        4:   26:	vector<string> v = {"hola"};
        1:   26-block  0
call    0 returned 1
call    1 returned 1
branch  2 taken 1 (fallthrough)
branch  3 taken 0 (throw)
        1:   26-block  1
call    4 returned 1
call    5 returned 1
branch  6 taken 1 (fallthrough)
branch  7 taken 0 (throw)
        1:   26-block  2
call    8 returned 1
        1:   26-block  3
call    9 returned 1
    $$$$$:   26-block  4
    $$$$$:   26-block  5
    $$$$$:   26-block  6
call   10 never executed
    $$$$$:   26-block  7
    $$$$$:   26-block  8
       2*:   27:	ASSERT_EQ(v, split(" hola", ' '));
call    0 returned 1
call    1 returned 1
branch  2 taken 1 (fallthrough)
branch  3 taken 0 (throw)
        1:   27-block  0
call    4 returned 1
branch  5 taken 1 (fallthrough)
branch  6 taken 0 (throw)
        1:   27-block  1
call    7 returned 1
branch  8 taken 1 (fallthrough)
branch  9 taken 0 (throw)
call   10 returned 1
call   11 returned 1
call   12 returned 1
branch 13 taken 0 (fallthrough)
branch 14 taken 1
    %%%%%:   27-block  2
call   15 never executed
branch 16 never executed
branch 17 never executed
    %%%%%:   27-block  3
call   18 never executed
branch 19 never executed
branch 20 never executed
    %%%%%:   27-block  4
call   21 never executed
branch 22 never executed
branch 23 never executed
    %%%%%:   27-block  5
call   24 never executed
branch 25 never executed
branch 26 never executed
    %%%%%:   27-block  6
call   27 never executed
call   28 never executed
        1:   27-block  7
        1:   27-block  8
call   29 returned 1
branch 30 taken 1 (fallthrough)
branch 31 taken 0
    $$$$$:   27-block  9
    $$$$$:   27-block 10
    $$$$$:   27-block 11
    $$$$$:   27-block 12
call   32 never executed
    $$$$$:   27-block 13
    $$$$$:   27-block 14
call   33 never executed
    $$$$$:   27-block 15
    $$$$$:   27-block 16
call   34 never executed
        1:   28:}
        1:   28-block  0
        1:   28-block  1
call    0 returned 1
branch  1 taken 1 (fallthrough)
branch  2 taken 0
    $$$$$:   28-block  2
call    3 never executed
------------------
_ZN33splitTest_EspacioAlPrincipio_TestC1Ev:
function _ZN33splitTest_EspacioAlPrincipio_TestC1Ev called 1 returned 100% blocks executed 100%
        1:   25:TEST(splitTest, EspacioAlPrincipio){
        1:   25-block  0
call    0 returned 1
------------------
        -:   29:
        2:   30:TEST(splitTest, variosEspciosEnElMedio){
       10:   31:	vector<string> v = {"Esto", "es", "un", "string", "con", "distintos", "espaciados"};
       2*:   32:	ASSERT_EQ(v, split("Esto   es un   string  con distintos   espaciados", ' '));
        1:   33:}
------------------
_ZN37splitTest_variosEspciosEnElMedio_Test8TestBodyEv:
function _ZN37splitTest_variosEspciosEnElMedio_Test8TestBodyEv called 1 returned 100% blocks executed 45%
        1:   30:TEST(splitTest, variosEspciosEnElMedio){
       10:   31:	vector<string> v = {"Esto", "es", "un", "string", "con", "distintos", "espaciados"};
        1:   31-block  0
call    0 returned 1
call    1 returned 1
branch  2 taken 1 (fallthrough)
branch  3 taken 0 (throw)
        1:   31-block  1
call    4 returned 1
call    5 returned 1
branch  6 taken 1 (fallthrough)
branch  7 taken 0 (throw)
        1:   31-block  2
call    8 returned 1
call    9 returned 1
branch 10 taken 1 (fallthrough)
branch 11 taken 0 (throw)
        1:   31-block  3
call   12 returned 1
call   13 returned 1
branch 14 taken 1 (fallthrough)
branch 15 taken 0 (throw)
        1:   31-block  4
call   16 returned 1
call   17 returned 1
branch 18 taken 1 (fallthrough)
branch 19 taken 0 (throw)
        1:   31-block  5
call   20 returned 1
call   21 returned 1
branch 22 taken 1 (fallthrough)
branch 23 taken 0 (throw)
        1:   31-block  6
call   24 returned 1
call   25 returned 1
branch 26 taken 1 (fallthrough)
branch 27 taken 0 (throw)
        1:   31-block  7
call   28 returned 1
call   29 returned 1
branch 30 taken 1 (fallthrough)
branch 31 taken 0 (throw)
        7:   31-block  8
call   32 returned 7
        1:   31-block  9
call   33 returned 1
call   34 returned 1
call   35 returned 1
call   36 returned 1
call   37 returned 1
call   38 returned 1
call   39 returned 1
    $$$$$:   31-block 10
    $$$$$:   31-block 11
    $$$$$:   31-block 12
call   40 never executed
    $$$$$:   31-block 13
    $$$$$:   31-block 14
    $$$$$:   31-block 15
    $$$$$:   31-block 16
    $$$$$:   31-block 17
    $$$$$:   31-block 18
    $$$$$:   31-block 19
    $$$$$:   31-block 20
       2*:   32:	ASSERT_EQ(v, split("Esto   es un   string  con distintos   espaciados", ' '));
call    0 returned 1
call    1 returned 1
branch  2 taken 1 (fallthrough)
branch  3 taken 0 (throw)
        1:   32-block  0
call    4 returned 1
branch  5 taken 1 (fallthrough)
branch  6 taken 0 (throw)
        1:   32-block  1
call    7 returned 1
branch  8 taken 1 (fallthrough)
branch  9 taken 0 (throw)
call   10 returned 1
call   11 returned 1
call   12 returned 1
branch 13 taken 0 (fallthrough)
branch 14 taken 1
    %%%%%:   32-block  2
call   15 never executed
branch 16 never executed
branch 17 never executed
    %%%%%:   32-block  3
call   18 never executed
branch 19 never executed
branch 20 never executed
    %%%%%:   32-block  4
call   21 never executed
branch 22 never executed
branch 23 never executed
    %%%%%:   32-block  5
call   24 never executed
branch 25 never executed
branch 26 never executed
    %%%%%:   32-block  6
call   27 never executed
call   28 never executed
        1:   32-block  7
        1:   32-block  8
call   29 returned 1
branch 30 taken 1 (fallthrough)
branch 31 taken 0
    $$$$$:   32-block  9
    $$$$$:   32-block 10
    $$$$$:   32-block 11
    $$$$$:   32-block 12
call   32 never executed
    $$$$$:   32-block 13
    $$$$$:   32-block 14
call   33 never executed
    $$$$$:   32-block 15
    $$$$$:   32-block 16
call   34 never executed
        1:   33:}
        1:   33-block  0
        1:   33-block  1
call    0 returned 1
branch  1 taken 1 (fallthrough)
branch  2 taken 0
    $$$$$:   33-block  2
call    3 never executed
------------------
_ZN37splitTest_variosEspciosEnElMedio_TestC1Ev:
function _ZN37splitTest_variosEspciosEnElMedio_TestC1Ev called 1 returned 100% blocks executed 100%
        1:   30:TEST(splitTest, variosEspciosEnElMedio){
        1:   30-block  0
call    0 returned 1
------------------
        -:   34:
        2:   35:TEST(splitTest, otroDelimitador){
       10:   36:	vector<string> v = {"Toto", " Cholo", " Tom", " Moncho", " Rodolfo", " Otto", " Pololo"};
       2*:   37:	ASSERT_EQ(v, split("Toto, Cholo, Tom, Moncho, Rodolfo, Otto, Pololo", ','));
        1:   38:}
------------------
_ZN30splitTest_otroDelimitador_Test8TestBodyEv:
function _ZN30splitTest_otroDelimitador_Test8TestBodyEv called 1 returned 100% blocks executed 45%
        1:   35:TEST(splitTest, otroDelimitador){
       10:   36:	vector<string> v = {"Toto", " Cholo", " Tom", " Moncho", " Rodolfo", " Otto", " Pololo"};
        1:   36-block  0
call    0 returned 1
call    1 returned 1
branch  2 taken 1 (fallthrough)
branch  3 taken 0 (throw)
        1:   36-block  1
call    4 returned 1
call    5 returned 1
branch  6 taken 1 (fallthrough)
branch  7 taken 0 (throw)
        1:   36-block  2
call    8 returned 1
call    9 returned 1
branch 10 taken 1 (fallthrough)
branch 11 taken 0 (throw)
        1:   36-block  3
call   12 returned 1
call   13 returned 1
branch 14 taken 1 (fallthrough)
branch 15 taken 0 (throw)
        1:   36-block  4
call   16 returned 1
call   17 returned 1
branch 18 taken 1 (fallthrough)
branch 19 taken 0 (throw)
        1:   36-block  5
call   20 returned 1
call   21 returned 1
branch 22 taken 1 (fallthrough)
branch 23 taken 0 (throw)
        1:   36-block  6
call   24 returned 1
call   25 returned 1
branch 26 taken 1 (fallthrough)
branch 27 taken 0 (throw)
        1:   36-block  7
call   28 returned 1
call   29 returned 1
branch 30 taken 1 (fallthrough)
branch 31 taken 0 (throw)
        7:   36-block  8
call   32 returned 7
        1:   36-block  9
call   33 returned 1
call   34 returned 1
call   35 returned 1
call   36 returned 1
call   37 returned 1
call   38 returned 1
call   39 returned 1
    $$$$$:   36-block 10
    $$$$$:   36-block 11
    $$$$$:   36-block 12
call   40 never executed
    $$$$$:   36-block 13
    $$$$$:   36-block 14
    $$$$$:   36-block 15
    $$$$$:   36-block 16
    $$$$$:   36-block 17
    $$$$$:   36-block 18
    $$$$$:   36-block 19
    $$$$$:   36-block 20
       2*:   37:	ASSERT_EQ(v, split("Toto, Cholo, Tom, Moncho, Rodolfo, Otto, Pololo", ','));
call    0 returned 1
call    1 returned 1
branch  2 taken 1 (fallthrough)
branch  3 taken 0 (throw)
        1:   37-block  0
call    4 returned 1
branch  5 taken 1 (fallthrough)
branch  6 taken 0 (throw)
        1:   37-block  1
call    7 returned 1
branch  8 taken 1 (fallthrough)
branch  9 taken 0 (throw)
call   10 returned 1
call   11 returned 1
call   12 returned 1
branch 13 taken 0 (fallthrough)
branch 14 taken 1
    %%%%%:   37-block  2
call   15 never executed
branch 16 never executed
branch 17 never executed
    %%%%%:   37-block  3
call   18 never executed
branch 19 never executed
branch 20 never executed
    %%%%%:   37-block  4
call   21 never executed
branch 22 never executed
branch 23 never executed
    %%%%%:   37-block  5
call   24 never executed
branch 25 never executed
branch 26 never executed
    %%%%%:   37-block  6
call   27 never executed
call   28 never executed
        1:   37-block  7
        1:   37-block  8
call   29 returned 1
branch 30 taken 1 (fallthrough)
branch 31 taken 0
    $$$$$:   37-block  9
    $$$$$:   37-block 10
    $$$$$:   37-block 11
    $$$$$:   37-block 12
call   32 never executed
    $$$$$:   37-block 13
    $$$$$:   37-block 14
call   33 never executed
    $$$$$:   37-block 15
    $$$$$:   37-block 16
call   34 never executed
        1:   38:}
        1:   38-block  0
        1:   38-block  1
call    0 returned 1
branch  1 taken 1 (fallthrough)
branch  2 taken 0
    $$$$$:   38-block  2
call    3 never executed
------------------
_ZN30splitTest_otroDelimitador_TestC1Ev:
function _ZN30splitTest_otroDelimitador_TestC1Ev called 1 returned 100% blocks executed 100%
        1:   35:TEST(splitTest, otroDelimitador){
        1:   35-block  0
call    0 returned 1
------------------
        -:   39:
        -:   40://///////////////////////// darVueltaPalabra ///////////////////////////
        -:   41:
        2:   42:TEST(darVueltaPalabraTest, unaPalabra){
       2*:   43:	ASSERT_EQ("hola", darVueltaPalabra("hola"));
        -:   44:}
------------------
_ZN36darVueltaPalabraTest_unaPalabra_Test8TestBodyEv:
function _ZN36darVueltaPalabraTest_unaPalabra_Test8TestBodyEv called 1 returned 100% blocks executed 39%
        1:   42:TEST(darVueltaPalabraTest, unaPalabra){
       2*:   43:	ASSERT_EQ("hola", darVueltaPalabra("hola"));
        1:   43-block  0
call    0 returned 1
call    1 returned 1
branch  2 taken 1 (fallthrough)
branch  3 taken 0 (throw)
        1:   43-block  1
call    4 returned 1
branch  5 taken 1 (fallthrough)
branch  6 taken 0 (throw)
        1:   43-block  2
call    7 returned 1
branch  8 taken 1 (fallthrough)
branch  9 taken 0 (throw)
call   10 returned 1
call   11 returned 1
call   12 returned 1
branch 13 taken 0 (fallthrough)
branch 14 taken 1
    %%%%%:   43-block  3
call   15 never executed
branch 16 never executed
branch 17 never executed
    %%%%%:   43-block  4
call   18 never executed
branch 19 never executed
branch 20 never executed
    %%%%%:   43-block  5
call   21 never executed
branch 22 never executed
branch 23 never executed
    %%%%%:   43-block  6
call   24 never executed
branch 25 never executed
branch 26 never executed
    %%%%%:   43-block  7
call   27 never executed
call   28 never executed
        1:   43-block  8
        1:   43-block  9
call   29 returned 1
branch 30 taken 1 (fallthrough)
branch 31 taken 0
    $$$$$:   43-block 10
    $$$$$:   43-block 11
    $$$$$:   43-block 12
    $$$$$:   43-block 13
call   32 never executed
    $$$$$:   43-block 14
    $$$$$:   43-block 15
call   33 never executed
    $$$$$:   43-block 16
    $$$$$:   43-block 17
call   34 never executed
        -:   44:}
------------------
_ZN36darVueltaPalabraTest_unaPalabra_TestC1Ev:
function _ZN36darVueltaPalabraTest_unaPalabra_TestC1Ev called 1 returned 100% blocks executed 100%
        1:   42:TEST(darVueltaPalabraTest, unaPalabra){
        1:   42-block  0
call    0 returned 1
------------------
        -:   45:
        2:   46:TEST(darVueltaPalabraTest, variosPalabras){
       2*:   47:	ASSERT_EQ("programar se mundo hola", darVueltaPalabra("hola mundo se programar"));
        -:   48:}
------------------
_ZN40darVueltaPalabraTest_variosPalabras_Test8TestBodyEv:
function _ZN40darVueltaPalabraTest_variosPalabras_Test8TestBodyEv called 1 returned 100% blocks executed 39%
        1:   46:TEST(darVueltaPalabraTest, variosPalabras){
       2*:   47:	ASSERT_EQ("programar se mundo hola", darVueltaPalabra("hola mundo se programar"));
        1:   47-block  0
call    0 returned 1
call    1 returned 1
branch  2 taken 1 (fallthrough)
branch  3 taken 0 (throw)
        1:   47-block  1
call    4 returned 1
branch  5 taken 1 (fallthrough)
branch  6 taken 0 (throw)
        1:   47-block  2
call    7 returned 1
branch  8 taken 1 (fallthrough)
branch  9 taken 0 (throw)
call   10 returned 1
call   11 returned 1
call   12 returned 1
branch 13 taken 0 (fallthrough)
branch 14 taken 1
    %%%%%:   47-block  3
call   15 never executed
branch 16 never executed
branch 17 never executed
    %%%%%:   47-block  4
call   18 never executed
branch 19 never executed
branch 20 never executed
    %%%%%:   47-block  5
call   21 never executed
branch 22 never executed
branch 23 never executed
    %%%%%:   47-block  6
call   24 never executed
branch 25 never executed
branch 26 never executed
    %%%%%:   47-block  7
call   27 never executed
call   28 never executed
        1:   47-block  8
        1:   47-block  9
call   29 returned 1
branch 30 taken 1 (fallthrough)
branch 31 taken 0
    $$$$$:   47-block 10
    $$$$$:   47-block 11
    $$$$$:   47-block 12
    $$$$$:   47-block 13
call   32 never executed
    $$$$$:   47-block 14
    $$$$$:   47-block 15
call   33 never executed
    $$$$$:   47-block 16
    $$$$$:   47-block 17
call   34 never executed
        -:   48:}
------------------
_ZN40darVueltaPalabraTest_variosPalabras_TestC1Ev:
function _ZN40darVueltaPalabraTest_variosPalabras_TestC1Ev called 1 returned 100% blocks executed 100%
        1:   46:TEST(darVueltaPalabraTest, variosPalabras){
        1:   46-block  0
call    0 returned 1
------------------
        -:   49:
        2:   50:TEST(darVueltaPalabraTest, variosEspacios){
       2*:   51:	ASSERT_EQ("programar se mundo hola", darVueltaPalabra("  hola   mundo   se   programar  "));
        -:   52:}
------------------
_ZN40darVueltaPalabraTest_variosEspacios_Test8TestBodyEv:
function _ZN40darVueltaPalabraTest_variosEspacios_Test8TestBodyEv called 1 returned 100% blocks executed 39%
        1:   50:TEST(darVueltaPalabraTest, variosEspacios){
       2*:   51:	ASSERT_EQ("programar se mundo hola", darVueltaPalabra("  hola   mundo   se   programar  "));
        1:   51-block  0
call    0 returned 1
call    1 returned 1
branch  2 taken 1 (fallthrough)
branch  3 taken 0 (throw)
        1:   51-block  1
call    4 returned 1
branch  5 taken 1 (fallthrough)
branch  6 taken 0 (throw)
        1:   51-block  2
call    7 returned 1
branch  8 taken 1 (fallthrough)
branch  9 taken 0 (throw)
call   10 returned 1
call   11 returned 1
call   12 returned 1
branch 13 taken 0 (fallthrough)
branch 14 taken 1
    %%%%%:   51-block  3
call   15 never executed
branch 16 never executed
branch 17 never executed
    %%%%%:   51-block  4
call   18 never executed
branch 19 never executed
branch 20 never executed
    %%%%%:   51-block  5
call   21 never executed
branch 22 never executed
branch 23 never executed
    %%%%%:   51-block  6
call   24 never executed
branch 25 never executed
branch 26 never executed
    %%%%%:   51-block  7
call   27 never executed
call   28 never executed
        1:   51-block  8
        1:   51-block  9
call   29 returned 1
branch 30 taken 1 (fallthrough)
branch 31 taken 0
    $$$$$:   51-block 10
    $$$$$:   51-block 11
    $$$$$:   51-block 12
    $$$$$:   51-block 13
call   32 never executed
    $$$$$:   51-block 14
    $$$$$:   51-block 15
call   33 never executed
    $$$$$:   51-block 16
    $$$$$:   51-block 17
call   34 never executed
        -:   52:}
------------------
_ZN40darVueltaPalabraTest_variosEspacios_TestC1Ev:
function _ZN40darVueltaPalabraTest_variosEspacios_TestC1Ev called 1 returned 100% blocks executed 100%
        1:   50:TEST(darVueltaPalabraTest, variosEspacios){
        1:   50-block  0
call    0 returned 1
------------------
        -:   53:
        2:   54:TEST(darVueltaPalabraTest, vacio){
       2*:   55:	ASSERT_EQ("", darVueltaPalabra(""));
        -:   56:}
------------------
_ZN31darVueltaPalabraTest_vacio_Test8TestBodyEv:
function _ZN31darVueltaPalabraTest_vacio_Test8TestBodyEv called 1 returned 100% blocks executed 39%
        1:   54:TEST(darVueltaPalabraTest, vacio){
       2*:   55:	ASSERT_EQ("", darVueltaPalabra(""));
        1:   55-block  0
call    0 returned 1
call    1 returned 1
branch  2 taken 1 (fallthrough)
branch  3 taken 0 (throw)
        1:   55-block  1
call    4 returned 1
branch  5 taken 1 (fallthrough)
branch  6 taken 0 (throw)
        1:   55-block  2
call    7 returned 1
branch  8 taken 1 (fallthrough)
branch  9 taken 0 (throw)
call   10 returned 1
call   11 returned 1
call   12 returned 1
branch 13 taken 0 (fallthrough)
branch 14 taken 1
    %%%%%:   55-block  3
call   15 never executed
branch 16 never executed
branch 17 never executed
    %%%%%:   55-block  4
call   18 never executed
branch 19 never executed
branch 20 never executed
    %%%%%:   55-block  5
call   21 never executed
branch 22 never executed
branch 23 never executed
    %%%%%:   55-block  6
call   24 never executed
branch 25 never executed
branch 26 never executed
    %%%%%:   55-block  7
call   27 never executed
call   28 never executed
        1:   55-block  8
        1:   55-block  9
call   29 returned 1
branch 30 taken 1 (fallthrough)
branch 31 taken 0
    $$$$$:   55-block 10
    $$$$$:   55-block 11
    $$$$$:   55-block 12
    $$$$$:   55-block 13
call   32 never executed
    $$$$$:   55-block 14
    $$$$$:   55-block 15
call   33 never executed
    $$$$$:   55-block 16
    $$$$$:   55-block 17
call   34 never executed
        -:   56:}
------------------
_ZN31darVueltaPalabraTest_vacio_TestC1Ev:
function _ZN31darVueltaPalabraTest_vacio_TestC1Ev called 1 returned 100% blocks executed 100%
        1:   54:TEST(darVueltaPalabraTest, vacio){
        1:   54-block  0
call    0 returned 1
------------------
        -:   57:
        -:   58://///////////////////////// subsecuencia ///////////////////////////
        -:   59:
        2:   60:TEST(subsecuenciaTest, vacias){
       1*:   61:	ASSERT_TRUE(subsecuencia("", ""));
        -:   62:}
------------------
_ZN28subsecuenciaTest_vacias_Test8TestBodyEv:
function _ZN28subsecuenciaTest_vacias_Test8TestBodyEv called 1 returned 100% blocks executed 35%
        1:   60:TEST(subsecuenciaTest, vacias){
       1*:   61:	ASSERT_TRUE(subsecuencia("", ""));
        1:   61-block  0
call    0 returned 1
call    1 returned 1
branch  2 taken 1 (fallthrough)
branch  3 taken 0 (throw)
        1:   61-block  1
call    4 returned 1
call    5 returned 1
branch  6 taken 1 (fallthrough)
branch  7 taken 0 (throw)
        1:   61-block  2
call    8 returned 1
branch  9 taken 1 (fallthrough)
branch 10 taken 0 (throw)
        1:   61-block  3
call   11 returned 1
branch 12 taken 1 (fallthrough)
branch 13 taken 0 (throw)
        1:   61-block  4
call   14 returned 1
call   15 returned 1
call   16 returned 1
call   17 returned 1
call   18 returned 1
branch 19 taken 0 (fallthrough)
branch 20 taken 1
    %%%%%:   61-block  5
call   21 never executed
branch 22 never executed
branch 23 never executed
    %%%%%:   61-block  6
call   24 never executed
branch 25 never executed
branch 26 never executed
    %%%%%:   61-block  7
call   27 never executed
call   28 never executed
branch 29 never executed
branch 30 never executed
    %%%%%:   61-block  8
call   31 never executed
branch 32 never executed
branch 33 never executed
    %%%%%:   61-block  9
call   34 never executed
call   35 never executed
call   36 never executed
        1:   61-block 10
        1:   61-block 11
call   37 returned 1
branch 38 taken 1 (fallthrough)
branch 39 taken 0
    $$$$$:   61-block 12
    $$$$$:   61-block 13
    $$$$$:   61-block 14
    $$$$$:   61-block 15
    $$$$$:   61-block 16
    $$$$$:   61-block 17
call   40 never executed
    $$$$$:   61-block 18
    $$$$$:   61-block 19
call   41 never executed
    $$$$$:   61-block 20
    $$$$$:   61-block 21
call   42 never executed
    $$$$$:   61-block 22
    $$$$$:   61-block 23
call   43 never executed
        -:   62:}
------------------
_ZN28subsecuenciaTest_vacias_TestC1Ev:
function _ZN28subsecuenciaTest_vacias_TestC1Ev called 1 returned 100% blocks executed 100%
        1:   60:TEST(subsecuenciaTest, vacias){
        1:   60-block  0
call    0 returned 1
------------------
        -:   63:
        2:   64:TEST(subsecuenciaTest, s1MasGrande){
       1*:   65:	ASSERT_FALSE(subsecuencia("asdas", "sd"));
        -:   66:}
------------------
_ZN33subsecuenciaTest_s1MasGrande_Test8TestBodyEv:
function _ZN33subsecuenciaTest_s1MasGrande_Test8TestBodyEv called 1 returned 100% blocks executed 35%
        1:   64:TEST(subsecuenciaTest, s1MasGrande){
       1*:   65:	ASSERT_FALSE(subsecuencia("asdas", "sd"));
        1:   65-block  0
call    0 returned 1
call    1 returned 1
branch  2 taken 1 (fallthrough)
branch  3 taken 0 (throw)
        1:   65-block  1
call    4 returned 1
call    5 returned 1
branch  6 taken 1 (fallthrough)
branch  7 taken 0 (throw)
        1:   65-block  2
call    8 returned 1
branch  9 taken 1 (fallthrough)
branch 10 taken 0 (throw)
        1:   65-block  3
call   11 returned 1
branch 12 taken 1 (fallthrough)
branch 13 taken 0 (throw)
        1:   65-block  4
call   14 returned 1
call   15 returned 1
call   16 returned 1
call   17 returned 1
call   18 returned 1
branch 19 taken 0 (fallthrough)
branch 20 taken 1
    %%%%%:   65-block  5
call   21 never executed
branch 22 never executed
branch 23 never executed
    %%%%%:   65-block  6
call   24 never executed
branch 25 never executed
branch 26 never executed
    %%%%%:   65-block  7
call   27 never executed
call   28 never executed
branch 29 never executed
branch 30 never executed
    %%%%%:   65-block  8
call   31 never executed
branch 32 never executed
branch 33 never executed
    %%%%%:   65-block  9
call   34 never executed
call   35 never executed
call   36 never executed
        1:   65-block 10
        1:   65-block 11
call   37 returned 1
branch 38 taken 1 (fallthrough)
branch 39 taken 0
    $$$$$:   65-block 12
    $$$$$:   65-block 13
    $$$$$:   65-block 14
    $$$$$:   65-block 15
    $$$$$:   65-block 16
    $$$$$:   65-block 17
call   40 never executed
    $$$$$:   65-block 18
    $$$$$:   65-block 19
call   41 never executed
    $$$$$:   65-block 20
    $$$$$:   65-block 21
call   42 never executed
    $$$$$:   65-block 22
    $$$$$:   65-block 23
call   43 never executed
        -:   66:}
------------------
_ZN33subsecuenciaTest_s1MasGrande_TestC1Ev:
function _ZN33subsecuenciaTest_s1MasGrande_TestC1Ev called 1 returned 100% blocks executed 100%
        1:   64:TEST(subsecuenciaTest, s1MasGrande){
        1:   64-block  0
call    0 returned 1
------------------
        -:   67:
        2:   68:TEST(subsecuenciaTest, iguales){
       1*:   69:	ASSERT_TRUE(subsecuencia("asds", "asds"));
        -:   70:}
------------------
_ZN29subsecuenciaTest_iguales_Test8TestBodyEv:
function _ZN29subsecuenciaTest_iguales_Test8TestBodyEv called 1 returned 100% blocks executed 35%
        1:   68:TEST(subsecuenciaTest, iguales){
       1*:   69:	ASSERT_TRUE(subsecuencia("asds", "asds"));
        1:   69-block  0
call    0 returned 1
call    1 returned 1
branch  2 taken 1 (fallthrough)
branch  3 taken 0 (throw)
        1:   69-block  1
call    4 returned 1
call    5 returned 1
branch  6 taken 1 (fallthrough)
branch  7 taken 0 (throw)
        1:   69-block  2
call    8 returned 1
branch  9 taken 1 (fallthrough)
branch 10 taken 0 (throw)
        1:   69-block  3
call   11 returned 1
branch 12 taken 1 (fallthrough)
branch 13 taken 0 (throw)
        1:   69-block  4
call   14 returned 1
call   15 returned 1
call   16 returned 1
call   17 returned 1
call   18 returned 1
branch 19 taken 0 (fallthrough)
branch 20 taken 1
    %%%%%:   69-block  5
call   21 never executed
branch 22 never executed
branch 23 never executed
    %%%%%:   69-block  6
call   24 never executed
branch 25 never executed
branch 26 never executed
    %%%%%:   69-block  7
call   27 never executed
call   28 never executed
branch 29 never executed
branch 30 never executed
    %%%%%:   69-block  8
call   31 never executed
branch 32 never executed
branch 33 never executed
    %%%%%:   69-block  9
call   34 never executed
call   35 never executed
call   36 never executed
        1:   69-block 10
        1:   69-block 11
call   37 returned 1
branch 38 taken 1 (fallthrough)
branch 39 taken 0
    $$$$$:   69-block 12
    $$$$$:   69-block 13
    $$$$$:   69-block 14
    $$$$$:   69-block 15
    $$$$$:   69-block 16
    $$$$$:   69-block 17
call   40 never executed
    $$$$$:   69-block 18
    $$$$$:   69-block 19
call   41 never executed
    $$$$$:   69-block 20
    $$$$$:   69-block 21
call   42 never executed
    $$$$$:   69-block 22
    $$$$$:   69-block 23
call   43 never executed
        -:   70:}
------------------
_ZN29subsecuenciaTest_iguales_TestC1Ev:
function _ZN29subsecuenciaTest_iguales_TestC1Ev called 1 returned 100% blocks executed 100%
        1:   68:TEST(subsecuenciaTest, iguales){
        1:   68-block  0
call    0 returned 1
------------------
        -:   71:
        2:   72:TEST(subsecuenciaTest, substring){
       1*:   73:	ASSERT_TRUE(subsecuencia("asd", "juasdop"));
        -:   74:}
------------------
_ZN31subsecuenciaTest_substring_Test8TestBodyEv:
function _ZN31subsecuenciaTest_substring_Test8TestBodyEv called 1 returned 100% blocks executed 35%
        1:   72:TEST(subsecuenciaTest, substring){
       1*:   73:	ASSERT_TRUE(subsecuencia("asd", "juasdop"));
        1:   73-block  0
call    0 returned 1
call    1 returned 1
branch  2 taken 1 (fallthrough)
branch  3 taken 0 (throw)
        1:   73-block  1
call    4 returned 1
call    5 returned 1
branch  6 taken 1 (fallthrough)
branch  7 taken 0 (throw)
        1:   73-block  2
call    8 returned 1
branch  9 taken 1 (fallthrough)
branch 10 taken 0 (throw)
        1:   73-block  3
call   11 returned 1
branch 12 taken 1 (fallthrough)
branch 13 taken 0 (throw)
        1:   73-block  4
call   14 returned 1
call   15 returned 1
call   16 returned 1
call   17 returned 1
call   18 returned 1
branch 19 taken 0 (fallthrough)
branch 20 taken 1
    %%%%%:   73-block  5
call   21 never executed
branch 22 never executed
branch 23 never executed
    %%%%%:   73-block  6
call   24 never executed
branch 25 never executed
branch 26 never executed
    %%%%%:   73-block  7
call   27 never executed
call   28 never executed
branch 29 never executed
branch 30 never executed
    %%%%%:   73-block  8
call   31 never executed
branch 32 never executed
branch 33 never executed
    %%%%%:   73-block  9
call   34 never executed
call   35 never executed
call   36 never executed
        1:   73-block 10
        1:   73-block 11
call   37 returned 1
branch 38 taken 1 (fallthrough)
branch 39 taken 0
    $$$$$:   73-block 12
    $$$$$:   73-block 13
    $$$$$:   73-block 14
    $$$$$:   73-block 15
    $$$$$:   73-block 16
    $$$$$:   73-block 17
call   40 never executed
    $$$$$:   73-block 18
    $$$$$:   73-block 19
call   41 never executed
    $$$$$:   73-block 20
    $$$$$:   73-block 21
call   42 never executed
    $$$$$:   73-block 22
    $$$$$:   73-block 23
call   43 never executed
        -:   74:}
------------------
_ZN31subsecuenciaTest_substring_TestC1Ev:
function _ZN31subsecuenciaTest_substring_TestC1Ev called 1 returned 100% blocks executed 100%
        1:   72:TEST(subsecuenciaTest, substring){
        1:   72-block  0
call    0 returned 1
------------------
        -:   75:
        2:   76:TEST(subsecuenciaTest, subsec){
       1*:   77:	ASSERT_TRUE(subsecuencia("asd", "laaidsakikdop"));
        -:   78:}
------------------
_ZN28subsecuenciaTest_subsec_Test8TestBodyEv:
function _ZN28subsecuenciaTest_subsec_Test8TestBodyEv called 1 returned 100% blocks executed 35%
        1:   76:TEST(subsecuenciaTest, subsec){
       1*:   77:	ASSERT_TRUE(subsecuencia("asd", "laaidsakikdop"));
        1:   77-block  0
call    0 returned 1
call    1 returned 1
branch  2 taken 1 (fallthrough)
branch  3 taken 0 (throw)
        1:   77-block  1
call    4 returned 1
call    5 returned 1
branch  6 taken 1 (fallthrough)
branch  7 taken 0 (throw)
        1:   77-block  2
call    8 returned 1
branch  9 taken 1 (fallthrough)
branch 10 taken 0 (throw)
        1:   77-block  3
call   11 returned 1
branch 12 taken 1 (fallthrough)
branch 13 taken 0 (throw)
        1:   77-block  4
call   14 returned 1
call   15 returned 1
call   16 returned 1
call   17 returned 1
call   18 returned 1
branch 19 taken 0 (fallthrough)
branch 20 taken 1
    %%%%%:   77-block  5
call   21 never executed
branch 22 never executed
branch 23 never executed
    %%%%%:   77-block  6
call   24 never executed
branch 25 never executed
branch 26 never executed
    %%%%%:   77-block  7
call   27 never executed
call   28 never executed
branch 29 never executed
branch 30 never executed
    %%%%%:   77-block  8
call   31 never executed
branch 32 never executed
branch 33 never executed
    %%%%%:   77-block  9
call   34 never executed
call   35 never executed
call   36 never executed
        1:   77-block 10
        1:   77-block 11
call   37 returned 1
branch 38 taken 1 (fallthrough)
branch 39 taken 0
    $$$$$:   77-block 12
    $$$$$:   77-block 13
    $$$$$:   77-block 14
    $$$$$:   77-block 15
    $$$$$:   77-block 16
    $$$$$:   77-block 17
call   40 never executed
    $$$$$:   77-block 18
    $$$$$:   77-block 19
call   41 never executed
    $$$$$:   77-block 20
    $$$$$:   77-block 21
call   42 never executed
    $$$$$:   77-block 22
    $$$$$:   77-block 23
call   43 never executed
        -:   78:}
------------------
_ZN28subsecuenciaTest_subsec_TestC1Ev:
function _ZN28subsecuenciaTest_subsec_TestC1Ev called 1 returned 100% blocks executed 100%
        1:   76:TEST(subsecuenciaTest, subsec){
        1:   76-block  0
call    0 returned 1
------------------
        -:   79:
        2:   80:TEST(subsecuenciaTest, desordendos){
       1*:   81:	ASSERT_FALSE(subsecuencia("aiksd", "lllaaiiissskikdop"));
        -:   82:}
------------------
_ZN33subsecuenciaTest_desordendos_Test8TestBodyEv:
function _ZN33subsecuenciaTest_desordendos_Test8TestBodyEv called 1 returned 100% blocks executed 35%
        1:   80:TEST(subsecuenciaTest, desordendos){
       1*:   81:	ASSERT_FALSE(subsecuencia("aiksd", "lllaaiiissskikdop"));
        1:   81-block  0
call    0 returned 1
call    1 returned 1
branch  2 taken 1 (fallthrough)
branch  3 taken 0 (throw)
        1:   81-block  1
call    4 returned 1
call    5 returned 1
branch  6 taken 1 (fallthrough)
branch  7 taken 0 (throw)
        1:   81-block  2
call    8 returned 1
branch  9 taken 1 (fallthrough)
branch 10 taken 0 (throw)
        1:   81-block  3
call   11 returned 1
branch 12 taken 1 (fallthrough)
branch 13 taken 0 (throw)
        1:   81-block  4
call   14 returned 1
call   15 returned 1
call   16 returned 1
call   17 returned 1
call   18 returned 1
branch 19 taken 0 (fallthrough)
branch 20 taken 1
    %%%%%:   81-block  5
call   21 never executed
branch 22 never executed
branch 23 never executed
    %%%%%:   81-block  6
call   24 never executed
branch 25 never executed
branch 26 never executed
    %%%%%:   81-block  7
call   27 never executed
call   28 never executed
branch 29 never executed
branch 30 never executed
    %%%%%:   81-block  8
call   31 never executed
branch 32 never executed
branch 33 never executed
    %%%%%:   81-block  9
call   34 never executed
call   35 never executed
call   36 never executed
        1:   81-block 10
        1:   81-block 11
call   37 returned 1
branch 38 taken 1 (fallthrough)
branch 39 taken 0
    $$$$$:   81-block 12
    $$$$$:   81-block 13
    $$$$$:   81-block 14
    $$$$$:   81-block 15
    $$$$$:   81-block 16
    $$$$$:   81-block 17
call   40 never executed
    $$$$$:   81-block 18
    $$$$$:   81-block 19
call   41 never executed
    $$$$$:   81-block 20
    $$$$$:   81-block 21
call   42 never executed
    $$$$$:   81-block 22
    $$$$$:   81-block 23
call   43 never executed
        -:   82:}
------------------
_ZN33subsecuenciaTest_desordendos_TestC1Ev:
function _ZN33subsecuenciaTest_desordendos_TestC1Ev called 1 returned 100% blocks executed 100%
        1:   80:TEST(subsecuenciaTest, desordendos){
        1:   80-block  0
call    0 returned 1
------------------
        -:   83:
        2:   84:TEST(subsecuenciaTest, s1Repes){
       1*:   85:	ASSERT_FALSE(subsecuencia("asdasdds", "aadasdasds"));
       1*:   86:	ASSERT_TRUE(subsecuencia("asdasdds", "laaiskjhsdsmamksmdsds"));
        -:   87:}
------------------
_ZN29subsecuenciaTest_s1Repes_Test8TestBodyEv:
function _ZN29subsecuenciaTest_s1Repes_Test8TestBodyEv called 1 returned 100% blocks executed 33%
        1:   84:TEST(subsecuenciaTest, s1Repes){
       1*:   85:	ASSERT_FALSE(subsecuencia("asdasdds", "aadasdasds"));
        1:   85-block  0
call    0 returned 1
call    1 returned 1
branch  2 taken 1 (fallthrough)
branch  3 taken 0 (throw)
        1:   85-block  1
call    4 returned 1
call    5 returned 1
branch  6 taken 1 (fallthrough)
branch  7 taken 0 (throw)
        1:   85-block  2
call    8 returned 1
branch  9 taken 1 (fallthrough)
branch 10 taken 0 (throw)
        1:   85-block  3
call   11 returned 1
branch 12 taken 1 (fallthrough)
branch 13 taken 0 (throw)
        1:   85-block  4
call   14 returned 1
call   15 returned 1
call   16 returned 1
call   17 returned 1
call   18 returned 1
branch 19 taken 0 (fallthrough)
branch 20 taken 1
    %%%%%:   85-block  5
call   21 never executed
branch 22 never executed
branch 23 never executed
    %%%%%:   85-block  6
call   24 never executed
branch 25 never executed
branch 26 never executed
    %%%%%:   85-block  7
call   27 never executed
call   28 never executed
branch 29 never executed
branch 30 never executed
    %%%%%:   85-block  8
call   31 never executed
branch 32 never executed
branch 33 never executed
    %%%%%:   85-block  9
call   34 never executed
call   35 never executed
call   36 never executed
        1:   85-block 10
        1:   85-block 11
call   37 returned 1
branch 38 taken 1 (fallthrough)
branch 39 taken 0
    $$$$$:   85-block 12
    $$$$$:   85-block 13
    $$$$$:   85-block 14
    $$$$$:   85-block 15
    $$$$$:   85-block 16
    $$$$$:   85-block 17
call   40 never executed
    $$$$$:   85-block 18
    $$$$$:   85-block 19
call   41 never executed
    $$$$$:   85-block 20
    $$$$$:   85-block 21
call   42 never executed
    $$$$$:   85-block 22
    $$$$$:   85-block 23
call   43 never executed
       1*:   86:	ASSERT_TRUE(subsecuencia("asdasdds", "laaiskjhsdsmamksmdsds"));
        1:   86-block  0
call    0 returned 1
call    1 returned 1
branch  2 taken 1 (fallthrough)
branch  3 taken 0 (throw)
        1:   86-block  1
call    4 returned 1
call    5 returned 1
branch  6 taken 1 (fallthrough)
branch  7 taken 0 (throw)
        1:   86-block  2
call    8 returned 1
branch  9 taken 1 (fallthrough)
branch 10 taken 0 (throw)
        1:   86-block  3
call   11 returned 1
branch 12 taken 1 (fallthrough)
branch 13 taken 0 (throw)
        1:   86-block  4
call   14 returned 1
call   15 returned 1
call   16 returned 1
call   17 returned 1
call   18 returned 1
branch 19 taken 0 (fallthrough)
branch 20 taken 1
    %%%%%:   86-block  5
call   21 never executed
branch 22 never executed
branch 23 never executed
    %%%%%:   86-block  6
call   24 never executed
branch 25 never executed
branch 26 never executed
    %%%%%:   86-block  7
call   27 never executed
call   28 never executed
branch 29 never executed
branch 30 never executed
    %%%%%:   86-block  8
call   31 never executed
branch 32 never executed
branch 33 never executed
    %%%%%:   86-block  9
call   34 never executed
call   35 never executed
call   36 never executed
        1:   86-block 10
        1:   86-block 11
call   37 returned 1
branch 38 taken 1 (fallthrough)
branch 39 taken 0
    $$$$$:   86-block 12
    $$$$$:   86-block 13
    $$$$$:   86-block 14
    $$$$$:   86-block 15
    $$$$$:   86-block 16
    $$$$$:   86-block 17
call   40 never executed
    $$$$$:   86-block 18
    $$$$$:   86-block 19
call   41 never executed
    $$$$$:   86-block 20
    $$$$$:   86-block 21
call   42 never executed
    $$$$$:   86-block 22
    $$$$$:   86-block 23
call   43 never executed
        -:   87:}
------------------
_ZN29subsecuenciaTest_s1Repes_TestC1Ev:
function _ZN29subsecuenciaTest_s1Repes_TestC1Ev called 1 returned 100% blocks executed 100%
        1:   84:TEST(subsecuenciaTest, s1Repes){
        1:   84-block  0
call    0 returned 1
------------------
        -:   88:
        -:   89://///////////////////////// agruparAnagramas ///////////////////////////
        -:   90:
        2:   91:TEST(agruparAnagramas, unElemento) {
        4:   92:	vector<string> in = {"hola"};
        6:   93:	vector<vector<string> > out = {{"hola"}};
       2*:   94:	ASSERT_EQ(out, agruparAnagramas(in));
        1:   95:}
------------------
_ZN32agruparAnagramas_unElemento_Test8TestBodyEv:
function _ZN32agruparAnagramas_unElemento_Test8TestBodyEv called 1 returned 100% blocks executed 43%
        1:   91:TEST(agruparAnagramas, unElemento) {
        4:   92:	vector<string> in = {"hola"};
        1:   92-block  0
call    0 returned 1
call    1 returned 1
branch  2 taken 1 (fallthrough)
branch  3 taken 0 (throw)
        1:   92-block  1
call    4 returned 1
call    5 returned 1
branch  6 taken 1 (fallthrough)
branch  7 taken 0 (throw)
        1:   92-block  2
call    8 returned 1
        1:   92-block  3
call    9 returned 1
    $$$$$:   92-block  4
    $$$$$:   92-block  5
    $$$$$:   92-block  6
call   10 never executed
    $$$$$:   92-block  7
    $$$$$:   92-block  8
        6:   93:	vector<vector<string> > out = {{"hola"}};
call    0 returned 1
call    1 returned 1
branch  2 taken 1 (fallthrough)
branch  3 taken 0 (throw)
        1:   93-block  0
call    4 returned 1
call    5 returned 1
branch  6 taken 1 (fallthrough)
branch  7 taken 0 (throw)
        1:   93-block  1
call    8 returned 1
call    9 returned 1
branch 10 taken 1 (fallthrough)
branch 11 taken 0 (throw)
        1:   93-block  2
call   12 returned 1
        1:   93-block  3
call   13 returned 1
        1:   93-block  4
call   14 returned 1
        1:   93-block  5
call   15 returned 1
    $$$$$:   93-block  6
    $$$$$:   93-block  7
    $$$$$:   93-block  8
call   16 never executed
    $$$$$:   93-block  9
    $$$$$:   93-block 10
    $$$$$:   93-block 11
    $$$$$:   93-block 12
call   17 never executed
    $$$$$:   93-block 13
    $$$$$:   93-block 14
       2*:   94:	ASSERT_EQ(out, agruparAnagramas(in));
call    0 returned 1
branch  1 taken 1 (fallthrough)
branch  2 taken 0 (throw)
        1:   94-block  0
call    3 returned 1
branch  4 taken 1 (fallthrough)
branch  5 taken 0 (throw)
        1:   94-block  1
call    6 returned 1
branch  7 taken 1 (fallthrough)
branch  8 taken 0 (throw)
call    9 returned 1
call   10 returned 1
branch 11 taken 0 (fallthrough)
branch 12 taken 1
    %%%%%:   94-block  2
call   13 never executed
branch 14 never executed
branch 15 never executed
    %%%%%:   94-block  3
call   16 never executed
branch 17 never executed
branch 18 never executed
    %%%%%:   94-block  4
call   19 never executed
branch 20 never executed
branch 21 never executed
    %%%%%:   94-block  5
call   22 never executed
branch 23 never executed
branch 24 never executed
    %%%%%:   94-block  6
call   25 never executed
call   26 never executed
        1:   94-block  7
        1:   94-block  8
call   27 returned 1
branch 28 taken 1 (fallthrough)
branch 29 taken 0
    $$$$$:   94-block  9
    $$$$$:   94-block 10
    $$$$$:   94-block 11
call   30 never executed
    $$$$$:   94-block 12
    $$$$$:   94-block 13
call   31 never executed
    $$$$$:   94-block 14
    $$$$$:   94-block 15
call   32 never executed
        1:   95:}
        1:   95-block  0
        1:   95-block  1
call    0 returned 1
branch  1 taken 1 (fallthrough)
branch  2 taken 0
        1:   95-block  2
        1:   95-block  3
call    3 returned 1
branch  4 taken 1 (fallthrough)
branch  5 taken 0
    $$$$$:   95-block  4
call    6 never executed
    $$$$$:   95-block  5
call    7 never executed
------------------
_ZN32agruparAnagramas_unElemento_TestC1Ev:
function _ZN32agruparAnagramas_unElemento_TestC1Ev called 1 returned 100% blocks executed 100%
        1:   91:TEST(agruparAnagramas, unElemento) {
        1:   91-block  0
call    0 returned 1
------------------
        -:   96:
        2:   97:TEST(agruparAnagramas, unoDeCada) {
        7:   98:	vector<string> in = {"hola","solo","uno","otro"};
       15:   99:	vector<vector<string> > out = {{"hola"},{"solo"},{"uno"},{"otro"}};
       2*:  100:	ASSERT_EQ(out, agruparAnagramas(in));
        1:  101:}
------------------
_ZN31agruparAnagramas_unoDeCada_Test8TestBodyEv:
function _ZN31agruparAnagramas_unoDeCada_Test8TestBodyEv called 1 returned 100% blocks executed 45%
        1:   97:TEST(agruparAnagramas, unoDeCada) {
        7:   98:	vector<string> in = {"hola","solo","uno","otro"};
        1:   98-block  0
call    0 returned 1
call    1 returned 1
branch  2 taken 1 (fallthrough)
branch  3 taken 0 (throw)
        1:   98-block  1
call    4 returned 1
call    5 returned 1
branch  6 taken 1 (fallthrough)
branch  7 taken 0 (throw)
        1:   98-block  2
call    8 returned 1
call    9 returned 1
branch 10 taken 1 (fallthrough)
branch 11 taken 0 (throw)
        1:   98-block  3
call   12 returned 1
call   13 returned 1
branch 14 taken 1 (fallthrough)
branch 15 taken 0 (throw)
        1:   98-block  4
call   16 returned 1
call   17 returned 1
branch 18 taken 1 (fallthrough)
branch 19 taken 0 (throw)
        4:   98-block  5
call   20 returned 4
        1:   98-block  6
call   21 returned 1
call   22 returned 1
call   23 returned 1
call   24 returned 1
    $$$$$:   98-block  7
    $$$$$:   98-block  8
    $$$$$:   98-block  9
call   25 never executed
    $$$$$:   98-block 10
    $$$$$:   98-block 11
    $$$$$:   98-block 12
    $$$$$:   98-block 13
    $$$$$:   98-block 14
       15:   99:	vector<vector<string> > out = {{"hola"},{"solo"},{"uno"},{"otro"}};
call    0 returned 1
call    1 returned 1
branch  2 taken 1 (fallthrough)
branch  3 taken 0 (throw)
        1:   99-block  0
call    4 returned 1
call    5 returned 1
branch  6 taken 1 (fallthrough)
branch  7 taken 0 (throw)
        1:   99-block  1
call    8 returned 1
call    9 returned 1
branch 10 taken 1 (fallthrough)
branch 11 taken 0 (throw)
        1:   99-block  2
call   12 returned 1
call   13 returned 1
branch 14 taken 1 (fallthrough)
branch 15 taken 0 (throw)
        1:   99-block  3
call   16 returned 1
call   17 returned 1
branch 18 taken 1 (fallthrough)
branch 19 taken 0 (throw)
        1:   99-block  4
call   20 returned 1
call   21 returned 1
branch 22 taken 1 (fallthrough)
branch 23 taken 0 (throw)
        1:   99-block  5
call   24 returned 1
call   25 returned 1
branch 26 taken 1 (fallthrough)
branch 27 taken 0 (throw)
        1:   99-block  6
call   28 returned 1
call   29 returned 1
branch 30 taken 1 (fallthrough)
branch 31 taken 0 (throw)
        1:   99-block  7
call   32 returned 1
call   33 returned 1
branch 34 taken 1 (fallthrough)
branch 35 taken 0 (throw)
        4:   99-block  8
call   36 returned 4
        1:   99-block  9
call   37 returned 1
        1:   99-block 10
call   38 returned 1
        1:   99-block 11
call   39 returned 1
call   40 returned 1
        1:   99-block 12
call   41 returned 1
        1:   99-block 13
call   42 returned 1
call   43 returned 1
        1:   99-block 14
call   44 returned 1
        1:   99-block 15
call   45 returned 1
call   46 returned 1
        1:   99-block 16
call   47 returned 1
        1:   99-block 17
call   48 returned 1
    $$$$$:   99-block 18
    $$$$$:   99-block 19
    $$$$$:   99-block 20
call   49 never executed
    $$$$$:   99-block 21
    $$$$$:   99-block 22
    $$$$$:   99-block 23
    $$$$$:   99-block 24
call   50 never executed
    $$$$$:   99-block 25
    $$$$$:   99-block 26
    $$$$$:   99-block 27
    $$$$$:   99-block 28
    $$$$$:   99-block 29
call   51 never executed
    $$$$$:   99-block 30
    $$$$$:   99-block 31
    $$$$$:   99-block 32
    $$$$$:   99-block 33
    $$$$$:   99-block 34
call   52 never executed
    $$$$$:   99-block 35
    $$$$$:   99-block 36
    $$$$$:   99-block 37
    $$$$$:   99-block 38
    $$$$$:   99-block 39
call   53 never executed
    $$$$$:   99-block 40
    $$$$$:   99-block 41
       2*:  100:	ASSERT_EQ(out, agruparAnagramas(in));
call    0 returned 1
branch  1 taken 1 (fallthrough)
branch  2 taken 0 (throw)
        1:  100-block  0
call    3 returned 1
branch  4 taken 1 (fallthrough)
branch  5 taken 0 (throw)
        1:  100-block  1
call    6 returned 1
branch  7 taken 1 (fallthrough)
branch  8 taken 0 (throw)
call    9 returned 1
call   10 returned 1
branch 11 taken 0 (fallthrough)
branch 12 taken 1
    %%%%%:  100-block  2
call   13 never executed
branch 14 never executed
branch 15 never executed
    %%%%%:  100-block  3
call   16 never executed
branch 17 never executed
branch 18 never executed
    %%%%%:  100-block  4
call   19 never executed
branch 20 never executed
branch 21 never executed
    %%%%%:  100-block  5
call   22 never executed
branch 23 never executed
branch 24 never executed
    %%%%%:  100-block  6
call   25 never executed
call   26 never executed
        1:  100-block  7
        1:  100-block  8
call   27 returned 1
branch 28 taken 1 (fallthrough)
branch 29 taken 0
    $$$$$:  100-block  9
    $$$$$:  100-block 10
    $$$$$:  100-block 11
call   30 never executed
    $$$$$:  100-block 12
    $$$$$:  100-block 13
call   31 never executed
    $$$$$:  100-block 14
    $$$$$:  100-block 15
call   32 never executed
        1:  101:}
        1:  101-block  0
        1:  101-block  1
call    0 returned 1
branch  1 taken 1 (fallthrough)
branch  2 taken 0
        1:  101-block  2
        1:  101-block  3
call    3 returned 1
branch  4 taken 1 (fallthrough)
branch  5 taken 0
    $$$$$:  101-block  4
call    6 never executed
    $$$$$:  101-block  5
call    7 never executed
------------------
_ZN31agruparAnagramas_unoDeCada_TestC1Ev:
function _ZN31agruparAnagramas_unoDeCada_TestC1Ev called 1 returned 100% blocks executed 100%
        1:   97:TEST(agruparAnagramas, unoDeCada) {
        1:   97-block  0
call    0 returned 1
------------------
        -:  102:
        2:  103:TEST(agruparAnagramas, sinRepes) {
       14:  104:	vector<string> in = {"hola","aloh","laoh","solo","uno", "onu","otro", "varios", "rioasv", "saovir", "irvaos"};
       24:  105:	vector<vector<string> > out = {{"hola","aloh","laoh"},{"solo"},{"uno", "onu"},{"otro"}, {"varios", "rioasv", "saovir", "irvaos"}};
       2*:  106:	ASSERT_EQ(out, agruparAnagramas(in));
        1:  107:}
------------------
_ZN30agruparAnagramas_sinRepes_Test8TestBodyEv:
function _ZN30agruparAnagramas_sinRepes_Test8TestBodyEv called 1 returned 100% blocks executed 46%
        1:  103:TEST(agruparAnagramas, sinRepes) {
       14:  104:	vector<string> in = {"hola","aloh","laoh","solo","uno", "onu","otro", "varios", "rioasv", "saovir", "irvaos"};
        1:  104-block  0
call    0 returned 1
call    1 returned 1
branch  2 taken 1 (fallthrough)
branch  3 taken 0 (throw)
        1:  104-block  1
call    4 returned 1
call    5 returned 1
branch  6 taken 1 (fallthrough)
branch  7 taken 0 (throw)
        1:  104-block  2
call    8 returned 1
call    9 returned 1
branch 10 taken 1 (fallthrough)
branch 11 taken 0 (throw)
        1:  104-block  3
call   12 returned 1
call   13 returned 1
branch 14 taken 1 (fallthrough)
branch 15 taken 0 (throw)
        1:  104-block  4
call   16 returned 1
call   17 returned 1
branch 18 taken 1 (fallthrough)
branch 19 taken 0 (throw)
        1:  104-block  5
call   20 returned 1
call   21 returned 1
branch 22 taken 1 (fallthrough)
branch 23 taken 0 (throw)
        1:  104-block  6
call   24 returned 1
call   25 returned 1
branch 26 taken 1 (fallthrough)
branch 27 taken 0 (throw)
        1:  104-block  7
call   28 returned 1
call   29 returned 1
branch 30 taken 1 (fallthrough)
branch 31 taken 0 (throw)
        1:  104-block  8
call   32 returned 1
call   33 returned 1
branch 34 taken 1 (fallthrough)
branch 35 taken 0 (throw)
        1:  104-block  9
call   36 returned 1
call   37 returned 1
branch 38 taken 1 (fallthrough)
branch 39 taken 0 (throw)
        1:  104-block 10
call   40 returned 1
call   41 returned 1
branch 42 taken 1 (fallthrough)
branch 43 taken 0 (throw)
        1:  104-block 11
call   44 returned 1
call   45 returned 1
branch 46 taken 1 (fallthrough)
branch 47 taken 0 (throw)
       11:  104-block 12
call   48 returned 11
        1:  104-block 13
call   49 returned 1
call   50 returned 1
call   51 returned 1
call   52 returned 1
call   53 returned 1
call   54 returned 1
call   55 returned 1
call   56 returned 1
call   57 returned 1
call   58 returned 1
call   59 returned 1
    $$$$$:  104-block 14
    $$$$$:  104-block 15
    $$$$$:  104-block 16
call   60 never executed
    $$$$$:  104-block 17
    $$$$$:  104-block 18
    $$$$$:  104-block 19
    $$$$$:  104-block 20
    $$$$$:  104-block 21
    $$$$$:  104-block 22
    $$$$$:  104-block 23
    $$$$$:  104-block 24
    $$$$$:  104-block 25
    $$$$$:  104-block 26
    $$$$$:  104-block 27
    $$$$$:  104-block 28
       24:  105:	vector<vector<string> > out = {{"hola","aloh","laoh"},{"solo"},{"uno", "onu"},{"otro"}, {"varios", "rioasv", "saovir", "irvaos"}};
call    0 returned 1
call    1 returned 1
branch  2 taken 1 (fallthrough)
branch  3 taken 0 (throw)
        1:  105-block  0
call    4 returned 1
call    5 returned 1
branch  6 taken 1 (fallthrough)
branch  7 taken 0 (throw)
        1:  105-block  1
call    8 returned 1
call    9 returned 1
branch 10 taken 1 (fallthrough)
branch 11 taken 0 (throw)
        1:  105-block  2
call   12 returned 1
call   13 returned 1
branch 14 taken 1 (fallthrough)
branch 15 taken 0 (throw)
        1:  105-block  3
call   16 returned 1
call   17 returned 1
branch 18 taken 1 (fallthrough)
branch 19 taken 0 (throw)
        1:  105-block  4
call   20 returned 1
call   21 returned 1
branch 22 taken 1 (fallthrough)
branch 23 taken 0 (throw)
        1:  105-block  5
call   24 returned 1
call   25 returned 1
branch 26 taken 1 (fallthrough)
branch 27 taken 0 (throw)
        1:  105-block  6
call   28 returned 1
call   29 returned 1
branch 30 taken 1 (fallthrough)
branch 31 taken 0 (throw)
        1:  105-block  7
call   32 returned 1
call   33 returned 1
branch 34 taken 1 (fallthrough)
branch 35 taken 0 (throw)
        1:  105-block  8
call   36 returned 1
call   37 returned 1
branch 38 taken 1 (fallthrough)
branch 39 taken 0 (throw)
        1:  105-block  9
call   40 returned 1
call   41 returned 1
branch 42 taken 1 (fallthrough)
branch 43 taken 0 (throw)
        1:  105-block 10
call   44 returned 1
call   45 returned 1
branch 46 taken 1 (fallthrough)
branch 47 taken 0 (throw)
        1:  105-block 11
call   48 returned 1
call   49 returned 1
branch 50 taken 1 (fallthrough)
branch 51 taken 0 (throw)
        1:  105-block 12
call   52 returned 1
call   53 returned 1
branch 54 taken 1 (fallthrough)
branch 55 taken 0 (throw)
        1:  105-block 13
call   56 returned 1
call   57 returned 1
branch 58 taken 1 (fallthrough)
branch 59 taken 0 (throw)
        1:  105-block 14
call   60 returned 1
call   61 returned 1
branch 62 taken 1 (fallthrough)
branch 63 taken 0 (throw)
        1:  105-block 15
call   64 returned 1
call   65 returned 1
branch 66 taken 1 (fallthrough)
branch 67 taken 0 (throw)
        5:  105-block 16
call   68 returned 5
        1:  105-block 17
call   69 returned 1
        4:  105-block 18
call   70 returned 4
        1:  105-block 19
call   71 returned 1
call   72 returned 1
call   73 returned 1
call   74 returned 1
call   75 returned 1
        1:  105-block 20
call   76 returned 1
        1:  105-block 21
call   77 returned 1
call   78 returned 1
        2:  105-block 22
call   79 returned 2
        1:  105-block 23
call   80 returned 1
call   81 returned 1
call   82 returned 1
        1:  105-block 24
call   83 returned 1
        1:  105-block 25
call   84 returned 1
call   85 returned 1
        3:  105-block 26
call   86 returned 3
        1:  105-block 27
call   87 returned 1
call   88 returned 1
call   89 returned 1
    $$$$$:  105-block 28
    $$$$$:  105-block 29
    $$$$$:  105-block 30
call   90 never executed
    $$$$$:  105-block 31
    $$$$$:  105-block 32
    $$$$$:  105-block 33
    $$$$$:  105-block 34
call   91 never executed
    $$$$$:  105-block 35
    $$$$$:  105-block 36
    $$$$$:  105-block 37
    $$$$$:  105-block 38
    $$$$$:  105-block 39
    $$$$$:  105-block 40
    $$$$$:  105-block 41
    $$$$$:  105-block 42
call   92 never executed
    $$$$$:  105-block 43
    $$$$$:  105-block 44
    $$$$$:  105-block 45
    $$$$$:  105-block 46
    $$$$$:  105-block 47
call   93 never executed
    $$$$$:  105-block 48
    $$$$$:  105-block 49
    $$$$$:  105-block 50
    $$$$$:  105-block 51
    $$$$$:  105-block 52
    $$$$$:  105-block 53
call   94 never executed
    $$$$$:  105-block 54
    $$$$$:  105-block 55
    $$$$$:  105-block 56
    $$$$$:  105-block 57
    $$$$$:  105-block 58
call   95 never executed
    $$$$$:  105-block 59
    $$$$$:  105-block 60
    $$$$$:  105-block 61
    $$$$$:  105-block 62
       2*:  106:	ASSERT_EQ(out, agruparAnagramas(in));
call    0 returned 1
branch  1 taken 1 (fallthrough)
branch  2 taken 0 (throw)
        1:  106-block  0
call    3 returned 1
branch  4 taken 1 (fallthrough)
branch  5 taken 0 (throw)
        1:  106-block  1
call    6 returned 1
branch  7 taken 1 (fallthrough)
branch  8 taken 0 (throw)
call    9 returned 1
call   10 returned 1
branch 11 taken 0 (fallthrough)
branch 12 taken 1
    %%%%%:  106-block  2
call   13 never executed
branch 14 never executed
branch 15 never executed
    %%%%%:  106-block  3
call   16 never executed
branch 17 never executed
branch 18 never executed
    %%%%%:  106-block  4
call   19 never executed
branch 20 never executed
branch 21 never executed
    %%%%%:  106-block  5
call   22 never executed
branch 23 never executed
branch 24 never executed
    %%%%%:  106-block  6
call   25 never executed
call   26 never executed
        1:  106-block  7
        1:  106-block  8
call   27 returned 1
branch 28 taken 1 (fallthrough)
branch 29 taken 0
    $$$$$:  106-block  9
    $$$$$:  106-block 10
    $$$$$:  106-block 11
call   30 never executed
    $$$$$:  106-block 12
    $$$$$:  106-block 13
call   31 never executed
    $$$$$:  106-block 14
    $$$$$:  106-block 15
call   32 never executed
        1:  107:}
        1:  107-block  0
        1:  107-block  1
call    0 returned 1
branch  1 taken 1 (fallthrough)
branch  2 taken 0
        1:  107-block  2
        1:  107-block  3
call    3 returned 1
branch  4 taken 1 (fallthrough)
branch  5 taken 0
    $$$$$:  107-block  4
call    6 never executed
    $$$$$:  107-block  5
call    7 never executed
------------------
_ZN30agruparAnagramas_sinRepes_TestC1Ev:
function _ZN30agruparAnagramas_sinRepes_TestC1Ev called 1 returned 100% blocks executed 100%
        1:  103:TEST(agruparAnagramas, sinRepes) {
        1:  103-block  0
call    0 returned 1
------------------
        -:  108:
        2:  109:TEST(agruparAnagramas, conRepes) {
       16:  110:	vector<string> in = {"hola","aloh","laoh","solo","hola", "solo", "uno", "onu","otro", "varios", "rioasv", "saovir", "irvaos"};
       26:  111:	vector<vector<string> > out = {{"hola","aloh","laoh","hola"},{"solo", "solo"},{"uno", "onu"},{"otro"}, {"varios", "rioasv", "saovir", "irvaos"}};
       2*:  112:	ASSERT_EQ(out, agruparAnagramas(in));
        1:  113:}
------------------
_ZN30agruparAnagramas_conRepes_Test8TestBodyEv:
function _ZN30agruparAnagramas_conRepes_Test8TestBodyEv called 1 returned 100% blocks executed 46%
        1:  109:TEST(agruparAnagramas, conRepes) {
       16:  110:	vector<string> in = {"hola","aloh","laoh","solo","hola", "solo", "uno", "onu","otro", "varios", "rioasv", "saovir", "irvaos"};
        1:  110-block  0
call    0 returned 1
call    1 returned 1
branch  2 taken 1 (fallthrough)
branch  3 taken 0 (throw)
        1:  110-block  1
call    4 returned 1
call    5 returned 1
branch  6 taken 1 (fallthrough)
branch  7 taken 0 (throw)
        1:  110-block  2
call    8 returned 1
call    9 returned 1
branch 10 taken 1 (fallthrough)
branch 11 taken 0 (throw)
        1:  110-block  3
call   12 returned 1
call   13 returned 1
branch 14 taken 1 (fallthrough)
branch 15 taken 0 (throw)
        1:  110-block  4
call   16 returned 1
call   17 returned 1
branch 18 taken 1 (fallthrough)
branch 19 taken 0 (throw)
        1:  110-block  5
call   20 returned 1
call   21 returned 1
branch 22 taken 1 (fallthrough)
branch 23 taken 0 (throw)
        1:  110-block  6
call   24 returned 1
call   25 returned 1
branch 26 taken 1 (fallthrough)
branch 27 taken 0 (throw)
        1:  110-block  7
call   28 returned 1
call   29 returned 1
branch 30 taken 1 (fallthrough)
branch 31 taken 0 (throw)
        1:  110-block  8
call   32 returned 1
call   33 returned 1
branch 34 taken 1 (fallthrough)
branch 35 taken 0 (throw)
        1:  110-block  9
call   36 returned 1
call   37 returned 1
branch 38 taken 1 (fallthrough)
branch 39 taken 0 (throw)
        1:  110-block 10
call   40 returned 1
call   41 returned 1
branch 42 taken 1 (fallthrough)
branch 43 taken 0 (throw)
        1:  110-block 11
call   44 returned 1
call   45 returned 1
branch 46 taken 1 (fallthrough)
branch 47 taken 0 (throw)
        1:  110-block 12
call   48 returned 1
call   49 returned 1
branch 50 taken 1 (fallthrough)
branch 51 taken 0 (throw)
        1:  110-block 13
call   52 returned 1
call   53 returned 1
branch 54 taken 1 (fallthrough)
branch 55 taken 0 (throw)
       13:  110-block 14
call   56 returned 13
        1:  110-block 15
call   57 returned 1
call   58 returned 1
call   59 returned 1
call   60 returned 1
call   61 returned 1
call   62 returned 1
call   63 returned 1
call   64 returned 1
call   65 returned 1
call   66 returned 1
call   67 returned 1
call   68 returned 1
call   69 returned 1
    $$$$$:  110-block 16
    $$$$$:  110-block 17
    $$$$$:  110-block 18
call   70 never executed
    $$$$$:  110-block 19
    $$$$$:  110-block 20
    $$$$$:  110-block 21
    $$$$$:  110-block 22
    $$$$$:  110-block 23
    $$$$$:  110-block 24
    $$$$$:  110-block 25
    $$$$$:  110-block 26
    $$$$$:  110-block 27
    $$$$$:  110-block 28
    $$$$$:  110-block 29
    $$$$$:  110-block 30
    $$$$$:  110-block 31
    $$$$$:  110-block 32
       26:  111:	vector<vector<string> > out = {{"hola","aloh","laoh","hola"},{"solo", "solo"},{"uno", "onu"},{"otro"}, {"varios", "rioasv", "saovir", "irvaos"}};
call    0 returned 1
call    1 returned 1
branch  2 taken 1 (fallthrough)
branch  3 taken 0 (throw)
        1:  111-block  0
call    4 returned 1
call    5 returned 1
branch  6 taken 1 (fallthrough)
branch  7 taken 0 (throw)
        1:  111-block  1
call    8 returned 1
call    9 returned 1
branch 10 taken 1 (fallthrough)
branch 11 taken 0 (throw)
        1:  111-block  2
call   12 returned 1
call   13 returned 1
branch 14 taken 1 (fallthrough)
branch 15 taken 0 (throw)
        1:  111-block  3
call   16 returned 1
call   17 returned 1
branch 18 taken 1 (fallthrough)
branch 19 taken 0 (throw)
        1:  111-block  4
call   20 returned 1
call   21 returned 1
branch 22 taken 1 (fallthrough)
branch 23 taken 0 (throw)
        1:  111-block  5
call   24 returned 1
call   25 returned 1
branch 26 taken 1 (fallthrough)
branch 27 taken 0 (throw)
        1:  111-block  6
call   28 returned 1
call   29 returned 1
branch 30 taken 1 (fallthrough)
branch 31 taken 0 (throw)
        1:  111-block  7
call   32 returned 1
call   33 returned 1
branch 34 taken 1 (fallthrough)
branch 35 taken 0 (throw)
        1:  111-block  8
call   36 returned 1
call   37 returned 1
branch 38 taken 1 (fallthrough)
branch 39 taken 0 (throw)
        1:  111-block  9
call   40 returned 1
call   41 returned 1
branch 42 taken 1 (fallthrough)
branch 43 taken 0 (throw)
        1:  111-block 10
call   44 returned 1
call   45 returned 1
branch 46 taken 1 (fallthrough)
branch 47 taken 0 (throw)
        1:  111-block 11
call   48 returned 1
call   49 returned 1
branch 50 taken 1 (fallthrough)
branch 51 taken 0 (throw)
        1:  111-block 12
call   52 returned 1
call   53 returned 1
branch 54 taken 1 (fallthrough)
branch 55 taken 0 (throw)
        1:  111-block 13
call   56 returned 1
call   57 returned 1
branch 58 taken 1 (fallthrough)
branch 59 taken 0 (throw)
        1:  111-block 14
call   60 returned 1
call   61 returned 1
branch 62 taken 1 (fallthrough)
branch 63 taken 0 (throw)
        1:  111-block 15
call   64 returned 1
call   65 returned 1
branch 66 taken 1 (fallthrough)
branch 67 taken 0 (throw)
        1:  111-block 16
call   68 returned 1
call   69 returned 1
branch 70 taken 1 (fallthrough)
branch 71 taken 0 (throw)
        1:  111-block 17
call   72 returned 1
call   73 returned 1
branch 74 taken 1 (fallthrough)
branch 75 taken 0 (throw)
        5:  111-block 18
call   76 returned 5
        1:  111-block 19
call   77 returned 1
        4:  111-block 20
call   78 returned 4
        1:  111-block 21
call   79 returned 1
call   80 returned 1
call   81 returned 1
call   82 returned 1
call   83 returned 1
        1:  111-block 22
call   84 returned 1
        1:  111-block 23
call   85 returned 1
call   86 returned 1
        2:  111-block 24
call   87 returned 2
        1:  111-block 25
call   88 returned 1
call   89 returned 1
call   90 returned 1
        2:  111-block 26
call   91 returned 2
        1:  111-block 27
call   92 returned 1
call   93 returned 1
call   94 returned 1
        4:  111-block 28
call   95 returned 4
        1:  111-block 29
call   96 returned 1
call   97 returned 1
call   98 returned 1
call   99 returned 1
    $$$$$:  111-block 30
    $$$$$:  111-block 31
    $$$$$:  111-block 32
call   100 never executed
    $$$$$:  111-block 33
    $$$$$:  111-block 34
    $$$$$:  111-block 35
    $$$$$:  111-block 36
call   101 never executed
    $$$$$:  111-block 37
    $$$$$:  111-block 38
    $$$$$:  111-block 39
    $$$$$:  111-block 40
    $$$$$:  111-block 41
    $$$$$:  111-block 42
    $$$$$:  111-block 43
    $$$$$:  111-block 44
call   102 never executed
    $$$$$:  111-block 45
    $$$$$:  111-block 46
    $$$$$:  111-block 47
    $$$$$:  111-block 48
    $$$$$:  111-block 49
call   103 never executed
    $$$$$:  111-block 50
    $$$$$:  111-block 51
    $$$$$:  111-block 52
    $$$$$:  111-block 53
    $$$$$:  111-block 54
    $$$$$:  111-block 55
call   104 never executed
    $$$$$:  111-block 56
    $$$$$:  111-block 57
    $$$$$:  111-block 58
    $$$$$:  111-block 59
    $$$$$:  111-block 60
    $$$$$:  111-block 61
call   105 never executed
    $$$$$:  111-block 62
    $$$$$:  111-block 63
    $$$$$:  111-block 64
    $$$$$:  111-block 65
    $$$$$:  111-block 66
       2*:  112:	ASSERT_EQ(out, agruparAnagramas(in));
call    0 returned 1
branch  1 taken 1 (fallthrough)
branch  2 taken 0 (throw)
        1:  112-block  0
call    3 returned 1
branch  4 taken 1 (fallthrough)
branch  5 taken 0 (throw)
        1:  112-block  1
call    6 returned 1
branch  7 taken 1 (fallthrough)
branch  8 taken 0 (throw)
call    9 returned 1
call   10 returned 1
branch 11 taken 0 (fallthrough)
branch 12 taken 1
    %%%%%:  112-block  2
call   13 never executed
branch 14 never executed
branch 15 never executed
    %%%%%:  112-block  3
call   16 never executed
branch 17 never executed
branch 18 never executed
    %%%%%:  112-block  4
call   19 never executed
branch 20 never executed
branch 21 never executed
    %%%%%:  112-block  5
call   22 never executed
branch 23 never executed
branch 24 never executed
    %%%%%:  112-block  6
call   25 never executed
call   26 never executed
        1:  112-block  7
        1:  112-block  8
call   27 returned 1
branch 28 taken 1 (fallthrough)
branch 29 taken 0
    $$$$$:  112-block  9
    $$$$$:  112-block 10
    $$$$$:  112-block 11
call   30 never executed
    $$$$$:  112-block 12
    $$$$$:  112-block 13
call   31 never executed
    $$$$$:  112-block 14
    $$$$$:  112-block 15
call   32 never executed
        1:  113:}
        1:  113-block  0
        1:  113-block  1
call    0 returned 1
branch  1 taken 1 (fallthrough)
branch  2 taken 0
        1:  113-block  2
        1:  113-block  3
call    3 returned 1
branch  4 taken 1 (fallthrough)
branch  5 taken 0
    $$$$$:  113-block  4
call    6 never executed
    $$$$$:  113-block  5
call    7 never executed
------------------
_ZN30agruparAnagramas_conRepes_TestC1Ev:
function _ZN30agruparAnagramas_conRepes_TestC1Ev called 1 returned 100% blocks executed 100%
        1:  109:TEST(agruparAnagramas, conRepes) {
        1:  109-block  0
call    0 returned 1
------------------
        -:  114:
        2:  115:TEST(agruparAnagramas, enOrden) {
       14:  116:	vector<string> in = {"hola","rioasv", "laoh","solo","uno", "otro", "onu", "varios", "aloh", "saovir", "irvaos"};
       24:  117:	vector<vector<string> > out = {{"hola","laoh","aloh"}, {"rioasv","varios", "saovir", "irvaos"}, {"solo"}, {"uno", "onu"},{"otro"}};
       2*:  118:	ASSERT_EQ(out, agruparAnagramas(in));
        1:  119:}
------------------
_ZN29agruparAnagramas_enOrden_Test8TestBodyEv:
function _ZN29agruparAnagramas_enOrden_Test8TestBodyEv called 1 returned 100% blocks executed 46%
        1:  115:TEST(agruparAnagramas, enOrden) {
       14:  116:	vector<string> in = {"hola","rioasv", "laoh","solo","uno", "otro", "onu", "varios", "aloh", "saovir", "irvaos"};
        1:  116-block  0
call    0 returned 1
call    1 returned 1
branch  2 taken 1 (fallthrough)
branch  3 taken 0 (throw)
        1:  116-block  1
call    4 returned 1
call    5 returned 1
branch  6 taken 1 (fallthrough)
branch  7 taken 0 (throw)
        1:  116-block  2
call    8 returned 1
call    9 returned 1
branch 10 taken 1 (fallthrough)
branch 11 taken 0 (throw)
        1:  116-block  3
call   12 returned 1
call   13 returned 1
branch 14 taken 1 (fallthrough)
branch 15 taken 0 (throw)
        1:  116-block  4
call   16 returned 1
call   17 returned 1
branch 18 taken 1 (fallthrough)
branch 19 taken 0 (throw)
        1:  116-block  5
call   20 returned 1
call   21 returned 1
branch 22 taken 1 (fallthrough)
branch 23 taken 0 (throw)
        1:  116-block  6
call   24 returned 1
call   25 returned 1
branch 26 taken 1 (fallthrough)
branch 27 taken 0 (throw)
        1:  116-block  7
call   28 returned 1
call   29 returned 1
branch 30 taken 1 (fallthrough)
branch 31 taken 0 (throw)
        1:  116-block  8
call   32 returned 1
call   33 returned 1
branch 34 taken 1 (fallthrough)
branch 35 taken 0 (throw)
        1:  116-block  9
call   36 returned 1
call   37 returned 1
branch 38 taken 1 (fallthrough)
branch 39 taken 0 (throw)
        1:  116-block 10
call   40 returned 1
call   41 returned 1
[...]
        1:  309-block  0
call    0 returned 1
call    1 returned 1
branch  2 taken 1 (fallthrough)
branch  3 taken 0 (throw)
        1:  309-block  1
call    4 returned 1
call    5 returned 1
branch  6 taken 1 (fallthrough)
branch  7 taken 0 (throw)
        1:  309-block  2
call    8 returned 1
branch  9 taken 1 (fallthrough)
branch 10 taken 0 (throw)
        1:  309-block  3
call   11 returned 1
branch 12 taken 1 (fallthrough)
branch 13 taken 0 (throw)
        1:  309-block  4
call   14 returned 1
call   15 returned 1
call   16 returned 1
call   17 returned 1
call   18 returned 1
branch 19 taken 1 (fallthrough)
branch 20 taken 0
        1:  309-block  5
call   21 returned 1
branch 22 taken 1 (fallthrough)
branch 23 taken 0 (throw)
        1:  309-block  6
call   24 returned 1
branch 25 taken 1 (fallthrough)
branch 26 taken 0 (throw)
        1:  309-block  7
call   27 returned 1
branch 28 taken 1 (fallthrough)
branch 29 taken 0 (throw)
        1:  309-block  8
call   30 returned 1
branch 31 taken 1 (fallthrough)
branch 32 taken 0 (throw)
        1:  309-block  9
call   33 returned 1
call   34 returned 1
    %%%%%:  309-block 10
        1:  309-block 11
call   35 returned 1
branch 36 taken 0 (fallthrough)
branch 37 taken 1
    $$$$$:  309-block 12
    $$$$$:  309-block 13
    $$$$$:  309-block 14
    $$$$$:  309-block 15
    $$$$$:  309-block 16
    $$$$$:  309-block 17
    $$$$$:  309-block 18
call   38 never executed
    $$$$$:  309-block 19
    $$$$$:  309-block 20
call   39 never executed
    $$$$$:  309-block 21
    $$$$$:  309-block 22
call   40 never executed
        -:  310:}
------------------
_ZN20middleOut_test4_TestC1Ev:
function _ZN20middleOut_test4_TestC1Ev called 1 returned 100% blocks executed 100%
        1:  308:TEST(middleOut, test4){
        1:  308-block  0
call    0 returned 1
------------------
        -:  311:
        2:  312:TEST(middleOut, test5){
       1*:  313:    ASSERT_EQ(2, middleOut("aashd", "dasha"));
        -:  314:}
------------------
_ZN20middleOut_test5_Test8TestBodyEv:
function _ZN20middleOut_test5_Test8TestBodyEv called 1 returned 100% blocks executed 47%
        1:  312:TEST(middleOut, test5){
       1*:  313:    ASSERT_EQ(2, middleOut("aashd", "dasha"));
        1:  313-block  0
call    0 returned 1
call    1 returned 1
branch  2 taken 1 (fallthrough)
branch  3 taken 0 (throw)
        1:  313-block  1
call    4 returned 1
call    5 returned 1
branch  6 taken 1 (fallthrough)
branch  7 taken 0 (throw)
        1:  313-block  2
call    8 returned 1
branch  9 taken 1 (fallthrough)
branch 10 taken 0 (throw)
        1:  313-block  3
call   11 returned 1
branch 12 taken 1 (fallthrough)
branch 13 taken 0 (throw)
        1:  313-block  4
call   14 returned 1
call   15 returned 1
call   16 returned 1
call   17 returned 1
call   18 returned 1
branch 19 taken 1 (fallthrough)
branch 20 taken 0
        1:  313-block  5
call   21 returned 1
branch 22 taken 1 (fallthrough)
branch 23 taken 0 (throw)
        1:  313-block  6
call   24 returned 1
branch 25 taken 1 (fallthrough)
branch 26 taken 0 (throw)
        1:  313-block  7
call   27 returned 1
branch 28 taken 1 (fallthrough)
branch 29 taken 0 (throw)
        1:  313-block  8
call   30 returned 1
branch 31 taken 1 (fallthrough)
branch 32 taken 0 (throw)
        1:  313-block  9
call   33 returned 1
call   34 returned 1
    %%%%%:  313-block 10
        1:  313-block 11
call   35 returned 1
branch 36 taken 0 (fallthrough)
branch 37 taken 1
    $$$$$:  313-block 12
    $$$$$:  313-block 13
    $$$$$:  313-block 14
    $$$$$:  313-block 15
    $$$$$:  313-block 16
    $$$$$:  313-block 17
    $$$$$:  313-block 18
call   38 never executed
    $$$$$:  313-block 19
    $$$$$:  313-block 20
call   39 never executed
    $$$$$:  313-block 21
    $$$$$:  313-block 22
call   40 never executed
        -:  314:}
------------------
_ZN20middleOut_test5_TestC1Ev:
function _ZN20middleOut_test5_TestC1Ev called 1 returned 100% blocks executed 100%
        1:  312:TEST(middleOut, test5){
        1:  312-block  0
call    0 returned 1
------------------
        -:  315:
        2:  316:TEST(middleOut, test6){
       1*:  317:    ASSERT_EQ(3, middleOut("aahsd", "dasha"));
        -:  318:}
------------------
_ZN20middleOut_test6_Test8TestBodyEv:
function _ZN20middleOut_test6_Test8TestBodyEv called 1 returned 100% blocks executed 47%
        1:  316:TEST(middleOut, test6){
       1*:  317:    ASSERT_EQ(3, middleOut("aahsd", "dasha"));
        1:  317-block  0
call    0 returned 1
call    1 returned 1
branch  2 taken 1 (fallthrough)
branch  3 taken 0 (throw)
        1:  317-block  1
call    4 returned 1
call    5 returned 1
branch  6 taken 1 (fallthrough)
branch  7 taken 0 (throw)
        1:  317-block  2
call    8 returned 1
branch  9 taken 1 (fallthrough)
branch 10 taken 0 (throw)
        1:  317-block  3
call   11 returned 1
branch 12 taken 1 (fallthrough)
branch 13 taken 0 (throw)
        1:  317-block  4
call   14 returned 1
call   15 returned 1
call   16 returned 1
call   17 returned 1
call   18 returned 1
branch 19 taken 1 (fallthrough)
branch 20 taken 0
        1:  317-block  5
call   21 returned 1
branch 22 taken 1 (fallthrough)
branch 23 taken 0 (throw)
        1:  317-block  6
call   24 returned 1
branch 25 taken 1 (fallthrough)
branch 26 taken 0 (throw)
        1:  317-block  7
call   27 returned 1
branch 28 taken 1 (fallthrough)
branch 29 taken 0 (throw)
        1:  317-block  8
call   30 returned 1
branch 31 taken 1 (fallthrough)
branch 32 taken 0 (throw)
        1:  317-block  9
call   33 returned 1
call   34 returned 1
    %%%%%:  317-block 10
        1:  317-block 11
call   35 returned 1
branch 36 taken 0 (fallthrough)
branch 37 taken 1
    $$$$$:  317-block 12
    $$$$$:  317-block 13
    $$$$$:  317-block 14
    $$$$$:  317-block 15
    $$$$$:  317-block 16
    $$$$$:  317-block 17
    $$$$$:  317-block 18
call   38 never executed
    $$$$$:  317-block 19
    $$$$$:  317-block 20
call   39 never executed
    $$$$$:  317-block 21
    $$$$$:  317-block 22
call   40 never executed
        -:  318:}
------------------
_ZN20middleOut_test6_TestC1Ev:
function _ZN20middleOut_test6_TestC1Ev called 1 returned 100% blocks executed 100%
        1:  316:TEST(middleOut, test6){
        1:  316-block  0
call    0 returned 1
------------------
        -:  319:
        2:  320:TEST(middleOut, test7){
       1*:  321:    ASSERT_EQ(-1, middleOut("a", "z"));
        -:  322:}
------------------
_ZN20middleOut_test7_Test8TestBodyEv:
function _ZN20middleOut_test7_Test8TestBodyEv called 1 returned 100% blocks executed 47%
        1:  320:TEST(middleOut, test7){
       1*:  321:    ASSERT_EQ(-1, middleOut("a", "z"));
        1:  321-block  0
call    0 returned 1
call    1 returned 1
branch  2 taken 1 (fallthrough)
branch  3 taken 0 (throw)
        1:  321-block  1
call    4 returned 1
call    5 returned 1
branch  6 taken 1 (fallthrough)
branch  7 taken 0 (throw)
        1:  321-block  2
call    8 returned 1
branch  9 taken 1 (fallthrough)
branch 10 taken 0 (throw)
        1:  321-block  3
call   11 returned 1
branch 12 taken 1 (fallthrough)
branch 13 taken 0 (throw)
        1:  321-block  4
call   14 returned 1
call   15 returned 1
call   16 returned 1
call   17 returned 1
call   18 returned 1
branch 19 taken 1 (fallthrough)
branch 20 taken 0
        1:  321-block  5
call   21 returned 1
branch 22 taken 1 (fallthrough)
branch 23 taken 0 (throw)
        1:  321-block  6
call   24 returned 1
branch 25 taken 1 (fallthrough)
branch 26 taken 0 (throw)
        1:  321-block  7
call   27 returned 1
branch 28 taken 1 (fallthrough)
branch 29 taken 0 (throw)
        1:  321-block  8
call   30 returned 1
branch 31 taken 1 (fallthrough)
branch 32 taken 0 (throw)
        1:  321-block  9
call   33 returned 1
call   34 returned 1
    %%%%%:  321-block 10
        1:  321-block 11
call   35 returned 1
branch 36 taken 0 (fallthrough)
branch 37 taken 1
    $$$$$:  321-block 12
    $$$$$:  321-block 13
    $$$$$:  321-block 14
    $$$$$:  321-block 15
    $$$$$:  321-block 16
    $$$$$:  321-block 17
    $$$$$:  321-block 18
call   38 never executed
    $$$$$:  321-block 19
    $$$$$:  321-block 20
call   39 never executed
    $$$$$:  321-block 21
    $$$$$:  321-block 22
call   40 never executed
        -:  322:}
------------------
_ZN20middleOut_test7_TestC1Ev:
function _ZN20middleOut_test7_TestC1Ev called 1 returned 100% blocks executed 100%
        1:  320:TEST(middleOut, test7){
        1:  320-block  0
call    0 returned 1
------------------
        -:  323:
        2:  324:TEST(middleOut, test8){
       1*:  325:    ASSERT_EQ(3, middleOut("contest", "ntecost"));
        -:  326:}
------------------
_ZN20middleOut_test8_Test8TestBodyEv:
function _ZN20middleOut_test8_Test8TestBodyEv called 1 returned 100% blocks executed 47%
        1:  324:TEST(middleOut, test8){
       1*:  325:    ASSERT_EQ(3, middleOut("contest", "ntecost"));
        1:  325-block  0
call    0 returned 1
call    1 returned 1
branch  2 taken 1 (fallthrough)
branch  3 taken 0 (throw)
        1:  325-block  1
call    4 returned 1
call    5 returned 1
branch  6 taken 1 (fallthrough)
branch  7 taken 0 (throw)
        1:  325-block  2
call    8 returned 1
branch  9 taken 1 (fallthrough)
branch 10 taken 0 (throw)
        1:  325-block  3
call   11 returned 1
branch 12 taken 1 (fallthrough)
branch 13 taken 0 (throw)
        1:  325-block  4
call   14 returned 1
call   15 returned 1
call   16 returned 1
call   17 returned 1
call   18 returned 1
branch 19 taken 1 (fallthrough)
branch 20 taken 0
        1:  325-block  5
call   21 returned 1
branch 22 taken 1 (fallthrough)
branch 23 taken 0 (throw)
        1:  325-block  6
call   24 returned 1
branch 25 taken 1 (fallthrough)
branch 26 taken 0 (throw)
        1:  325-block  7
call   27 returned 1
branch 28 taken 1 (fallthrough)
branch 29 taken 0 (throw)
        1:  325-block  8
call   30 returned 1
branch 31 taken 1 (fallthrough)
branch 32 taken 0 (throw)
        1:  325-block  9
call   33 returned 1
call   34 returned 1
    %%%%%:  325-block 10
        1:  325-block 11
call   35 returned 1
branch 36 taken 0 (fallthrough)
branch 37 taken 1
    $$$$$:  325-block 12
    $$$$$:  325-block 13
    $$$$$:  325-block 14
    $$$$$:  325-block 15
    $$$$$:  325-block 16
    $$$$$:  325-block 17
    $$$$$:  325-block 18
call   38 never executed
    $$$$$:  325-block 19
    $$$$$:  325-block 20
call   39 never executed
    $$$$$:  325-block 21
    $$$$$:  325-block 22
call   40 never executed
        -:  326:}
------------------
_ZN20middleOut_test8_TestC1Ev:
function _ZN20middleOut_test8_TestC1Ev called 1 returned 100% blocks executed 100%
        1:  324:TEST(middleOut, test8){
        1:  324-block  0
call    0 returned 1
------------------
        -:  327:
        2:  328:TEST(middleOut, test9){
       1*:  329:    ASSERT_EQ(4, middleOut("contest", "nstteco"));
        -:  330:}
------------------
_ZN20middleOut_test9_Test8TestBodyEv:
function _ZN20middleOut_test9_Test8TestBodyEv called 1 returned 100% blocks executed 47%
        1:  328:TEST(middleOut, test9){
       1*:  329:    ASSERT_EQ(4, middleOut("contest", "nstteco"));
        1:  329-block  0
call    0 returned 1
call    1 returned 1
branch  2 taken 1 (fallthrough)
branch  3 taken 0 (throw)
        1:  329-block  1
call    4 returned 1
call    5 returned 1
branch  6 taken 1 (fallthrough)
branch  7 taken 0 (throw)
        1:  329-block  2
call    8 returned 1
branch  9 taken 1 (fallthrough)
branch 10 taken 0 (throw)
        1:  329-block  3
call   11 returned 1
branch 12 taken 1 (fallthrough)
branch 13 taken 0 (throw)
        1:  329-block  4
call   14 returned 1
call   15 returned 1
call   16 returned 1
call   17 returned 1
call   18 returned 1
branch 19 taken 1 (fallthrough)
branch 20 taken 0
        1:  329-block  5
call   21 returned 1
branch 22 taken 1 (fallthrough)
branch 23 taken 0 (throw)
        1:  329-block  6
call   24 returned 1
branch 25 taken 1 (fallthrough)
branch 26 taken 0 (throw)
        1:  329-block  7
call   27 returned 1
branch 28 taken 1 (fallthrough)
branch 29 taken 0 (throw)
        1:  329-block  8
call   30 returned 1
branch 31 taken 1 (fallthrough)
branch 32 taken 0 (throw)
        1:  329-block  9
call   33 returned 1
call   34 returned 1
    %%%%%:  329-block 10
        1:  329-block 11
call   35 returned 1
branch 36 taken 0 (fallthrough)
branch 37 taken 1
    $$$$$:  329-block 12
    $$$$$:  329-block 13
    $$$$$:  329-block 14
    $$$$$:  329-block 15
    $$$$$:  329-block 16
    $$$$$:  329-block 17
    $$$$$:  329-block 18
call   38 never executed
    $$$$$:  329-block 19
    $$$$$:  329-block 20
call   39 never executed
    $$$$$:  329-block 21
    $$$$$:  329-block 22
call   40 never executed
        -:  330:}
------------------
_ZN20middleOut_test9_TestC1Ev:
function _ZN20middleOut_test9_TestC1Ev called 1 returned 100% blocks executed 100%
        1:  328:TEST(middleOut, test9){
        1:  328-block  0
call    0 returned 1
------------------
        -:  331:
        2:  332:TEST(middleOut, test10){
       1*:  333:    ASSERT_EQ(4, middleOut("contest", "tnsteco"));
        -:  334:}
------------------
_ZN21middleOut_test10_Test8TestBodyEv:
function _ZN21middleOut_test10_Test8TestBodyEv called 1 returned 100% blocks executed 47%
        1:  332:TEST(middleOut, test10){
       1*:  333:    ASSERT_EQ(4, middleOut("contest", "tnsteco"));
        1:  333-block  0
call    0 returned 1
call    1 returned 1
branch  2 taken 1 (fallthrough)
branch  3 taken 0 (throw)
        1:  333-block  1
call    4 returned 1
call    5 returned 1
branch  6 taken 1 (fallthrough)
branch  7 taken 0 (throw)
        1:  333-block  2
call    8 returned 1
branch  9 taken 1 (fallthrough)
branch 10 taken 0 (throw)
        1:  333-block  3
call   11 returned 1
branch 12 taken 1 (fallthrough)
branch 13 taken 0 (throw)
        1:  333-block  4
call   14 returned 1
call   15 returned 1
call   16 returned 1
call   17 returned 1
call   18 returned 1
branch 19 taken 1 (fallthrough)
branch 20 taken 0
        1:  333-block  5
call   21 returned 1
branch 22 taken 1 (fallthrough)
branch 23 taken 0 (throw)
        1:  333-block  6
call   24 returned 1
branch 25 taken 1 (fallthrough)
branch 26 taken 0 (throw)
        1:  333-block  7
call   27 returned 1
branch 28 taken 1 (fallthrough)
branch 29 taken 0 (throw)
        1:  333-block  8
call   30 returned 1
branch 31 taken 1 (fallthrough)
branch 32 taken 0 (throw)
        1:  333-block  9
call   33 returned 1
call   34 returned 1
    %%%%%:  333-block 10
        1:  333-block 11
call   35 returned 1
branch 36 taken 0 (fallthrough)
branch 37 taken 1
    $$$$$:  333-block 12
    $$$$$:  333-block 13
    $$$$$:  333-block 14
    $$$$$:  333-block 15
    $$$$$:  333-block 16
    $$$$$:  333-block 17
    $$$$$:  333-block 18
call   38 never executed
    $$$$$:  333-block 19
    $$$$$:  333-block 20
call   39 never executed
    $$$$$:  333-block 21
    $$$$$:  333-block 22
call   40 never executed
        -:  334:}
------------------
_ZN21middleOut_test10_TestC1Ev:
function _ZN21middleOut_test10_TestC1Ev called 1 returned 100% blocks executed 100%
        1:  332:TEST(middleOut, test10){
        1:  332-block  0
call    0 returned 1
------------------
        -:  335:
        2:  336:TEST(middleOut, test11){
       1*:  337:    ASSERT_EQ(1, middleOut("contest", "cotestn"));
        -:  338:}
------------------
_ZN21middleOut_test11_Test8TestBodyEv:
function _ZN21middleOut_test11_Test8TestBodyEv called 1 returned 100% blocks executed 47%
        1:  336:TEST(middleOut, test11){
       1*:  337:    ASSERT_EQ(1, middleOut("contest", "cotestn"));
        1:  337-block  0
call    0 returned 1
call    1 returned 1
branch  2 taken 1 (fallthrough)
branch  3 taken 0 (throw)
        1:  337-block  1
call    4 returned 1
call    5 returned 1
branch  6 taken 1 (fallthrough)
branch  7 taken 0 (throw)
        1:  337-block  2
call    8 returned 1
branch  9 taken 1 (fallthrough)
branch 10 taken 0 (throw)
        1:  337-block  3
call   11 returned 1
branch 12 taken 1 (fallthrough)
branch 13 taken 0 (throw)
        1:  337-block  4
call   14 returned 1
call   15 returned 1
call   16 returned 1
call   17 returned 1
call   18 returned 1
branch 19 taken 1 (fallthrough)
branch 20 taken 0
        1:  337-block  5
call   21 returned 1
branch 22 taken 1 (fallthrough)
branch 23 taken 0 (throw)
        1:  337-block  6
call   24 returned 1
branch 25 taken 1 (fallthrough)
branch 26 taken 0 (throw)
        1:  337-block  7
call   27 returned 1
branch 28 taken 1 (fallthrough)
branch 29 taken 0 (throw)
        1:  337-block  8
call   30 returned 1
branch 31 taken 1 (fallthrough)
branch 32 taken 0 (throw)
        1:  337-block  9
call   33 returned 1
call   34 returned 1
    %%%%%:  337-block 10
        1:  337-block 11
call   35 returned 1
branch 36 taken 0 (fallthrough)
branch 37 taken 1
    $$$$$:  337-block 12
    $$$$$:  337-block 13
    $$$$$:  337-block 14
    $$$$$:  337-block 15
    $$$$$:  337-block 16
    $$$$$:  337-block 17
    $$$$$:  337-block 18
call   38 never executed
    $$$$$:  337-block 19
    $$$$$:  337-block 20
call   39 never executed
    $$$$$:  337-block 21
    $$$$$:  337-block 22
call   40 never executed
        -:  338:}
------------------
_ZN21middleOut_test11_TestC1Ev:
function _ZN21middleOut_test11_TestC1Ev called 1 returned 100% blocks executed 100%
        1:  336:TEST(middleOut, test11){
        1:  336-block  0
call    0 returned 1
------------------
        -:  339:
        2:  340:TEST(middleOut, test12){
       1*:  341:    ASSERT_EQ(0, middleOut("contest", "contest"));
        -:  342:}
------------------
_ZN21middleOut_test12_Test8TestBodyEv:
function _ZN21middleOut_test12_Test8TestBodyEv called 1 returned 100% blocks executed 37%
        1:  340:TEST(middleOut, test12){
       1*:  341:    ASSERT_EQ(0, middleOut("contest", "contest"));
        1:  341-block  0
call    0 returned 1
call    1 returned 1
branch  2 taken 1 (fallthrough)
branch  3 taken 0 (throw)
        1:  341-block  1
call    4 returned 1
call    5 returned 1
branch  6 taken 1 (fallthrough)
branch  7 taken 0 (throw)
        1:  341-block  2
call    8 returned 1
branch  9 taken 1 (fallthrough)
branch 10 taken 0 (throw)
        1:  341-block  3
call   11 returned 1
branch 12 taken 1 (fallthrough)
branch 13 taken 0 (throw)
        1:  341-block  4
call   14 returned 1
call   15 returned 1
call   16 returned 1
call   17 returned 1
call   18 returned 1
branch 19 taken 0 (fallthrough)
branch 20 taken 1
    %%%%%:  341-block  5
call   21 never executed
branch 22 never executed
branch 23 never executed
    %%%%%:  341-block  6
call   24 never executed
branch 25 never executed
branch 26 never executed
    %%%%%:  341-block  7
call   27 never executed
branch 28 never executed
branch 29 never executed
    %%%%%:  341-block  8
call   30 never executed
branch 31 never executed
branch 32 never executed
    %%%%%:  341-block  9
call   33 never executed
call   34 never executed
        1:  341-block 10
        1:  341-block 11
call   35 returned 1
branch 36 taken 1 (fallthrough)
branch 37 taken 0
    $$$$$:  341-block 12
    $$$$$:  341-block 13
    $$$$$:  341-block 14
    $$$$$:  341-block 15
    $$$$$:  341-block 16
    $$$$$:  341-block 17
    $$$$$:  341-block 18
call   38 never executed
    $$$$$:  341-block 19
    $$$$$:  341-block 20
call   39 never executed
    $$$$$:  341-block 21
    $$$$$:  341-block 22
call   40 never executed
        -:  342:}
------------------
_ZN21middleOut_test12_TestC1Ev:
function _ZN21middleOut_test12_TestC1Ev called 1 returned 100% blocks executed 100%
        1:  340:TEST(middleOut, test12){
        1:  340-block  0
call    0 returned 1
------------------
        -:  343:
        2:  344:TEST(middleOut, test13){
       1*:  345:    ASSERT_EQ(1, middleOut("ontestc", "contest"));
        -:  346:}
        -:  347:
        -:  348:
